<html>
<body>
<pre>
<h1>µVision Build Log</h1>
<h2>Tool Versions:</h2>
IDE-Version: ¦ÌVision V5.26.2.0
Copyright (C) 2018 ARM Ltd and ARM Germany GmbH. All rights reserved.
License Information: Yasin Zhang, UESTC, LIC=3UUSB-2N4K2-JPPZQ-NJBUQ-CTL5W-09328
 
Tool Versions:
Toolchain:       MDK-ARM Professional  Version: 5.26.2.0
Toolchain Path:  F:\software\keil\ARM\ARMCC\Bin
C Compiler:      Armcc.exe V5.06 update 6 (build 750)
Assembler:       Armasm.exe V5.06 update 6 (build 750)
Linker/Locator:  ArmLink.exe V5.06 update 6 (build 750)
Library Manager: ArmAr.exe V5.06 update 6 (build 750)
Hex Converter:   FromElf.exe V5.06 update 6 (build 750)
CPU DLL:         
Dialog DLL:      
Target DLL:      Segger\JL2CM3.dll V2.99.31.0
Dialog DLL:      TCM.DLL V1.36.1.0
 
<h2>Project:</h2>
F:\software\workspace\keil\itracker\nRF5_SDK_15.0.0_a53641a\itracker\ble_peripheral\itracker\pca10040\s132\arm5_no_packs\itracker.uvprojx
Project File Date:  11/08/2018

<h2>Output:</h2>
*** Using Compiler 'V5.06 update 6 (build 750)', folder: 'F:\software\keil\ARM\ARMCC\Bin'
Rebuild target 'itracker'
compiling public_key.c...
compiling gpio-board.c...
compiling utilities.c...
compiling gps.c...
compiling bsp_itracker.c...
..\..\..\..\..\Source\inc\rak_uart_gsm.h(125): warning:  #1295-D: Deprecated declaration gps_data_get - give arg types
  void gps_data_get();
..\..\..\..\..\Source\inc\rak_uart_gsm.h(126): warning:  #1295-D: Deprecated declaration gps_config - give arg types
  void gps_config();
..\..\..\..\..\Source\src\bsp_itracker.c(72): warning:  #223-D: function "Gsm_RingBuf" declared implicitly
  								Gsm_RingBuf(rx_data);		
..\..\..\..\..\Source\src\bsp_itracker.c(41): warning:  #177-D: variable "index"  was declared but never referenced
      static uint8_t index = 0;
..\..\..\..\..\Source\src\bsp_itracker.c(42): warning:  #177-D: variable "err_code"  was declared but never referenced
      uint32_t       err_code;
..\..\..\..\..\Source\src\bsp_itracker.c: 5 warnings, 0 errors
compiling board.c...
compiling rak_uart_gsm.c...
..\..\..\..\..\Source\inc\rak_uart_gsm.h(125): warning:  #1295-D: Deprecated declaration gps_data_get - give arg types
  void gps_data_get();
..\..\..\..\..\Source\inc\rak_uart_gsm.h(126): warning:  #1295-D: Deprecated declaration gps_config - give arg types
  void gps_config();
..\..\..\..\..\Source\src\rak_uart_gsm.c(95): warning:  #223-D: function "get_stamp" declared implicitly
      DPRINTF(LOG_DEBUG,"GMS_PowerUp\r\n");
..\..\..\..\..\Source\src\rak_uart_gsm.c(150): warning:  #177-D: variable "len"  was declared but never referenced
  	  char len[10] = {0};
..\..\..\..\..\Source\src\rak_uart_gsm.c(245): warning:  #177-D: variable "new_line"  was declared but never referenced
  		char new_line[3]={0};
..\..\..\..\..\Source\src\rak_uart_gsm.c(284): warning:  #223-D: function "malloc" declared implicitly
      cmd=(char *)malloc(GSM_GENER_CMD_LEN);
..\..\..\..\..\Source\src\rak_uart_gsm.c(292): warning:  #223-D: function "get_stamp" declared implicitly
              DPRINTF(LOG_DEBUG,"\r\n auto baud rety\r\n");
..\..\..\..\..\Source\src\rak_uart_gsm.c(300): warning:  #223-D: function "free" declared implicitly
          free(cmd);
..\..\..\..\..\Source\src\rak_uart_gsm.c(302): warning:  #223-D: function "get_stamp" declared implicitly
  		DPRINTF(LOG_DEBUG,"Gsm_AutoBaud retavl= %d\r\n",retavl);
..\..\..\..\..\Source\src\rak_uart_gsm.c(311): warning:  #223-D: function "malloc" declared implicitly
      cmd=(char*)malloc(GSM_GENER_CMD_LEN);
..\..\..\..\..\Source\src\rak_uart_gsm.c(321): warning:  #223-D: function "free" declared implicitly
          free(cmd);
..\..\..\..\..\Source\src\rak_uart_gsm.c(323): warning:  #223-D: function "get_stamp" declared implicitly
  	  DPRINTF(LOG_DEBUG,"Gsm_FixBaudCmd retavl= %d\r\n",retavl);
..\..\..\..\..\Source\src\rak_uart_gsm.c(333): warning:  #223-D: function "malloc" declared implicitly
      cmd=(char *)malloc(GSM_GENER_CMD_LEN);
..\..\..\..\..\Source\src\rak_uart_gsm.c(343): warning:  #223-D: function "free" declared implicitly
          free(cmd);
..\..\..\..\..\Source\src\rak_uart_gsm.c(345): warning:  #223-D: function "get_stamp" declared implicitly
  	  DPRINTF(LOG_DEBUG,"Gsm_SetEchoCmd retavl= %d\r\n",retavl);		
..\..\..\..\..\Source\src\rak_uart_gsm.c(355): warning:  #223-D: function "malloc" declared implicitly
      cmd=(char *)malloc(GSM_GENER_CMD_LEN);
..\..\..\..\..\Source\src\rak_uart_gsm.c(365): warning:  #223-D: function "get_stamp" declared implicitly
          DPRINTF(LOG_DEBUG,"Gsm_CheckSimCmd cmd= %s\r\n",cmd);	        
..\..\..\..\..\Source\src\rak_uart_gsm.c(379): warning:  #223-D: function "free" declared implicitly
          free(cmd);
..\..\..\..\..\Source\src\rak_uart_gsm.c(381): warning:  #223-D: function "get_stamp" declared implicitly
      DPRINTF(LOG_DEBUG,"Gsm_CheckSimCmd retavl= %d\r\n",retavl);	
..\..\..\..\..\Source\src\rak_uart_gsm.c(507): warning:  #167-D: argument of type "uint8_t *" is incompatible with parameter of type "char *"
      retavl=Gsm_WaitRspOK(GSM_RSP,GSM_GENER_CMD_TIMEOUT * 400,true);
..\..\..\..\..\Source\src\rak_uart_gsm.c(507): warning:  #69-D: integer conversion resulted in truncation
      retavl=Gsm_WaitRspOK(GSM_RSP,GSM_GENER_CMD_TIMEOUT * 400,true);
..\..\..\..\..\Source\src\rak_uart_gsm.c(512): warning:  #167-D: argument of type "uint8_t *" is incompatible with parameter of type "char *"
      retavl=Gsm_WaitRspOK(GSM_RSP,GSM_GENER_CMD_TIMEOUT * 40,true);
..\..\..\..\..\Source\src\rak_uart_gsm.c(517): warning:  #167-D: argument of type "uint8_t *" is incompatible with parameter of type "char *"
      retavl=Gsm_WaitRspOK(GSM_RSP,GSM_GENER_CMD_TIMEOUT * 4,true);
..\..\..\..\..\Source\src\rak_uart_gsm.c(522): warning:  #167-D: argument of type "uint8_t *" is incompatible with parameter of type "char *"
      retavl=Gsm_WaitRspOK(GSM_RSP,GSM_GENER_CMD_TIMEOUT * 40,true);
..\..\..\..\..\Source\src\rak_uart_gsm.c(527): warning:  #167-D: argument of type "uint8_t *" is incompatible with parameter of type "char *"
      retavl=Gsm_WaitRspOK(GSM_RSP,GSM_GENER_CMD_TIMEOUT * 40,true);
..\..\..\..\..\Source\src\rak_uart_gsm.c(532): warning:  #167-D: argument of type "uint8_t *" is incompatible with parameter of type "char *"
      retavl=Gsm_WaitRspOK(GSM_RSP,GSM_GENER_CMD_TIMEOUT * 40,true);
..\..\..\..\..\Source\src\rak_uart_gsm.c(537): warning:  #167-D: argument of type "uint8_t *" is incompatible with parameter of type "char *"
      retavl=Gsm_WaitRspOK(GSM_RSP,GSM_GENER_CMD_TIMEOUT * 40,true);
..\..\..\..\..\Source\src\rak_uart_gsm.c(542): warning:  #167-D: argument of type "uint8_t *" is incompatible with parameter of type "char *"
      retavl=Gsm_WaitRspOK(GSM_RSP,GSM_GENER_CMD_TIMEOUT * 40,true);
..\..\..\..\..\Source\src\rak_uart_gsm.c(543): warning:  #223-D: function "get_stamp" declared implicitly
  		DPRINTF(LOG_DEBUG,"AT+QISTATE GSM_RSP = %s\r\n",GSM_RSP);
..\..\..\..\..\Source\src\rak_uart_gsm.c(395): warning:  #550-D: variable "retavl"  was set but never used
      int retavl=-1;
..\..\..\..\..\Source\src\rak_uart_gsm.c(558): warning:  #223-D: function "get_stamp" declared implicitly
  		DPRINTF(LOG_DEBUG,"AT+QGPSCFG= retavl= %d\r\n",retavl);	
..\..\..\..\..\Source\src\rak_uart_gsm.c(565): warning:  #223-D: function "get_stamp" declared implicitly
  		DPRINTF(LOG_DEBUG,"AT+QGPS retavl= %d\r\n",retavl);	
..\..\..\..\..\Source\src\rak_uart_gsm.c(577): warning:  #167-D: argument of type "char *" is incompatible with parameter of type "int8_t *"
  	  GpsParseGpsData_2(RSP);
..\..\..\..\..\Source\src\rak_uart_gsm.c(590): warning:  #223-D: function "get_stamp" declared implicitly
  		DPRINTF(LOG_INFO, "%s", gps_data);
..\..\..\..\..\Source\src\rak_uart_gsm.c(571): warning:  #550-D: variable "retavl"  was set but never used
  		int retavl=-1;
..\..\..\..\..\Source\src\rak_uart_gsm.c(572): warning:  #177-D: variable "cmd_len"  was declared but never referenced
  		uint8_t cmd_len;
..\..\..\..\..\Source\src\rak_uart_gsm.c(604): warning:  #223-D: function "get_stamp" declared implicitly
  	DPRINTF(LOG_INFO, "+++++send gps data++++");
..\..\..\..\..\Source\src\rak_uart_gsm.c(614): warning:  #69-D: integer conversion resulted in truncation
    retavl=Gsm_WaitRspOK(NULL,GSM_GENER_CMD_TIMEOUT * 400,true);
..\..\..\..\..\Source\src\rak_uart_gsm.c(618): warning:  #69-D: integer conversion resulted in truncation
    retavl=Gsm_WaitRspOK(NULL,GSM_GENER_CMD_TIMEOUT * 400,true);	
..\..\..\..\..\Source\src\rak_uart_gsm.c(619): warning:  #223-D: function "get_stamp" declared implicitly
  	DPRINTF(LOG_DEBUG," gps_data send retavl= %d\r\n",retavl);	
..\..\..\..\..\Source\src\rak_uart_gsm.c(623): warning:  #223-D: function "get_stamp" declared implicitly
  	DPRINTF(LOG_INFO, "+++++send sensor data++++");
..\..\..\..\..\Source\src\rak_uart_gsm.c(630): warning:  #69-D: integer conversion resulted in truncation
    retavl=Gsm_WaitRspOK(NULL,GSM_GENER_CMD_TIMEOUT * 400,true);
..\..\..\..\..\Source\src\rak_uart_gsm.c(634): warning:  #69-D: integer conversion resulted in truncation
    retavl=Gsm_WaitRspOK(NULL,GSM_GENER_CMD_TIMEOUT * 400,true);
..\..\..\..\..\Source\src\rak_uart_gsm.c(635): warning:  #223-D: function "get_stamp" declared implicitly
  	DPRINTF(LOG_DEBUG," sensor_data send retavl= %d\r\n",retavl);	
..\..\..\..\..\Source\src\rak_uart_gsm.c(595): warning:  #177-D: variable "len"  was declared but never referenced
  	int len = 0;
..\..\..\..\..\Source\src\rak_uart_gsm.c(596): warning:  #177-D: variable "test"  was declared but never referenced
  	char *test = NULL;
..\..\..\..\..\Source\src\rak_uart_gsm.c(648): warning:  #223-D: function "vTaskDelay" declared implicitly
  	vTaskDelay(300);
..\..\..\..\..\Source\src\rak_uart_gsm.c(660): warning:  #223-D: function "get_stamp" declared implicitly
  			  DPRINTF(LOG_WARN,"check network timeout\r\n");
..\..\..\..\..\Source\src\rak_uart_gsm.c(667): warning:  #167-D: argument of type "uint8_t *" is incompatible with parameter of type "char *"
      retavl=Gsm_WaitRspOK(GSM_RSP,GSM_GENER_CMD_TIMEOUT * 4,true);
..\..\..\..\..\Source\src\rak_uart_gsm.c(670): warning:  #223-D: function "get_stamp" declared implicitly
  			DPRINTF(LOG_INFO ,"Wait +QNWINFO RSP!\n");
..\..\..\..\..\Source\src\rak_uart_gsm.c(671): warning:  #167-D: argument of type "uint8_t *" is incompatible with parameter of type "const char *"
  				if(NULL!=strstr(GSM_RSP,"+QNWINFO: \"EDGE\""))
..\..\..\..\..\Source\src\rak_uart_gsm.c(688): warning:  #167-D: argument of type "uint8_t *" is incompatible with parameter of type "char *"
      retavl=Gsm_WaitRspOK(GSM_RSP,GSM_GENER_CMD_TIMEOUT,true);
..\..\..\..\..\Source\src\rak_uart_gsm.c(691): warning:  #167-D: argument of type "uint8_t *" is incompatible with parameter of type "const char *"
  				if(NULL!=strstr(GSM_RSP,"Hologram"))
..\..\..\..\..\Source\src\rak_uart_gsm.c(704): warning:  #167-D: argument of type "uint8_t *" is incompatible with parameter of type "char *"
      retavl=Gsm_WaitRspOK(GSM_RSP,GSM_GENER_CMD_TIMEOUT,true);
..\..\..\..\..\Source\src\rak_uart_gsm.c(713): warning:  #223-D: function "get_stamp" declared implicitly
  		DPRINTF(LOG_INFO, "AT+QIACT=1\n");
..\..\..\..\..\Source\src\rak_uart_gsm.c(726): warning:  #167-D: argument of type "uint8_t *" is incompatible with parameter of type "char *"
  			retavl=Gsm_WaitRspOK(GSM_RSP,GSM_GENER_CMD_TIMEOUT,true);
..\..\..\..\..\Source\src\rak_uart_gsm.c(730): warning:  #167-D: argument of type "uint8_t *" is incompatible with parameter of type "const char *"
  					if(NULL!=strstr(GSM_RSP,"+QIACT: 1,1,1"))
..\..\..\..\..\Source\src\rak_uart_gsm.c(762): warning:  #167-D: argument of type "uint8_t *" is incompatible with parameter of type "char *"
      	retavl=Gsm_WaitRspOK(GSM_RSP,GSM_GENER_CMD_TIMEOUT,true);
..\..\..\..\..\Source\src\rak_uart_gsm.c(804): warning:  #223-D: function "get_stamp" declared implicitly
        DPRINTF(LOG_INFO, "------GSM_SEND_DATA\n");
..\..\..\..\..\Source\src\rak_uart_gsm.c(813): warning:  #167-D: argument of type "uint8_t *" is incompatible with parameter of type "char *"
      retavl=Gsm_WaitRspOK(GSM_RSP,GSM_GENER_CMD_TIMEOUT,true);
..\..\..\..\..\Source\src\rak_uart_gsm.c(816): warning:  #167-D: argument of type "uint8_t *" is incompatible with parameter of type "const char *"
  				if(NULL!=strstr(GSM_RSP,"SEND OK"))
..\..\..\..\..\Source\src\rak_uart_gsm.c(642): warning:  #177-D: variable "ret"  was declared but never referenced
  	int ret;
..\..\..\..\..\Source\src\rak_uart_gsm.c(643): warning:  #177-D: variable "cmd_len"  was declared but never referenced
  	int cmd_len;
..\..\..\..\..\Source\src\rak_uart_gsm.c(835): warning:  #223-D: function "malloc" declared implicitly
      cmd=(char *)malloc(GSM_GENER_CMD_LEN);
..\..\..\..\..\Source\src\rak_uart_gsm.c(863): warning:  #223-D: function "free" declared implicitly
          free(cmd);
..\..\..\..\..\Source\src\rak_uart_gsm.c(876): warning:  #223-D: function "malloc" declared implicitly
      cmd=(char *)malloc(GSM_GENER_CMD_LEN);
..\..\..\..\..\Source\src\rak_uart_gsm.c(895): warning:  #223-D: function "free" declared implicitly
          free(cmd);
..\..\..\..\..\Source\src\rak_uart_gsm.c(907): warning:  #223-D: function "malloc" declared implicitly
      cmd=(char *)malloc(GSM_GENER_CMD_LEN);
..\..\..\..\..\Source\src\rak_uart_gsm.c(918): warning:  #223-D: function "free" declared implicitly
          free(cmd);
..\..\..\..\..\Source\src\rak_uart_gsm.c(930): warning:  #223-D: function "malloc" declared implicitly
      cmd=(char *)malloc(GSM_GENER_CMD_LEN);
..\..\..\..\..\Source\src\rak_uart_gsm.c(941): warning:  #223-D: function "free" declared implicitly
          free(cmd);
..\..\..\..\..\Source\src\rak_uart_gsm.c(952): warning:  #223-D: function "malloc" declared implicitly
      cmd=(char *)malloc(GSM_GENER_CMD_LEN);
..\..\..\..\..\Source\src\rak_uart_gsm.c(963): warning:  #223-D: function "free" declared implicitly
          free(cmd);
..\..\..\..\..\Source\src\rak_uart_gsm.c(975): warning:  #223-D: function "malloc" declared implicitly
      cmd=(char *)malloc(GSM_GENER_CMD_LEN);
..\..\..\..\..\Source\src\rak_uart_gsm.c(996): warning:  #223-D: function "atoi" declared implicitly
                  retavl=atoi(cmd+2+strlen(GSM_GETRSSI_RSP_OK));
..\..\..\..\..\Source\src\rak_uart_gsm.c(1017): warning:  #223-D: function "free" declared implicitly
          free(cmd);
..\..\..\..\..\Source\src\rak_uart_gsm.c(1062): warning:  #223-D: function "get_stamp" declared implicitly
          DPRINTF(LOG_DEBUG,"\r\n  Fix baud\r\n");
..\..\..\..\..\Source\src\rak_uart_gsm.c(1125): warning:  #223-D: function "malloc" declared implicitly
      cmd=(char *)malloc(GSM_GENER_CMD_LEN);
..\..\..\..\..\Source\src\rak_uart_gsm.c(1144): warning:  #223-D: function "free" declared implicitly
          free(cmd);
..\..\..\..\..\Source\src\rak_uart_gsm.c(1159): warning:  #223-D: function "malloc" declared implicitly
      cmd=(char *)malloc(GSM_GENER_CMD_LEN);
..\..\..\..\..\Source\src\rak_uart_gsm.c(1166): warning:  #223-D: function "get_stamp" declared implicitly
  		DPRINTF(LOG_INFO, "cmd=%s\ncmd_len=%d", cmd, cmd_len);
..\..\..\..\..\Source\src\rak_uart_gsm.c(1167): warning:  #223-D: function "get_stamp" declared implicitly
  		DPRINTF(LOG_INFO, "data=%s\n", data);
..\..\..\..\..\Source\src\rak_uart_gsm.c(1172): warning:  #223-D: function "get_stamp" declared implicitly
          	DPRINTF(LOG_INFO, "GSM_SEND_DATA\n");
..\..\..\..\..\Source\src\rak_uart_gsm.c(1192): warning:  #223-D: function "free" declared implicitly
          free(cmd);
..\..\..\..\..\Source\src\rak_uart_gsm.c(1230): warning:  #223-D: function "malloc" declared implicitly
      cmd=(char *)malloc(GSM_GENER_CMD_LEN);
..\..\..\..\..\Source\src\rak_uart_gsm.c(1240): warning:  #223-D: function "free" declared implicitly
          free(cmd);
..\..\..\..\..\Source\src\rak_uart_gsm.c: 86 warnings, 0 errors
compiling main.c...
..\..\..\..\..\Source\inc\rak_uart_gsm.h(125): warning:  #1295-D: Deprecated declaration gps_data_get - give arg types
  void gps_data_get();
..\..\..\..\..\Source\inc\rak_uart_gsm.h(126): warning:  #1295-D: Deprecated declaration gps_config - give arg types
  void gps_config();
..\..\..\..\..\Source\inc\plugin\ble\bleMain.h(17): warning:  #1295-D: Deprecated declaration advertising_start - give arg types
  extern void advertising_start();
..\..\..\..\..\Source\inc\plugin\ble\bleMain.h(22): warning:  #1-D: last line of file ends without a newline
  #endif /* BLEMAIN_H */
..\..\..\..\..\Source\inc\plugin\sensor\sensorMain.h(22): warning:  #1295-D: Deprecated declaration sensors_init - give arg types
  void sensors_init();
..\..\..\..\..\Source\inc\plugin\sensor\sensorMain.h(23): warning:  #1295-D: Deprecated declaration start_collect_data - give arg types
  void start_collect_data();
..\..\..\..\..\Source\inc\plugin\sensor\sensorMain.h(24): warning:  #1295-D: Deprecated declaration sensor_collect_timer_handle - give arg types
  void sensor_collect_timer_handle();
..\..\..\..\..\Source\inc\plugin\sensor\sensorMain.h(29): warning:  #1-D: last line of file ends without a newline
  #endif /* SENSORMAIN_H */
..\..\..\..\..\Source\inc\plugin\dfu\dfuTask.h(19): warning:  #1-D: last line of file ends without a newline
  #endif /* DFUTASK_H */
..\..\..\main.c(114): warning:  #1295-D: Deprecated declaration Gsm_Gpio_Init - give arg types
  extern void Gsm_Gpio_Init();
..\..\..\main.c(115): warning:  #1295-D: Deprecated declaration Gsm_PowerUp - give arg types
  extern void Gsm_PowerUp();
..\..\..\main.c(138): warning:  #223-D: function "get_stamp" declared implicitly
      DPRINTF(LOG_INFO, "demo_timeout_handler\r\n");
..\..\..\main.c(140): warning:  #223-D: function "get_stamp" declared implicitly
      DPRINTF(LOG_INFO, "++++++++++++gps data++++++++++++\r\n");
..\..\..\main.c(142): warning:  #223-D: function "get_stamp" declared implicitly
      DPRINTF(LOG_INFO, "++++++++++++sensor data++++++++++++\r\n");
..\..\..\main.c(263): warning:  #223-D: function "get_stamp" declared implicitly
      DPRINTF(LOG_INFO,"check auto baud\r\n");
..\..\..\main.c(267): warning:  #223-D: function "get_stamp" declared implicitly
      DPRINTF(LOG_INFO,"set echo\r\n");
..\..\..\main.c(271): warning:  #223-D: function "get_stamp" declared implicitly
      DPRINTF(LOG_INFO,"check sim card\r\n");
..\..\..\main.c(281): warning:  #223-D: function "get_stamp" declared implicitly
              DPRINTF(LOG_WARN,"check sim card timeout\r\n");
..\..\..\main.c(286): warning:  #223-D: function "get_stamp" declared implicitly
  		DPRINTF(LOG_INFO,"Test with Hologram on China Telecom\r\n");
..\..\..\main.c(315): warning:  #223-D: function "get_stamp" declared implicitly
         DPRINTF(LOG_INFO, "\r\n-----http_buf malloc 256 fail!!!-----\r\n");
..\..\..\main.c(328): warning:  #223-D: function "get_stamp" declared implicitly
      DPRINTF(LOG_DEBUG, "%s", http_buf);
..\..\..\main.c(330): warning:  #223-D: function "get_stamp" declared implicitly
      DPRINTF(LOG_DEBUG, "%s", data);
..\..\..\main.c(332): warning:  #223-D: function "get_stamp" declared implicitly
        DPRINTF(LOG_ERROR, "Gsm_HttpPost send fail...\r\n");
..\..\..\main.c(352): warning:  #223-D: function "get_stamp" declared implicitly
         DPRINTF(LOG_INFO, "\r\n-----http_RecvBuf malloc 1024 fail!!!-----\r\n");
..\..\..\main.c(360): warning:  #223-D: function "get_stamp" declared implicitly
  				DPRINTF(LOG_DEBUG, "Gsm_HttpRsp response len=%d\r\n", read_len);
..\..\..\main.c(374): warning:  #177-D: variable "err_code"  was declared but never referenced
      uint32_t err_code;
..\..\..\main.c(375): warning:  #177-D: variable "erase_bonds"  was declared but never referenced
      bool erase_bonds;
..\..\..\main.c(376): warning:  #177-D: variable "ret"  was declared but never referenced
  	  int ret;
..\..\..\main.c(186): warning:  #177-D: function "power_manage"  was declared but never referenced
  static void power_manage(void)
..\..\..\main.c(225): warning:  #177-D: function "conn_params_error_handler"  was declared but never referenced
  static void conn_params_error_handler(uint32_t nrf_error)
..\..\..\main.c(235): warning:  #177-D: function "sleep_mode_enter"  was declared but never referenced
  static void sleep_mode_enter(void)
..\..\..\main.c: 31 warnings, 0 errors
compiling dfu.c...
..\..\..\..\..\Source\inc\rak_uart_gsm.h(125): warning:  #1295-D: Deprecated declaration gps_data_get - give arg types
  void gps_data_get();
..\..\..\..\..\Source\inc\rak_uart_gsm.h(126): warning:  #1295-D: Deprecated declaration gps_config - give arg types
  void gps_config();
..\..\..\..\..\Source\src\dfu.c(38): warning:  #47-D: incompatible redefinition of macro "NRF_LOG_MODULE_NAME"  (declared at line 89 of "..\..\..\..\..\..\components\libraries\experimental_log\src\nrf_log_internal.h")
  #define NRF_LOG_MODULE_NAME nrf_dfu_settings
..\..\..\..\..\Source\src\dfu.c(192): warning:  #223-D: function "delay_ms" declared implicitly
  			 delay_ms(100);
..\..\..\..\..\Source\src\dfu.c(197): warning:  #223-D: function "delay_ms" declared implicitly
  		delay_ms(10);
..\..\..\..\..\Source\src\dfu.c(211): warning:  #223-D: function "get_stamp" declared implicitly
          DPRINTF(LOG_INFO,"Handler: Invalid protocol buffer stream\r\n");
..\..\..\..\..\Source\src\dfu.c(214): warning:  #223-D: function "get_stamp" declared implicitly
      DPRINTF(LOG_INFO,"valid protocol buffer stream\r\n");
..\..\..\..\..\Source\src\dfu.c(230): warning:  #223-D: function "get_stamp" declared implicitly
  	  DPRINTF(LOG_INFO,"ptr = %X , len2 = %d \r\n", ptr,len2);
..\..\..\..\..\Source\src\dfu.c(266): warning:  #223-D: function "get_stamp" declared implicitly
      DPRINTF(LOG_INFO,"Image verified");
..\..\..\..\..\Source\src\dfu.c: 9 warnings, 0 errors
compiling boards.c...
compiling bsp_nfc.c...
compiling bsp.c...
compiling bsp_btn_ble.c...
compiling ble_advertising.c...
compiling ble_advdata.c...
compiling dfuTask.c...
..\..\..\..\..\Source\inc\rak_uart_gsm.h(125): warning:  #1295-D: Deprecated declaration gps_data_get - give arg types
  void gps_data_get();
..\..\..\..\..\Source\inc\rak_uart_gsm.h(126): warning:  #1295-D: Deprecated declaration gps_config - give arg types
  void gps_config();
..\..\..\..\..\Source\inc\plugin\dfu\dfuTask.h(19): warning:  #1-D: last line of file ends without a newline
  #endif /* DFUTASK_H */
..\..\..\..\..\Source\src\plugin\dfu\dfuTask.c(43): warning:  #223-D: function "Gsm_WaitRspOK" declared implicitly
  		Gsm_WaitRspOK(GSM_RSP,GSM_GENER_CMD_TIMEOUT * 4,true);
..\..\..\..\..\Source\src\plugin\dfu\dfuTask.c(45): warning:  #223-D: function "Gsm_print" declared implicitly
  		Gsm_print("AT+QIRD=11,1500");
..\..\..\..\..\Source\src\plugin\dfu\dfuTask.c(67): warning:  #223-D: function "get_stamp" declared implicitly
  			  DPRINTF(LOG_INFO, "Enter dfu task\r\n");	
..\..\..\..\..\Source\src\plugin\dfu\dfuTask.c(69): warning:  #223-D: function "get_stamp" declared implicitly
  				DPRINTF(LOG_INFO, "recieve GSM_RSP len = %d\r\n",strlen(GSM_RSP));
..\..\..\..\..\Source\src\plugin\dfu\dfuTask.c(70): warning:  #223-D: function "get_stamp" declared implicitly
  				DPRINTF(LOG_INFO, "recieve GSM_RSP  = %s\r\n",GSM_RSP);			
..\..\..\..\..\Source\src\plugin\dfu\dfuTask.c(73): warning:  #223-D: function "get_stamp" declared implicitly
  					DPRINTF(LOG_INFO, "update begin and stop other task\r\n");
..\..\..\..\..\Source\src\plugin\dfu\dfuTask.c(77): warning:  #223-D: function "nrf_sdh_disable_request" declared implicitly
            ret = nrf_sdh_disable_request();
..\..\..\..\..\Source\src\plugin\dfu\dfuTask.c(78): warning:  #223-D: function "delay_ms" declared implicitly
            delay_ms(2000);					
..\..\..\..\..\Source\src\plugin\dfu\dfuTask.c(79): warning:  #223-D: function "get_stamp" declared implicitly
  		      DPRINTF(LOG_INFO, "ret = %d\r\n",ret);
..\..\..\..\..\Source\src\plugin\dfu\dfuTask.c(89): warning:  #223-D: function "Gsm_print" declared implicitly
  					Gsm_print("AT+QISEND=11,22");
..\..\..\..\..\Source\src\plugin\dfu\dfuTask.c(91): warning:  #223-D: function "Gsm_WaitRspOK" declared implicitly
  			    Gsm_WaitRspOK(GSM_RSP,GSM_GENER_CMD_TIMEOUT*4,true);	
..\..\..\..\..\Source\src\plugin\dfu\dfuTask.c(101): warning:  #223-D: function "get_stamp" declared implicitly
  					DPRINTF(LOG_INFO, "begin to recieve signature\r\n");
..\..\..\..\..\Source\src\plugin\dfu\dfuTask.c(106): warning:  #223-D: function "get_stamp" declared implicitly
            DPRINTF(LOG_INFO, "begin to recieve init packet:\r\n"); 			
..\..\..\..\..\Source\src\plugin\dfu\dfuTask.c(107): warning:  #223-D: function "get_stamp" declared implicitly
            DPRINTF(LOG_INFO, "m_fw_veision = %d:\r\n",m_fw_veision); 
..\..\..\..\..\Source\src\plugin\dfu\dfuTask.c(108): warning:  #223-D: function "get_stamp" declared implicitly
            DPRINTF(LOG_INFO, "m_hw_version = %d:\r\n",m_hw_version); 					
..\..\..\..\..\Source\src\plugin\dfu\dfuTask.c(116): warning:  #223-D: function "Gsm_print" declared implicitly
  							Gsm_print("AT+QISEND=11,22");
..\..\..\..\..\Source\src\plugin\dfu\dfuTask.c(117): warning:  #223-D: function "Gsm_WaitRspOK" declared implicitly
  			        Gsm_WaitRspOK(NULL,GSM_GENER_CMD_TIMEOUT,true);	
..\..\..\..\..\Source\src\plugin\dfu\dfuTask.c(124): warning:  #223-D: function "Gsm_print" declared implicitly
  							Gsm_print("AT+QISEND=11,23");
..\..\..\..\..\Source\src\plugin\dfu\dfuTask.c(126): warning:  #223-D: function "Gsm_WaitRspOK" declared implicitly
  			        Gsm_WaitRspOK(GSM_RSP,GSM_GENER_CMD_TIMEOUT,true);	
..\..\..\..\..\Source\src\plugin\dfu\dfuTask.c(143): warning:  #223-D: function "get_stamp" declared implicitly
  							  DPRINTF(LOG_INFO, "begin to recieve bin\r\n");
..\..\..\..\..\Source\src\plugin\dfu\dfuTask.c(151): warning:  #223-D: function "atoi" declared implicitly
  							  image_len += atoi(len);
..\..\..\..\..\Source\src\plugin\dfu\dfuTask.c(167): warning:  #167-D: argument of type "char *" is incompatible with parameter of type "uint8_t *"
  							  firmware_copy(str,&GSM_RSP[j],flash_write_len);
..\..\..\..\..\Source\src\plugin\dfu\dfuTask.c(170): warning:  #223-D: function "get_stamp" declared implicitly
  								DPRINTF(LOG_INFO, "dfu have recieved %d packet\r\n",packet_num);
..\..\..\..\..\Source\src\plugin\dfu\dfuTask.c(174): warning:  #223-D: function "delay_ms" declared implicitly
  								delay_ms(100);
..\..\..\..\..\Source\src\plugin\dfu\dfuTask.c(176): warning:  #223-D: function "Gsm_print" declared implicitly
  							  Gsm_print("AT+QIRD=11,1500");
..\..\..\..\..\Source\src\plugin\dfu\dfuTask.c(178): warning:  #223-D: function "Gsm_WaitRspOK" declared implicitly
                  Gsm_WaitRspOK(GSM_RSP,GSM_GENER_CMD_TIMEOUT * 8,true);
..\..\..\..\..\Source\src\plugin\dfu\dfuTask.c(181): warning:  #223-D: function "get_stamp" declared implicitly
  								   DPRINTF(LOG_INFO, "packet recieve finish and reset\r\n");
..\..\..\..\..\Source\src\plugin\dfu\dfuTask.c(52): warning:  #177-D: variable "m_result_hash"  was declared but never referenced
  		static nrf_crypto_hash_sha256_digest_t m_result_hash;
..\..\..\..\..\Source\src\plugin\dfu\dfuTask.c(55): warning:  #177-D: variable "hash_len"  was declared but never referenced
  		size_t hash_len = NRF_CRYPTO_HASH_SIZE_SHA256;
..\..\..\..\..\Source\src\plugin\dfu\dfuTask.c(56): warning:  #177-D: variable "sign_len"  was declared but never referenced
  		size_t sign_len = NRF_CRYPTO_ECDSA_SECP256R1_SIGNATURE_SIZE;
..\..\..\..\..\Source\src\plugin\dfu\dfuTask.c(205): warning:  #1-D: last line of file ends without a newline
  } 
..\..\..\..\..\Source\src\plugin\dfu\dfuTask.c: 34 warnings, 0 errors
compiling ble_srv_common.c...
compiling ble_conn_state.c...
compiling ble_conn_params.c...
compiling nrf_ble_gatt.c...
compiling ble_link_ctx_manager.c...
compiling gatt_cache_manager.c...
compiling gatts_cache_manager.c...
compiling id_manager.c...
compiling pm_buffer.c...
compiling pm_mutex.c...
compiling peer_id.c...
compiling security_dispatcher.c...
compiling peer_data_storage.c...
compiling security_manager.c...
compiling peer_database.c...
compiling peer_manager.c...
compiling ble_nus.c...
compiling nrf_drv_clock.c...
compiling nrf_drv_spi.c...
compiling nrf_drv_twi.c...
compiling nrf_drv_uart.c...
compiling nrfx_twim.c...
compiling nrfx_rtc.c...
compiling nrfx_clock.c...
compiling nrfx_uarte.c...
compiling nrfx_uart.c...
compiling nrfx_gpiote.c...
compiling nrfx_prs.c...
compiling nrf_nvmc.c...
compiling nrfx_spim.c...
compiling app_button.c...
compiling app_error.c...
compiling hardfault_implementation.c...
compiling app_scheduler.c...
compiling app_util_platform.c...
compiling app_error_weak.c...
compiling app_fifo.c...
compiling app_uart_fifo.c...
compiling nrf_assert.c...
compiling nrf_atfifo.c...
compiling nrf_fprintf.c...
compiling nrf_memobj.c...
compiling nrf_fstorage.c...
compiling nrf_balloc.c...
compiling nrf_fprintf_format.c...
compiling nrf_strerror.c...
compiling nrf_section_iter.c...
compiling nrf_pwr_mgmt.c...
compiling retarget.c...
compiling app_error_handler_keil.c...
compiling nrf_atomic.c...
compiling sdk_mapped_flags.c...
compiling nrf_atflags.c...
compiling crc32.c...
compiling app_timer_freertos.c...
compiling fds.c...
compiling nrf_fstorage_sd.c...
compiling SEGGER_RTT_Syscalls_KEIL.c...
compiling nrf_log_default_backends.c...
compiling nrf_log_frontend.c...
compiling nrf_log_backend_rtt.c...
compiling nrf_log_backend_serial.c...
compiling nrf_log_str_formatter.c...
compiling SEGGER_RTT.c...
compiling SEGGER_RTT_printf.c...
compiling nrf_sdh_ble.c...
compiling nrf_sdh_soc.c...
compiling nrf_sdh.c...
compiling nrf_sdh_freertos.c...
compiling croutine.c...
compiling event_groups.c...
compiling list.c...
compiling queue.c...
compiling timers.c...
compiling dfu-cc.pb.c...
compiling port.c...
compiling heap_1.c...
compiling port_cmsis_systick.c...
compiling port_cmsis.c...
compiling tasks.c...
compiling nrf_crypto_shared.c...
compiling nrf_crypto_init.c...
compiling nrf_crypto_ecc.c...
compiling micro_ecc_backend_ecc.c...
compiling nrf_crypto_ecdsa.c...
compiling nrf_crypto_hash.c...
compiling pb_common.c...
compiling sensor_opt3001.c...
..\..\..\..\..\Source\src\sensor_opt3001.c(126): warning:  #223-D: function "sensorWriteReg" declared implicitly
    sensorWriteReg(REG_CONFIGURATION, (uint8_t *)&val, REGISTER_LENGTH);
..\..\..\..\..\Source\src\sensor_opt3001.c(144): warning:  #223-D: function "sensorReadReg" declared implicitly
    success = sensorReadReg(REG_CONFIGURATION, (uint8_t *)&val, REGISTER_LENGTH);
..\..\..\..\..\Source\src\sensor_opt3001.c(180): warning:  #223-D: function "sensorReadReg" declared implicitly
    success = sensorReadReg(REG_MANUFACTURER_ID, (uint8_t *)&val, REGISTER_LENGTH);
..\..\..\..\..\Source\src\sensor_opt3001.c(217): warning:  #223-D: function "sensorReadReg" declared implicitly
    success = sensorReadReg(REG_MANUFACTURER_ID, (uint8_t *)&val, REGISTER_LENGTH);
..\..\..\..\..\Source\src\sensor_opt3001.c: 4 warnings, 0 errors
compiling nrf_sw_backend_hash.c...
compiling pb_decode.c...
compiling micro_ecc_backend_ecdh.c...
compiling micro_ecc_backend_ecdsa.c...
compiling sha256.c...
compiling rak_spi_sensor.c...
compiling rak_i2c_sensor.c...
compiling lis3dh_driver.c...
..\..\..\..\..\Source\src\plugin\sensor\lis3dh_driver.c(46): warning:  #223-D: function "nrf_drv_lis3dh_read_reg" declared implicitly
  	if(nrf_drv_lis3dh_read_reg(Reg, Data) != 0) {
..\..\..\..\..\Source\src\plugin\sensor\lis3dh_driver.c(66): warning:  #223-D: function "nrf_drv_lis3dh_write_reg" declared implicitly
  	if(nrf_drv_lis3dh_write_reg(WriteAddr, Data) != 0) {
..\..\..\..\..\Source\src\plugin\sensor\lis3dh_driver.c(1639): warning:  #1-D: last line of file ends without a newline
  /******************* (C) COPYRIGHT 2012 STMicroelectronics *****END OF FILE****/
..\..\..\..\..\Source\src\plugin\sensor\lis3dh_driver.c: 3 warnings, 0 errors
compiling rak_spi_bme280.c...
..\..\..\..\..\Source\inc\rak_uart_gsm.h(125): warning:  #1295-D: Deprecated declaration gps_data_get - give arg types
  void gps_data_get();
..\..\..\..\..\Source\inc\rak_uart_gsm.h(126): warning:  #1295-D: Deprecated declaration gps_config - give arg types
  void gps_config();
..\..\..\..\..\Source\src\plugin\sensor\rak_spi_bme280.c(108): warning:  #223-D: function "double2str" declared implicitly
  				double2str(comp_data->temperature, 2, temp_buf);	
..\..\..\..\..\Source\src\plugin\sensor\rak_spi_bme280.c(112): warning:  #223-D: function "get_stamp" declared implicitly
  				DPRINTF(LOG_INFO, "%s, %s, %s\r\n",temp_buf, humidity_buf, press_buf);
..\..\..\..\..\Source\src\plugin\sensor\rak_spi_bme280.c(122): warning:  #177-D: variable "comp_data"  was declared but never referenced
  	struct bme280_data comp_data;
..\..\..\..\..\Source\src\plugin\sensor\rak_spi_bme280.c(166): warning:  #223-D: function "get_stamp" declared implicitly
      DPRINTF(LOG_INFO, "Temperature, Pressure, Humidity\r\n");
..\..\..\..\..\Source\src\plugin\sensor\rak_spi_bme280.c(175): warning:  #111-D: statement is unreachable
      return rslt;
..\..\..\..\..\Source\src\plugin\sensor\rak_spi_bme280.c(215): warning:  #940-D: missing return statement at end of non-void function "get_bme280_data" 
  }
..\..\..\..\..\Source\src\plugin\sensor\rak_spi_bme280.c(199): warning:  #550-D: variable "rslt"  was set but never used
  		int8_t rslt = BME280_OK;
..\..\..\..\..\Source\src\plugin\sensor\rak_spi_bme280.c: 9 warnings, 0 errors
compiling bleMain.c...
..\..\..\..\..\Source\inc\rak_uart_gsm.h(125): warning:  #1295-D: Deprecated declaration gps_data_get - give arg types
  void gps_data_get();
..\..\..\..\..\Source\inc\rak_uart_gsm.h(126): warning:  #1295-D: Deprecated declaration gps_config - give arg types
  void gps_config();
..\..\..\..\..\Source\inc\plugin\ble\bleMain.h(17): warning:  #1295-D: Deprecated declaration advertising_start - give arg types
  extern void advertising_start();
..\..\..\..\..\Source\inc\plugin\ble\bleMain.h(22): warning:  #1-D: last line of file ends without a newline
  #endif /* BLEMAIN_H */
..\..\..\..\..\Source\src\plugin\ble\bleMain.c(79): warning:  #1295-D: Deprecated declaration advertising_start - give arg types
  void advertising_start();
..\..\..\..\..\Source\src\plugin\ble\bleMain.c(388): warning:  #223-D: function "get_stamp" declared implicitly
  				DPRINTF(LOG_INFO, "Received data from BLE NUS %s", p_evt->params.rx_data.p_data);
..\..\..\..\..\Source\src\plugin\ble\bleMain.c(498): warning:  #140-D: too many arguments in function call
              advertising_start(&delete_bonds);
..\..\..\..\..\Source\src\plugin\ble\bleMain.c(536): warning:  #1-D: last line of file ends without a newline
  }
..\..\..\..\..\Source\src\plugin\ble\bleMain.c(57): warning:  #177-D: variable "m_adv_uuids"  was declared but never referenced
  static ble_uuid_t m_adv_uuids[]          =                                          /**< Universally unique service identifier. */
..\..\..\..\..\Source\src\plugin\ble\bleMain.c: 9 warnings, 0 errors
compiling lis2mdl_reg.c...
..\..\..\..\..\Source\src\plugin\sensor\lis2mdl_reg.c(944): warning:  #1-D: last line of file ends without a newline
  /************************ (C) COPYRIGHT STMicroelectronics *****END OF FILE****/
..\..\..\..\..\Source\src\plugin\sensor\lis2mdl_reg.c: 1 warning, 0 errors
compiling rak_i2c_opt3001.c...
..\..\..\..\..\Source\inc\rak_uart_gsm.h(125): warning:  #1295-D: Deprecated declaration gps_data_get - give arg types
  void gps_data_get();
..\..\..\..\..\Source\inc\rak_uart_gsm.h(126): warning:  #1295-D: Deprecated declaration gps_config - give arg types
  void gps_config();
..\..\..\..\..\Source\src\plugin\sensor\rak_i2c_opt3001.c(26): warning:  #188-D: enumerated type mixed with another type
         .frequency          = NRF_TWI_FREQ_400K,
..\..\..\..\..\Source\src\plugin\sensor\rak_i2c_opt3001.c(94): warning:  #223-D: function "opt3001_get_id" declared implicitly
  		ret = opt3001_get_id(&manufacture_id, &device_id);
..\..\..\..\..\Source\src\plugin\sensor\rak_i2c_opt3001.c(97): warning:  #223-D: function "get_stamp" declared implicitly
  				DPRINTF(LOG_INFO, "opt3001:manufacture_id=%x device_id=%x\r\n", manufacture_id, device_id);
..\..\..\..\..\Source\src\plugin\sensor\rak_i2c_opt3001.c(120): warning:  #940-D: missing return statement at end of non-void function "get_opt3001_data" 
  }
..\..\..\..\..\Source\src\plugin\sensor\rak_i2c_opt3001.c(108): warning:  #550-D: variable "ret"  was set but never used
  		int ret;
..\..\..\..\..\Source\src\plugin\sensor\rak_i2c_opt3001.c(125): warning:  #1-D: last line of file ends without a newline
  }
..\..\..\..\..\Source\src\plugin\sensor\rak_i2c_opt3001.c: 8 warnings, 0 errors
compiling bme280.c...
compiling mqtt_socket.c...
compiling mqtt_packet.c...
compiling mqtt_client.c...
compiling bio.c...
..\..\..\..\..\Source\WolfSSL\src\bio.c(24): warning:  #1215-D: #warning directive: bio.c does not need to be compiled seperatly from ssl.c
          #warning bio.c does not need to be compiled seperatly from ssl.c
..\..\..\..\..\Source\WolfSSL\src\bio.c: 1 warning, 0 errors
compiling rak_i2c_lis3dh.c...
..\..\..\..\..\Source\inc\rak_uart_gsm.h(125): warning:  #1295-D: Deprecated declaration gps_data_get - give arg types
  void gps_data_get();
..\..\..\..\..\Source\inc\rak_uart_gsm.h(126): warning:  #1295-D: Deprecated declaration gps_config - give arg types
  void gps_config();
..\..\..\..\..\Source\src\plugin\sensor\rak_i2c_lis3dh.c(22): warning:  #188-D: enumerated type mixed with another type
         .frequency          = NRF_TWI_FREQ_400K,
..\..\..\..\..\Source\src\plugin\sensor\rak_i2c_lis3dh.c(95): warning:  #223-D: function "get_stamp" declared implicitly
  			DPRINTF(LOG_INFO,"%s", "\n\rSET_ODR_OK    \n\r\0");
..\..\..\..\..\Source\src\plugin\sensor\rak_i2c_lis3dh.c(100): warning:  #223-D: function "get_stamp" declared implicitly
  			DPRINTF(LOG_INFO,"%s", "SET_MODE_OK     \n\r\0");
..\..\..\..\..\Source\src\plugin\sensor\rak_i2c_lis3dh.c(105): warning:  #223-D: function "get_stamp" declared implicitly
  			DPRINTF(LOG_INFO,"%s", "SET_FULLSCALE_OK\n\r\0");
..\..\..\..\..\Source\src\plugin\sensor\rak_i2c_lis3dh.c(110): warning:  #223-D: function "get_stamp" declared implicitly
  			DPRINTF(LOG_INFO,"%s", "SET_AXIS_OK     \n\r\0");
..\..\..\..\..\Source\src\plugin\sensor\rak_i2c_lis3dh.c(122): warning:  #223-D: function "get_stamp" declared implicitly
  		DPRINTF(LOG_INFO,"X=%6d Y=%6d Z=%6d \r\n", data.AXIS_X, data.AXIS_Y, data.AXIS_Z);
..\..\..\..\..\Source\src\plugin\sensor\rak_i2c_lis3dh.c(90): warning:  #550-D: variable "old_position"  was set but never used
  		uint8_t position=0, old_position=0;
..\..\..\..\..\Source\src\plugin\sensor\rak_i2c_lis3dh.c(147): warning:  #550-D: variable "old_position"  was set but never used
  		uint8_t position=0, old_position=0;
..\..\..\..\..\Source\src\plugin\sensor\rak_i2c_lis3dh.c: 10 warnings, 0 errors
compiling rak_i2c_lis2mdl.c...
..\..\..\..\..\Source\inc\rak_uart_gsm.h(125): warning:  #1295-D: Deprecated declaration gps_data_get - give arg types
  void gps_data_get();
..\..\..\..\..\Source\inc\rak_uart_gsm.h(126): warning:  #1295-D: Deprecated declaration gps_config - give arg types
  void gps_config();
..\..\..\..\..\Source\src\plugin\sensor\rak_i2c_lis2mdl.c(24): warning:  #188-D: enumerated type mixed with another type
         .frequency          = NRF_TWI_FREQ_400K,
..\..\..\..\..\Source\src\plugin\sensor\rak_i2c_lis2mdl.c(183): warning:  #223-D: function "get_stamp" declared implicitly
        DPRINTF(LOG_INFO, "%s", tx_buffer);
..\..\..\..\..\Source\src\plugin\sensor\rak_i2c_lis2mdl.c(192): warning:  #223-D: function "get_stamp" declared implicitly
  			DPRINTF(LOG_INFO, "%s", tx_buffer);
..\..\..\..\..\Source\src\plugin\sensor\rak_i2c_lis2mdl.c(200): warning:  #111-D: statement is unreachable
  	DPRINTF(LOG_INFO, "ok cnt=%d\n", cnt2);
..\..\..\..\..\Source\src\plugin\sensor\rak_i2c_lis2mdl.c(200): warning:  #223-D: function "get_stamp" declared implicitly
  	DPRINTF(LOG_INFO, "ok cnt=%d\n", cnt2);
..\..\..\..\..\Source\src\plugin\sensor\rak_i2c_lis2mdl.c(160): warning:  #177-D: variable "cnt"  was declared but never referenced
  	uint8_t cnt=30;
..\..\..\..\..\Source\src\plugin\sensor\rak_i2c_lis2mdl.c(207): warning:  #177-D: variable "data_raw_temperature"  was declared but never referenced
  	axis1bit16_t data_raw_temperature;
..\..\..\..\..\Source\src\plugin\sensor\rak_i2c_lis2mdl.c(208): warning:  #177-D: variable "magnetic_mG"  was declared but never referenced
  	float magnetic_mG[3];
..\..\..\..\..\Source\src\plugin\sensor\rak_i2c_lis2mdl.c(209): warning:  #177-D: variable "temperature_degC"  was declared but never referenced
  	float temperature_degC;
..\..\..\..\..\Source\src\plugin\sensor\rak_i2c_lis2mdl.c(250): warning:  #550-D: variable "valid"  was set but never used
  	uint8_t valid=0;
..\..\..\..\..\Source\src\plugin\sensor\rak_i2c_lis2mdl.c: 12 warnings, 0 errors
compiling mqttnet.c...
..\..\..\..\..\Source\WolfMQTT\net\mqttnet.c(156): error:  #70: incomplete type is not allowed
      SOCK_ADDR_IN addr;
..\..\..\..\..\Source\WolfMQTT\net\mqttnet.c(335): warning:  #231-D: declaration is not visible outside of function
  static void setup_timeout(struct timeval* tv, int timeout_ms)
..\..\..\..\..\Source\WolfMQTT\net\mqttnet.c(337): error:  #393: pointer to incomplete class type is not allowed
      tv->tv_sec = timeout_ms / 1000;
..\..\..\..\..\Source\WolfMQTT\net\mqttnet.c(338): error:  #393: pointer to incomplete class type is not allowed
      tv->tv_usec = (timeout_ms % 1000) * 1000;
..\..\..\..\..\Source\WolfMQTT\net\mqttnet.c(341): error:  #393: pointer to incomplete class type is not allowed
      if (tv->tv_sec < 0 || (tv->tv_sec == 0 && tv->tv_usec <= 0)) {
..\..\..\..\..\Source\WolfMQTT\net\mqttnet.c(341): error:  #393: pointer to incomplete class type is not allowed
      if (tv->tv_sec < 0 || (tv->tv_sec == 0 && tv->tv_usec <= 0)) {
..\..\..\..\..\Source\WolfMQTT\net\mqttnet.c(341): error:  #393: pointer to incomplete class type is not allowed
      if (tv->tv_sec < 0 || (tv->tv_sec == 0 && tv->tv_usec <= 0)) {
..\..\..\..\..\Source\WolfMQTT\net\mqttnet.c(342): error:  #393: pointer to incomplete class type is not allowed
          tv->tv_sec = 0;
..\..\..\..\..\Source\WolfMQTT\net\mqttnet.c(343): error:  #393: pointer to incomplete class type is not allowed
          tv->tv_usec = 100;
..\..\..\..\..\Source\WolfMQTT\net\mqttnet.c(374): error:  #20: identifier "SOCK_STREAM" is undefined
      int type = SOCK_STREAM;
..\..\..\..\..\Source\WolfMQTT\net\mqttnet.c(378): error:  #70: incomplete type is not allowed
      struct addrinfo hints;
..\..\..\..\..\Source\WolfMQTT\net\mqttnet.c(388): error:  #20: identifier "AF_INET" is undefined
              hints.ai_family = AF_INET;
..\..\..\..\..\Source\WolfMQTT\net\mqttnet.c(390): error:  #20: identifier "IPPROTO_TCP" is undefined
              hints.ai_protocol = IPPROTO_TCP;
..\..\..\..\..\Source\WolfMQTT\net\mqttnet.c(407): warning:  #223-D: function "getaddrinfo" declared implicitly
              rc = getaddrinfo(host, NULL, &hints, &result);
..\..\..\..\..\Source\WolfMQTT\net\mqttnet.c(413): error:  #393: pointer to incomplete class type is not allowed
                      if (res->ai_family == AF_INET) {
..\..\..\..\..\Source\WolfMQTT\net\mqttnet.c(417): error:  #393: pointer to incomplete class type is not allowed
                      res = res->ai_next;
..\..\..\..\..\Source\WolfMQTT\net\mqttnet.c(420): error:  #393: pointer to incomplete class type is not allowed
                  if (result->ai_family == AF_INET) {
..\..\..\..\..\Source\WolfMQTT\net\mqttnet.c(421): warning:  #223-D: function "htons" declared implicitly
                      sock->addr.sin_port = htons(port);
..\..\..\..\..\Source\WolfMQTT\net\mqttnet.c(424): error:  #393: pointer to incomplete class type is not allowed
                          ((SOCK_ADDR_IN*)(result->ai_addr))->sin_addr;
..\..\..\..\..\Source\WolfMQTT\net\mqttnet.c(430): warning:  #223-D: function "freeaddrinfo" declared implicitly
                  freeaddrinfo(result);
..\..\..\..\..\Source\WolfMQTT\net\mqttnet.c(439): warning:  #223-D: function "socket" declared implicitly
              sock->fd = socket(sock->addr.sin_family, type, 0);
..\..\..\..\..\Source\WolfMQTT\net\mqttnet.c(451): error:  #20: identifier "fd_set" is undefined
              fd_set fdset;
..\..\..\..\..\Source\WolfMQTT\net\mqttnet.c(452): error:  #70: incomplete type is not allowed
              struct timeval tv;
..\..\..\..\..\Source\WolfMQTT\net\mqttnet.c(456): warning:  #223-D: function "FD_ZERO" declared implicitly
              FD_ZERO(&fdset);
..\..\..\..\..\Source\WolfMQTT\net\mqttnet.c(457): warning:  #223-D: function "FD_SET" declared implicitly
              FD_SET(sock->fd, &fdset);
..\..\..\..\..\Source\WolfMQTT\net\mqttnet.c(466): warning:  #223-D: function "connect" declared implicitly
              rc = connect(sock->fd, (struct sockaddr*)&sock->addr, sizeof(sock->addr));
..\..\..\..\..\Source\WolfMQTT\net\mqttnet.c(472): warning:  #223-D: function "select" declared implicitly
              if (rc < 0 || select((int)SELECT_FD(sock->fd), NULL, &fdset, NULL, &tv) > 0)
..\..\..\..\..\Source\WolfMQTT\net\mqttnet.c(484): error:  #20: identifier "socklen_t" is undefined
                  socklen_t len = sizeof(so_error);
..\..\..\..\..\Source\WolfMQTT\net\mqttnet.c(485): warning:  #223-D: function "getsockopt" declared implicitly
                  getsockopt(sock->fd, SOL_SOCKET, SO_ERROR, &so_error, &len);
..\..\..\..\..\Source\WolfMQTT\net\mqttnet.c(485): error:  #20: identifier "SOL_SOCKET" is undefined
                  getsockopt(sock->fd, SOL_SOCKET, SO_ERROR, &so_error, &len);
..\..\..\..\..\Source\WolfMQTT\net\mqttnet.c(485): error:  #20: identifier "SO_ERROR" is undefined
                  getsockopt(sock->fd, SOL_SOCKET, SO_ERROR, &so_error, &len);
..\..\..\..\..\Source\WolfMQTT\net\mqttnet.c(521): error:  #70: incomplete type is not allowed
      struct timeval tv;
..\..\..\..\..\Source\WolfMQTT\net\mqttnet.c(531): warning:  #223-D: function "setsockopt" declared implicitly
      setsockopt(sock->fd, SOL_SOCKET, SO_SNDTIMEO, (char *)&tv, sizeof(tv));
..\..\..\..\..\Source\WolfMQTT\net\mqttnet.c(531): error:  #20: identifier "SOL_SOCKET" is undefined
      setsockopt(sock->fd, SOL_SOCKET, SO_SNDTIMEO, (char *)&tv, sizeof(tv));
..\..\..\..\..\Source\WolfMQTT\net\mqttnet.c(531): error:  #20: identifier "SO_SNDTIMEO" is undefined
      setsockopt(sock->fd, SOL_SOCKET, SO_SNDTIMEO, (char *)&tv, sizeof(tv));
..\..\..\..\..\Source\WolfMQTT\net\mqttnet.c(534): warning:  #223-D: function "send" declared implicitly
      rc = (int)SOCK_SEND(sock->fd, buf, buf_len, 0);
..\..\..\..\..\Source\WolfMQTT\net\mqttnet.c(537): error:  #20: identifier "socklen_t" is undefined
          socklen_t len = sizeof(so_error);
..\..\..\..\..\Source\WolfMQTT\net\mqttnet.c(538): warning:  #223-D: function "getsockopt" declared implicitly
          getsockopt(sock->fd, SOL_SOCKET, SO_ERROR, &so_error, &len);
..\..\..\..\..\Source\WolfMQTT\net\mqttnet.c(538): error:  #20: identifier "SO_ERROR" is undefined
          getsockopt(sock->fd, SOL_SOCKET, SO_ERROR, &so_error, &len);
..\..\..\..\..\Source\WolfMQTT\net\mqttnet.c(565): error:  #20: identifier "fd_set" is undefined
      fd_set recvfds;
..\..\..\..\..\Source\WolfMQTT\net\mqttnet.c(566): error:  #20: identifier "fd_set" is undefined
      fd_set errfds;
..\..\..\..\..\Source\WolfMQTT\net\mqttnet.c(567): error:  #70: incomplete type is not allowed
      struct timeval tv;
..\..\..\..\..\Source\WolfMQTT\net\mqttnet.c(579): warning:  #223-D: function "FD_ZERO" declared implicitly
      FD_ZERO(&recvfds);
..\..\..\..\..\Source\WolfMQTT\net\mqttnet.c(580): warning:  #223-D: function "FD_SET" declared implicitly
      FD_SET(sock->fd, &recvfds);
..\..\..\..\..\Source\WolfMQTT\net\mqttnet.c(597): warning:  #223-D: function "select" declared implicitly
          rc = select((int)SELECT_FD(sock->fd), &recvfds, NULL, &errfds, &tv);
..\..\..\..\..\Source\WolfMQTT\net\mqttnet.c(601): warning:  #223-D: function "FD_ISSET" declared implicitly
              if (FD_ISSET(sock->fd, &recvfds)) {
..\..\..\..\..\Source\WolfMQTT\net\mqttnet.c(606): warning:  #223-D: function "recv" declared implicitly
                  rc = (int)SOCK_RECV(sock->fd,
..\..\..\..\..\Source\WolfMQTT\net\mqttnet.c(625): warning:  #223-D: function "FD_ISSET" declared implicitly
              if (FD_ISSET(sock->fd, &errfds)) {
..\..\..\..\..\Source\WolfMQTT\net\mqttnet.c(647): error:  #20: identifier "socklen_t" is undefined
          socklen_t len = sizeof(so_error);
..\..\..\..\..\Source\WolfMQTT\net\mqttnet.c: 19 warnings, 30 errors
compiling MqttFreeRTOSTcp.c...
..\..\..\..\..\..\itracker\Source\lib\micro-ecc\types.h(59): warning:  #161-D: unrecognized #pragma
      #pragma message ("uECC_WORD_SIZE must be 4 for ARM")
..\..\..\..\..\Source\WolfSSL\wolfssl\wolfcrypt\logging.h(93): error:  #77-D: this declaration has no storage class or type specifier
  WOLFSSL_API int wolfSSL_SetLoggingCb(wolfSSL_Logging_cb log_function);
..\..\..\..\..\Source\WolfSSL\wolfssl\wolfcrypt\logging.h(93): error:  #65: expected a ";"
  WOLFSSL_API int wolfSSL_SetLoggingCb(wolfSSL_Logging_cb log_function);
..\..\..\..\..\Source\WolfSSL\wolfssl\wolfcrypt\logging.h(96): error:  #77-D: this declaration has no storage class or type specifier
  WOLFSSL_API int  wolfSSL_Debugging_ON(void);
..\..\..\..\..\Source\WolfSSL\wolfssl\wolfcrypt\logging.h(96): error:  #65: expected a ";"
  WOLFSSL_API int  wolfSSL_Debugging_ON(void);
..\..\..\..\..\Source\WolfSSL\wolfssl\wolfcrypt\logging.h(98): error:  #77-D: this declaration has no storage class or type specifier
  WOLFSSL_API void wolfSSL_Debugging_OFF(void);
..\..\..\..\..\Source\WolfSSL\wolfssl\wolfcrypt\logging.h(98): error:  #65: expected a ";"
  WOLFSSL_API void wolfSSL_Debugging_OFF(void);
..\..\..\..\..\Source\WolfSSL\wolfssl\wolfcrypt\asn_public.h(352): error:  #77-D: this declaration has no storage class or type specifier
  WOLFSSL_API int wc_GetDateInfo(const byte* certDate, int certDateSz, 
..\..\..\..\..\Source\WolfSSL\wolfssl\wolfcrypt\asn_public.h(352): error:  #65: expected a ";"
  WOLFSSL_API int wc_GetDateInfo(const byte* certDate, int certDateSz, 
..\..\..\..\..\Source\WolfSSL\wolfssl\wolfcrypt\asn_public.h(361): error:  #77-D: this declaration has no storage class or type specifier
      WOLFSSL_API int wc_PemGetHeaderFooter(int type, const char** header, 
..\..\..\..\..\Source\WolfSSL\wolfssl\wolfcrypt\asn_public.h(361): error:  #65: expected a ";"
      WOLFSSL_API int wc_PemGetHeaderFooter(int type, const char** header, 
..\..\..\..\..\Source\WolfSSL\wolfssl\wolfcrypt\asn_public.h(367): error:  #77-D: this declaration has no storage class or type specifier
      WOLFSSL_API int wc_PemToDer(const unsigned char* buff, long longSz, int type,
..\..\..\..\..\Source\WolfSSL\wolfssl\wolfcrypt\asn_public.h(367): error:  #65: expected a ";"
      WOLFSSL_API int wc_PemToDer(const unsigned char* buff, long longSz, int type,
..\..\..\..\..\Source\WolfSSL\wolfssl\wolfcrypt\asn_public.h(370): error:  #77-D: this declaration has no storage class or type specifier
      WOLFSSL_API int wc_KeyPemToDer(const unsigned char*, int,
..\..\..\..\..\Source\WolfSSL\wolfssl\wolfcrypt\asn_public.h(370): error:  #65: expected a ";"
      WOLFSSL_API int wc_KeyPemToDer(const unsigned char*, int,
..\..\..\..\..\Source\WolfSSL\wolfssl\wolfcrypt\asn_public.h(372): error:  #77-D: this declaration has no storage class or type specifier
      WOLFSSL_API int wc_CertPemToDer(const unsigned char*, int,
..\..\..\..\..\Source\WolfSSL\wolfssl\wolfcrypt\asn_public.h(372): error:  #65: expected a ";"
      WOLFSSL_API int wc_CertPemToDer(const unsigned char*, int,
..\..\..\..\..\Source\WolfSSL\wolfssl\wolfcrypt\asn_public.h(402): error:  #77-D: this declaration has no storage class or type specifier
      WOLFSSL_API int wc_EccPrivateKeyDecode(const byte*, word32*,
..\..\..\..\..\Source\WolfSSL\wolfssl\wolfcrypt\asn_public.h(402): error:  #65: expected a ";"
      WOLFSSL_API int wc_EccPrivateKeyDecode(const byte*, word32*,
..\..\..\..\..\Source\WolfSSL\wolfssl\wolfcrypt\asn_public.h(404): error:  #77-D: this declaration has no storage class or type specifier
      WOLFSSL_API int wc_EccKeyToDer(ecc_key*, byte* output, word32 inLen);
..\..\..\..\..\Source\WolfSSL\wolfssl\wolfcrypt\asn_public.h(404): error:  #65: expected a ";"
      WOLFSSL_API int wc_EccKeyToDer(ecc_key*, byte* output, word32 inLen);
..\..\..\..\..\Source\WolfSSL\wolfssl\wolfcrypt\asn_public.h(405): error:  #77-D: this declaration has no storage class or type specifier
      WOLFSSL_API int wc_EccPrivateKeyToDer(ecc_key* key, byte* output,
..\..\..\..\..\Source\WolfSSL\wolfssl\wolfcrypt\asn_public.h(405): error:  #65: expected a ";"
      WOLFSSL_API int wc_EccPrivateKeyToDer(ecc_key* key, byte* output,
..\..\..\..\..\Source\WolfSSL\wolfssl\wolfcrypt\asn_public.h(407): error:  #77-D: this declaration has no storage class or type specifier
      WOLFSSL_API int wc_EccPrivateKeyToPKCS8(ecc_key* key, byte* output,
..\..\..\..\..\Source\WolfSSL\wolfssl\wolfcrypt\asn_public.h(407): error:  #65: expected a ";"
      WOLFSSL_API int wc_EccPrivateKeyToPKCS8(ecc_key* key, byte* output,
..\..\..\..\..\Source\WolfSSL\wolfssl\wolfcrypt\asn_public.h(411): error:  #77-D: this declaration has no storage class or type specifier
      WOLFSSL_API int wc_EccPublicKeyDecode(const byte*, word32*,
..\..\..\..\..\Source\WolfSSL\wolfssl\wolfcrypt\asn_public.h(411): error:  #65: expected a ";"
      WOLFSSL_API int wc_EccPublicKeyDecode(const byte*, word32*,
..\..\..\..\..\Source\WolfSSL\wolfssl\wolfcrypt\asn_public.h(413): error:  #77-D: this declaration has no storage class or type specifier
      WOLFSSL_API int wc_EccPublicKeyToDer(ecc_key*, byte* output,
..\..\..\..\..\Source\WolfSSL\wolfssl\wolfcrypt\asn_public.h(413): error:  #65: expected a ";"
      WOLFSSL_API int wc_EccPublicKeyToDer(ecc_key*, byte* output,
..\..\..\..\..\Source\WolfSSL\wolfssl\wolfcrypt\asn_public.h(436): error:  #757: variable "WOLFSSL_API"  is not a type name
  WOLFSSL_API word32 wc_EncodeSignature(byte* out, const byte* digest,
..\..\..\..\..\Source\WolfSSL\wolfssl\wolfcrypt\asn_public.h(436): error:  #101: "word32" has already been declared in the current scope
  WOLFSSL_API word32 wc_EncodeSignature(byte* out, const byte* digest,
..\..\..\..\..\Source\WolfMQTT\MqttFreeRTOSTcp.c: 1 warning, 30 errors
compiling keys.c...
..\..\..\..\..\..\itracker\Source\lib\micro-ecc\types.h(59): warning:  #161-D: unrecognized #pragma
      #pragma message ("uECC_WORD_SIZE must be 4 for ARM")
..\..\..\..\..\Source\WolfSSL\wolfssl\wolfcrypt\logging.h(93): error:  #77-D: this declaration has no storage class or type specifier
  WOLFSSL_API int wolfSSL_SetLoggingCb(wolfSSL_Logging_cb log_function);
..\..\..\..\..\Source\WolfSSL\wolfssl\wolfcrypt\logging.h(93): error:  #65: expected a ";"
  WOLFSSL_API int wolfSSL_SetLoggingCb(wolfSSL_Logging_cb log_function);
..\..\..\..\..\Source\WolfSSL\wolfssl\wolfcrypt\logging.h(96): error:  #77-D: this declaration has no storage class or type specifier
  WOLFSSL_API int  wolfSSL_Debugging_ON(void);
..\..\..\..\..\Source\WolfSSL\wolfssl\wolfcrypt\logging.h(96): error:  #65: expected a ";"
  WOLFSSL_API int  wolfSSL_Debugging_ON(void);
..\..\..\..\..\Source\WolfSSL\wolfssl\wolfcrypt\logging.h(98): error:  #77-D: this declaration has no storage class or type specifier
  WOLFSSL_API void wolfSSL_Debugging_OFF(void);
..\..\..\..\..\Source\WolfSSL\wolfssl\wolfcrypt\logging.h(98): error:  #65: expected a ";"
  WOLFSSL_API void wolfSSL_Debugging_OFF(void);
..\..\..\..\..\Source\WolfSSL\wolfssl\wolfcrypt\asn_public.h(125): error:  #20: identifier "byte" is undefined
      byte*  buffer;
..\..\..\..\..\Source\WolfSSL\wolfssl\wolfcrypt\asn_public.h(127): error:  #20: identifier "word32" is undefined
      word32 length;
..\..\..\..\..\Source\WolfSSL\wolfssl\wolfcrypt\asn_public.h(150): error:  #20: identifier "word32" is undefined
      word32   keySz;
..\..\..\..\..\Source\WolfSSL\wolfssl\wolfcrypt\asn_public.h(151): error:  #20: identifier "word32" is undefined
      word32   ivSz;             /* salt or encrypted IV size */
..\..\..\..\..\Source\WolfSSL\wolfssl\wolfcrypt\asn_public.h(154): error:  #20: identifier "byte" is undefined
      byte     iv[IV_SZ];        /* salt or encrypted IV */
..\..\..\..\..\Source\WolfSSL\wolfssl\wolfcrypt\asn_public.h(156): error:  #20: identifier "byte" is undefined
      byte     set:1;            /* if encryption set */
..\..\..\..\..\Source\WolfSSL\wolfssl\wolfcrypt\asn_public.h(352): error:  #77-D: this declaration has no storage class or type specifier
  WOLFSSL_API int wc_GetDateInfo(const byte* certDate, int certDateSz, 
..\..\..\..\..\Source\WolfSSL\wolfssl\wolfcrypt\asn_public.h(352): error:  #65: expected a ";"
  WOLFSSL_API int wc_GetDateInfo(const byte* certDate, int certDateSz, 
..\..\..\..\..\Source\WolfSSL\wolfssl\wolfcrypt\asn_public.h(361): error:  #77-D: this declaration has no storage class or type specifier
      WOLFSSL_API int wc_PemGetHeaderFooter(int type, const char** header, 
..\..\..\..\..\Source\WolfSSL\wolfssl\wolfcrypt\asn_public.h(361): error:  #65: expected a ";"
      WOLFSSL_API int wc_PemGetHeaderFooter(int type, const char** header, 
..\..\..\..\..\Source\WolfSSL\wolfssl\wolfcrypt\asn_public.h(367): error:  #77-D: this declaration has no storage class or type specifier
      WOLFSSL_API int wc_PemToDer(const unsigned char* buff, long longSz, int type,
..\..\..\..\..\Source\WolfSSL\wolfssl\wolfcrypt\asn_public.h(367): error:  #65: expected a ";"
      WOLFSSL_API int wc_PemToDer(const unsigned char* buff, long longSz, int type,
..\..\..\..\..\Source\WolfSSL\wolfssl\wolfcrypt\asn_public.h(370): error:  #77-D: this declaration has no storage class or type specifier
      WOLFSSL_API int wc_KeyPemToDer(const unsigned char*, int,
..\..\..\..\..\Source\WolfSSL\wolfssl\wolfcrypt\asn_public.h(370): error:  #65: expected a ";"
      WOLFSSL_API int wc_KeyPemToDer(const unsigned char*, int,
..\..\..\..\..\Source\WolfSSL\wolfssl\wolfcrypt\asn_public.h(372): error:  #77-D: this declaration has no storage class or type specifier
      WOLFSSL_API int wc_CertPemToDer(const unsigned char*, int,
..\..\..\..\..\Source\WolfSSL\wolfssl\wolfcrypt\asn_public.h(372): error:  #65: expected a ";"
      WOLFSSL_API int wc_CertPemToDer(const unsigned char*, int,
..\..\..\..\..\Source\WolfSSL\wolfssl\wolfcrypt\asn_public.h(402): error:  #77-D: this declaration has no storage class or type specifier
      WOLFSSL_API int wc_EccPrivateKeyDecode(const byte*, word32*,
..\..\..\..\..\Source\WolfSSL\wolfssl\wolfcrypt\asn_public.h(402): error:  #65: expected a ";"
      WOLFSSL_API int wc_EccPrivateKeyDecode(const byte*, word32*,
..\..\..\..\..\Source\WolfSSL\wolfssl\wolfcrypt\asn_public.h(404): error:  #77-D: this declaration has no storage class or type specifier
      WOLFSSL_API int wc_EccKeyToDer(ecc_key*, byte* output, word32 inLen);
..\..\..\..\..\Source\WolfSSL\wolfssl\wolfcrypt\asn_public.h(404): error:  #65: expected a ";"
      WOLFSSL_API int wc_EccKeyToDer(ecc_key*, byte* output, word32 inLen);
..\..\..\..\..\Source\WolfSSL\wolfssl\wolfcrypt\asn_public.h(405): error:  #77-D: this declaration has no storage class or type specifier
      WOLFSSL_API int wc_EccPrivateKeyToDer(ecc_key* key, byte* output,
..\..\..\..\..\Source\WolfSSL\wolfssl\wolfcrypt\asn_public.h(405): error:  #65: expected a ";"
      WOLFSSL_API int wc_EccPrivateKeyToDer(ecc_key* key, byte* output,
..\..\..\..\..\Source\WolfSSL\wolfssl\wolfcrypt\asn_public.h(407): error:  #77-D: this declaration has no storage class or type specifier
      WOLFSSL_API int wc_EccPrivateKeyToPKCS8(ecc_key* key, byte* output,
..\..\..\..\..\Source\WolfSSL\wolfssl\wolfcrypt\asn_public.h(407): error:  #65: expected a ";"
      WOLFSSL_API int wc_EccPrivateKeyToPKCS8(ecc_key* key, byte* output,
..\..\..\..\..\Source\WolfSSL\src\keys.c: 1 warning, 30 errors
compiling crl.c...
compiling sensorMain.c...
..\..\..\..\..\Source\inc\rak_uart_gsm.h(125): warning:  #1295-D: Deprecated declaration gps_data_get - give arg types
  void gps_data_get();
..\..\..\..\..\Source\inc\rak_uart_gsm.h(126): warning:  #1295-D: Deprecated declaration gps_config - give arg types
  void gps_config();
..\..\..\..\..\Source\inc\plugin\sensor\sensorMain.h(22): warning:  #1295-D: Deprecated declaration sensors_init - give arg types
  void sensors_init();
..\..\..\..\..\Source\inc\plugin\sensor\sensorMain.h(23): warning:  #1295-D: Deprecated declaration start_collect_data - give arg types
  void start_collect_data();
..\..\..\..\..\Source\inc\plugin\sensor\sensorMain.h(24): warning:  #1295-D: Deprecated declaration sensor_collect_timer_handle - give arg types
  void sensor_collect_timer_handle();
..\..\..\..\..\Source\inc\plugin\sensor\sensorMain.h(29): warning:  #1-D: last line of file ends without a newline
  #endif /* SENSORMAIN_H */
..\..\..\..\..\Source\src\plugin\sensor\sensorMain.c(27): warning:  #223-D: function "get_stamp" declared implicitly
  				DPRINTF(LOG_ERROR, "bme280_spi_init fail %d\r\n", ret);
..\..\..\..\..\Source\src\plugin\sensor\sensorMain.c(31): warning:  #223-D: function "get_stamp" declared implicitly
  						DPRINTF(LOG_ERROR, "lis3dh_init fail\r\n");
..\..\..\..\..\Source\src\plugin\sensor\sensorMain.c(38): warning:  #223-D: function "get_stamp" declared implicitly
  				DPRINTF(LOG_ERROR, "lis3dh_twi_init fail %d\r\n", ret);
..\..\..\..\..\Source\src\plugin\sensor\sensorMain.c(42): warning:  #223-D: function "get_stamp" declared implicitly
  						DPRINTF(LOG_ERROR, "lis3dh_init fail\r\n");
..\..\..\..\..\Source\src\plugin\sensor\sensorMain.c(49): warning:  #223-D: function "get_stamp" declared implicitly
  				DPRINTF(LOG_ERROR, "lis2mdl_twi_init fail %d\r\n", ret);
..\..\..\..\..\Source\src\plugin\sensor\sensorMain.c(53): warning:  #223-D: function "get_stamp" declared implicitly
  						DPRINTF(LOG_ERROR, "lis2mdl_init fail\r\n");
..\..\..\..\..\Source\src\plugin\sensor\sensorMain.c(60): warning:  #223-D: function "get_stamp" declared implicitly
  				DPRINTF(LOG_ERROR, "opt3001_twi_init fail %d\r\n", ret);
..\..\..\..\..\Source\src\plugin\sensor\sensorMain.c(64): warning:  #223-D: function "get_stamp" declared implicitly
  						DPRINTF(LOG_ERROR, "opt3001_init fail\r\n");
..\..\..\..\..\Source\src\plugin\sensor\sensorMain.c(79): warning:  #223-D: function "get_stamp" declared implicitly
  				DPRINTF(LOG_ERROR, "lis3dh_twi_init fail %d\r\n", ret);
..\..\..\..\..\Source\src\plugin\sensor\sensorMain.c(87): warning:  #223-D: function "get_stamp" declared implicitly
  				DPRINTF(LOG_ERROR, "lis2mdl_twi_init fail %d\r\n", ret);
..\..\..\..\..\Source\src\plugin\sensor\sensorMain.c(95): warning:  #223-D: function "get_stamp" declared implicitly
  				DPRINTF(LOG_ERROR, "opt3001_twi_init fail %d\r\n", ret);
..\..\..\..\..\Source\src\plugin\sensor\sensorMain.c(123): warning:  #223-D: function "get_stamp" declared implicitly
  		DPRINTF(LOG_INFO, "%s", post_data);
..\..\..\..\..\Source\src\plugin\sensor\sensorMain.c(124): warning:  #1-D: last line of file ends without a newline
  }
..\..\..\..\..\Source\src\plugin\sensor\sensorMain.c(104): warning:  #177-D: variable "ret"  was declared but never referenced
  		int ret;
..\..\..\..\..\Source\src\plugin\sensor\sensorMain.c(105): warning:  #177-D: variable "swi_cnt"  was declared but never referenced
  		static uint32_t swi_cnt=0;
..\..\..\..\..\Source\src\plugin\sensor\sensorMain.c: 21 warnings, 0 errors
compiling ssl.c...
..\..\..\..\..\..\itracker\Source\lib\micro-ecc\types.h(59): warning:  #161-D: unrecognized #pragma
      #pragma message ("uECC_WORD_SIZE must be 4 for ARM")
..\..\..\..\..\Source\WolfSSL\wolfssl\wolfcrypt\logging.h(93): error:  #77-D: this declaration has no storage class or type specifier
  WOLFSSL_API int wolfSSL_SetLoggingCb(wolfSSL_Logging_cb log_function);
..\..\..\..\..\Source\WolfSSL\wolfssl\wolfcrypt\logging.h(93): error:  #65: expected a ";"
  WOLFSSL_API int wolfSSL_SetLoggingCb(wolfSSL_Logging_cb log_function);
..\..\..\..\..\Source\WolfSSL\wolfssl\wolfcrypt\logging.h(96): error:  #77-D: this declaration has no storage class or type specifier
  WOLFSSL_API int  wolfSSL_Debugging_ON(void);
..\..\..\..\..\Source\WolfSSL\wolfssl\wolfcrypt\logging.h(96): error:  #65: expected a ";"
  WOLFSSL_API int  wolfSSL_Debugging_ON(void);
..\..\..\..\..\Source\WolfSSL\wolfssl\wolfcrypt\logging.h(98): error:  #77-D: this declaration has no storage class or type specifier
  WOLFSSL_API void wolfSSL_Debugging_OFF(void);
..\..\..\..\..\Source\WolfSSL\wolfssl\wolfcrypt\logging.h(98): error:  #65: expected a ";"
  WOLFSSL_API void wolfSSL_Debugging_OFF(void);
..\..\..\..\..\Source\WolfSSL\wolfssl\wolfcrypt\asn_public.h(125): error:  #20: identifier "byte" is undefined
      byte*  buffer;
..\..\..\..\..\Source\WolfSSL\wolfssl\wolfcrypt\asn_public.h(127): error:  #20: identifier "word32" is undefined
      word32 length;
..\..\..\..\..\Source\WolfSSL\wolfssl\wolfcrypt\asn_public.h(150): error:  #20: identifier "word32" is undefined
      word32   keySz;
..\..\..\..\..\Source\WolfSSL\wolfssl\wolfcrypt\asn_public.h(151): error:  #20: identifier "word32" is undefined
      word32   ivSz;             /* salt or encrypted IV size */
..\..\..\..\..\Source\WolfSSL\wolfssl\wolfcrypt\asn_public.h(154): error:  #20: identifier "byte" is undefined
      byte     iv[IV_SZ];        /* salt or encrypted IV */
..\..\..\..\..\Source\WolfSSL\wolfssl\wolfcrypt\asn_public.h(156): error:  #20: identifier "byte" is undefined
      byte     set:1;            /* if encryption set */
..\..\..\..\..\Source\WolfSSL\wolfssl\wolfcrypt\asn_public.h(352): error:  #77-D: this declaration has no storage class or type specifier
  WOLFSSL_API int wc_GetDateInfo(const byte* certDate, int certDateSz, 
..\..\..\..\..\Source\WolfSSL\wolfssl\wolfcrypt\asn_public.h(352): error:  #65: expected a ";"
  WOLFSSL_API int wc_GetDateInfo(const byte* certDate, int certDateSz, 
..\..\..\..\..\Source\WolfSSL\wolfssl\wolfcrypt\asn_public.h(361): error:  #77-D: this declaration has no storage class or type specifier
      WOLFSSL_API int wc_PemGetHeaderFooter(int type, const char** header, 
..\..\..\..\..\Source\WolfSSL\wolfssl\wolfcrypt\asn_public.h(361): error:  #65: expected a ";"
      WOLFSSL_API int wc_PemGetHeaderFooter(int type, const char** header, 
..\..\..\..\..\Source\WolfSSL\wolfssl\wolfcrypt\asn_public.h(367): error:  #77-D: this declaration has no storage class or type specifier
      WOLFSSL_API int wc_PemToDer(const unsigned char* buff, long longSz, int type,
..\..\..\..\..\Source\WolfSSL\wolfssl\wolfcrypt\asn_public.h(367): error:  #65: expected a ";"
      WOLFSSL_API int wc_PemToDer(const unsigned char* buff, long longSz, int type,
..\..\..\..\..\Source\WolfSSL\wolfssl\wolfcrypt\asn_public.h(370): error:  #77-D: this declaration has no storage class or type specifier
      WOLFSSL_API int wc_KeyPemToDer(const unsigned char*, int,
..\..\..\..\..\Source\WolfSSL\wolfssl\wolfcrypt\asn_public.h(370): error:  #65: expected a ";"
      WOLFSSL_API int wc_KeyPemToDer(const unsigned char*, int,
..\..\..\..\..\Source\WolfSSL\wolfssl\wolfcrypt\asn_public.h(372): error:  #77-D: this declaration has no storage class or type specifier
      WOLFSSL_API int wc_CertPemToDer(const unsigned char*, int,
..\..\..\..\..\Source\WolfSSL\wolfssl\wolfcrypt\asn_public.h(372): error:  #65: expected a ";"
      WOLFSSL_API int wc_CertPemToDer(const unsigned char*, int,
..\..\..\..\..\Source\WolfSSL\wolfssl\wolfcrypt\asn_public.h(402): error:  #77-D: this declaration has no storage class or type specifier
      WOLFSSL_API int wc_EccPrivateKeyDecode(const byte*, word32*,
..\..\..\..\..\Source\WolfSSL\wolfssl\wolfcrypt\asn_public.h(402): error:  #65: expected a ";"
      WOLFSSL_API int wc_EccPrivateKeyDecode(const byte*, word32*,
..\..\..\..\..\Source\WolfSSL\wolfssl\wolfcrypt\asn_public.h(404): error:  #77-D: this declaration has no storage class or type specifier
      WOLFSSL_API int wc_EccKeyToDer(ecc_key*, byte* output, word32 inLen);
..\..\..\..\..\Source\WolfSSL\wolfssl\wolfcrypt\asn_public.h(404): error:  #65: expected a ";"
      WOLFSSL_API int wc_EccKeyToDer(ecc_key*, byte* output, word32 inLen);
..\..\..\..\..\Source\WolfSSL\wolfssl\wolfcrypt\asn_public.h(405): error:  #77-D: this declaration has no storage class or type specifier
      WOLFSSL_API int wc_EccPrivateKeyToDer(ecc_key* key, byte* output,
..\..\..\..\..\Source\WolfSSL\wolfssl\wolfcrypt\asn_public.h(405): error:  #65: expected a ";"
      WOLFSSL_API int wc_EccPrivateKeyToDer(ecc_key* key, byte* output,
..\..\..\..\..\Source\WolfSSL\wolfssl\wolfcrypt\asn_public.h(407): error:  #77-D: this declaration has no storage class or type specifier
      WOLFSSL_API int wc_EccPrivateKeyToPKCS8(ecc_key* key, byte* output,
..\..\..\..\..\Source\WolfSSL\wolfssl\wolfcrypt\asn_public.h(407): error:  #65: expected a ";"
      WOLFSSL_API int wc_EccPrivateKeyToPKCS8(ecc_key* key, byte* output,
..\..\..\..\..\Source\WolfSSL\src\ssl.c: 1 warning, 30 errors
compiling wolfio.c...
..\..\..\..\..\..\itracker\Source\lib\micro-ecc\types.h(59): warning:  #161-D: unrecognized #pragma
      #pragma message ("uECC_WORD_SIZE must be 4 for ARM")
..\..\..\..\..\Source\WolfSSL\wolfssl\wolfcrypt\logging.h(93): error:  #77-D: this declaration has no storage class or type specifier
  WOLFSSL_API int wolfSSL_SetLoggingCb(wolfSSL_Logging_cb log_function);
..\..\..\..\..\Source\WolfSSL\wolfssl\wolfcrypt\logging.h(93): error:  #65: expected a ";"
  WOLFSSL_API int wolfSSL_SetLoggingCb(wolfSSL_Logging_cb log_function);
..\..\..\..\..\Source\WolfSSL\wolfssl\wolfcrypt\logging.h(96): error:  #77-D: this declaration has no storage class or type specifier
  WOLFSSL_API int  wolfSSL_Debugging_ON(void);
..\..\..\..\..\Source\WolfSSL\wolfssl\wolfcrypt\logging.h(96): error:  #65: expected a ";"
  WOLFSSL_API int  wolfSSL_Debugging_ON(void);
..\..\..\..\..\Source\WolfSSL\wolfssl\wolfcrypt\logging.h(98): error:  #77-D: this declaration has no storage class or type specifier
  WOLFSSL_API void wolfSSL_Debugging_OFF(void);
..\..\..\..\..\Source\WolfSSL\wolfssl\wolfcrypt\logging.h(98): error:  #65: expected a ";"
  WOLFSSL_API void wolfSSL_Debugging_OFF(void);
..\..\..\..\..\Source\WolfSSL\wolfssl\wolfcrypt\asn_public.h(125): error:  #20: identifier "byte" is undefined
      byte*  buffer;
..\..\..\..\..\Source\WolfSSL\wolfssl\wolfcrypt\asn_public.h(127): error:  #20: identifier "word32" is undefined
      word32 length;
..\..\..\..\..\Source\WolfSSL\wolfssl\wolfcrypt\asn_public.h(150): error:  #20: identifier "word32" is undefined
      word32   keySz;
..\..\..\..\..\Source\WolfSSL\wolfssl\wolfcrypt\asn_public.h(151): error:  #20: identifier "word32" is undefined
      word32   ivSz;             /* salt or encrypted IV size */
..\..\..\..\..\Source\WolfSSL\wolfssl\wolfcrypt\asn_public.h(154): error:  #20: identifier "byte" is undefined
      byte     iv[IV_SZ];        /* salt or encrypted IV */
..\..\..\..\..\Source\WolfSSL\wolfssl\wolfcrypt\asn_public.h(156): error:  #20: identifier "byte" is undefined
      byte     set:1;            /* if encryption set */
..\..\..\..\..\Source\WolfSSL\wolfssl\wolfcrypt\asn_public.h(352): error:  #77-D: this declaration has no storage class or type specifier
  WOLFSSL_API int wc_GetDateInfo(const byte* certDate, int certDateSz, 
..\..\..\..\..\Source\WolfSSL\wolfssl\wolfcrypt\asn_public.h(352): error:  #65: expected a ";"
  WOLFSSL_API int wc_GetDateInfo(const byte* certDate, int certDateSz, 
..\..\..\..\..\Source\WolfSSL\wolfssl\wolfcrypt\asn_public.h(361): error:  #77-D: this declaration has no storage class or type specifier
      WOLFSSL_API int wc_PemGetHeaderFooter(int type, const char** header, 
..\..\..\..\..\Source\WolfSSL\wolfssl\wolfcrypt\asn_public.h(361): error:  #65: expected a ";"
      WOLFSSL_API int wc_PemGetHeaderFooter(int type, const char** header, 
..\..\..\..\..\Source\WolfSSL\wolfssl\wolfcrypt\asn_public.h(367): error:  #77-D: this declaration has no storage class or type specifier
      WOLFSSL_API int wc_PemToDer(const unsigned char* buff, long longSz, int type,
..\..\..\..\..\Source\WolfSSL\wolfssl\wolfcrypt\asn_public.h(367): error:  #65: expected a ";"
      WOLFSSL_API int wc_PemToDer(const unsigned char* buff, long longSz, int type,
..\..\..\..\..\Source\WolfSSL\wolfssl\wolfcrypt\asn_public.h(370): error:  #77-D: this declaration has no storage class or type specifier
      WOLFSSL_API int wc_KeyPemToDer(const unsigned char*, int,
..\..\..\..\..\Source\WolfSSL\wolfssl\wolfcrypt\asn_public.h(370): error:  #65: expected a ";"
      WOLFSSL_API int wc_KeyPemToDer(const unsigned char*, int,
..\..\..\..\..\Source\WolfSSL\wolfssl\wolfcrypt\asn_public.h(372): error:  #77-D: this declaration has no storage class or type specifier
      WOLFSSL_API int wc_CertPemToDer(const unsigned char*, int,
..\..\..\..\..\Source\WolfSSL\wolfssl\wolfcrypt\asn_public.h(372): error:  #65: expected a ";"
      WOLFSSL_API int wc_CertPemToDer(const unsigned char*, int,
..\..\..\..\..\Source\WolfSSL\wolfssl\wolfcrypt\asn_public.h(402): error:  #77-D: this declaration has no storage class or type specifier
      WOLFSSL_API int wc_EccPrivateKeyDecode(const byte*, word32*,
..\..\..\..\..\Source\WolfSSL\wolfssl\wolfcrypt\asn_public.h(402): error:  #65: expected a ";"
      WOLFSSL_API int wc_EccPrivateKeyDecode(const byte*, word32*,
..\..\..\..\..\Source\WolfSSL\wolfssl\wolfcrypt\asn_public.h(404): error:  #77-D: this declaration has no storage class or type specifier
      WOLFSSL_API int wc_EccKeyToDer(ecc_key*, byte* output, word32 inLen);
..\..\..\..\..\Source\WolfSSL\wolfssl\wolfcrypt\asn_public.h(404): error:  #65: expected a ";"
      WOLFSSL_API int wc_EccKeyToDer(ecc_key*, byte* output, word32 inLen);
..\..\..\..\..\Source\WolfSSL\wolfssl\wolfcrypt\asn_public.h(405): error:  #77-D: this declaration has no storage class or type specifier
      WOLFSSL_API int wc_EccPrivateKeyToDer(ecc_key* key, byte* output,
..\..\..\..\..\Source\WolfSSL\wolfssl\wolfcrypt\asn_public.h(405): error:  #65: expected a ";"
      WOLFSSL_API int wc_EccPrivateKeyToDer(ecc_key* key, byte* output,
..\..\..\..\..\Source\WolfSSL\wolfssl\wolfcrypt\asn_public.h(407): error:  #77-D: this declaration has no storage class or type specifier
      WOLFSSL_API int wc_EccPrivateKeyToPKCS8(ecc_key* key, byte* output,
..\..\..\..\..\Source\WolfSSL\wolfssl\wolfcrypt\asn_public.h(407): error:  #65: expected a ";"
      WOLFSSL_API int wc_EccPrivateKeyToPKCS8(ecc_key* key, byte* output,
..\..\..\..\..\Source\WolfSSL\src\wolfio.c: 1 warning, 30 errors
compiling ocsp.c...
compiling tls.c...
..\..\..\..\..\..\itracker\Source\lib\micro-ecc\types.h(59): warning:  #161-D: unrecognized #pragma
      #pragma message ("uECC_WORD_SIZE must be 4 for ARM")
..\..\..\..\..\Source\WolfSSL\wolfssl\wolfcrypt\logging.h(93): error:  #77-D: this declaration has no storage class or type specifier
  WOLFSSL_API int wolfSSL_SetLoggingCb(wolfSSL_Logging_cb log_function);
..\..\..\..\..\Source\WolfSSL\wolfssl\wolfcrypt\logging.h(93): error:  #65: expected a ";"
  WOLFSSL_API int wolfSSL_SetLoggingCb(wolfSSL_Logging_cb log_function);
..\..\..\..\..\Source\WolfSSL\wolfssl\wolfcrypt\logging.h(96): error:  #77-D: this declaration has no storage class or type specifier
  WOLFSSL_API int  wolfSSL_Debugging_ON(void);
..\..\..\..\..\Source\WolfSSL\wolfssl\wolfcrypt\logging.h(96): error:  #65: expected a ";"
  WOLFSSL_API int  wolfSSL_Debugging_ON(void);
..\..\..\..\..\Source\WolfSSL\wolfssl\wolfcrypt\logging.h(98): error:  #77-D: this declaration has no storage class or type specifier
  WOLFSSL_API void wolfSSL_Debugging_OFF(void);
..\..\..\..\..\Source\WolfSSL\wolfssl\wolfcrypt\logging.h(98): error:  #65: expected a ";"
  WOLFSSL_API void wolfSSL_Debugging_OFF(void);
..\..\..\..\..\Source\WolfSSL\wolfssl\wolfcrypt\asn_public.h(125): error:  #20: identifier "byte" is undefined
      byte*  buffer;
..\..\..\..\..\Source\WolfSSL\wolfssl\wolfcrypt\asn_public.h(127): error:  #20: identifier "word32" is undefined
      word32 length;
..\..\..\..\..\Source\WolfSSL\wolfssl\wolfcrypt\asn_public.h(150): error:  #20: identifier "word32" is undefined
      word32   keySz;
..\..\..\..\..\Source\WolfSSL\wolfssl\wolfcrypt\asn_public.h(151): error:  #20: identifier "word32" is undefined
      word32   ivSz;             /* salt or encrypted IV size */
..\..\..\..\..\Source\WolfSSL\wolfssl\wolfcrypt\asn_public.h(154): error:  #20: identifier "byte" is undefined
      byte     iv[IV_SZ];        /* salt or encrypted IV */
..\..\..\..\..\Source\WolfSSL\wolfssl\wolfcrypt\asn_public.h(156): error:  #20: identifier "byte" is undefined
      byte     set:1;            /* if encryption set */
..\..\..\..\..\Source\WolfSSL\wolfssl\wolfcrypt\asn_public.h(352): error:  #77-D: this declaration has no storage class or type specifier
  WOLFSSL_API int wc_GetDateInfo(const byte* certDate, int certDateSz, 
..\..\..\..\..\Source\WolfSSL\wolfssl\wolfcrypt\asn_public.h(352): error:  #65: expected a ";"
  WOLFSSL_API int wc_GetDateInfo(const byte* certDate, int certDateSz, 
..\..\..\..\..\Source\WolfSSL\wolfssl\wolfcrypt\asn_public.h(361): error:  #77-D: this declaration has no storage class or type specifier
      WOLFSSL_API int wc_PemGetHeaderFooter(int type, const char** header, 
..\..\..\..\..\Source\WolfSSL\wolfssl\wolfcrypt\asn_public.h(361): error:  #65: expected a ";"
      WOLFSSL_API int wc_PemGetHeaderFooter(int type, const char** header, 
..\..\..\..\..\Source\WolfSSL\wolfssl\wolfcrypt\asn_public.h(367): error:  #77-D: this declaration has no storage class or type specifier
      WOLFSSL_API int wc_PemToDer(const unsigned char* buff, long longSz, int type,
..\..\..\..\..\Source\WolfSSL\wolfssl\wolfcrypt\asn_public.h(367): error:  #65: expected a ";"
      WOLFSSL_API int wc_PemToDer(const unsigned char* buff, long longSz, int type,
..\..\..\..\..\Source\WolfSSL\wolfssl\wolfcrypt\asn_public.h(370): error:  #77-D: this declaration has no storage class or type specifier
      WOLFSSL_API int wc_KeyPemToDer(const unsigned char*, int,
..\..\..\..\..\Source\WolfSSL\wolfssl\wolfcrypt\asn_public.h(370): error:  #65: expected a ";"
      WOLFSSL_API int wc_KeyPemToDer(const unsigned char*, int,
..\..\..\..\..\Source\WolfSSL\wolfssl\wolfcrypt\asn_public.h(372): error:  #77-D: this declaration has no storage class or type specifier
      WOLFSSL_API int wc_CertPemToDer(const unsigned char*, int,
..\..\..\..\..\Source\WolfSSL\wolfssl\wolfcrypt\asn_public.h(372): error:  #65: expected a ";"
      WOLFSSL_API int wc_CertPemToDer(const unsigned char*, int,
..\..\..\..\..\Source\WolfSSL\wolfssl\wolfcrypt\asn_public.h(402): error:  #77-D: this declaration has no storage class or type specifier
      WOLFSSL_API int wc_EccPrivateKeyDecode(const byte*, word32*,
..\..\..\..\..\Source\WolfSSL\wolfssl\wolfcrypt\asn_public.h(402): error:  #65: expected a ";"
      WOLFSSL_API int wc_EccPrivateKeyDecode(const byte*, word32*,
..\..\..\..\..\Source\WolfSSL\wolfssl\wolfcrypt\asn_public.h(404): error:  #77-D: this declaration has no storage class or type specifier
      WOLFSSL_API int wc_EccKeyToDer(ecc_key*, byte* output, word32 inLen);
..\..\..\..\..\Source\WolfSSL\wolfssl\wolfcrypt\asn_public.h(404): error:  #65: expected a ";"
      WOLFSSL_API int wc_EccKeyToDer(ecc_key*, byte* output, word32 inLen);
..\..\..\..\..\Source\WolfSSL\wolfssl\wolfcrypt\asn_public.h(405): error:  #77-D: this declaration has no storage class or type specifier
      WOLFSSL_API int wc_EccPrivateKeyToDer(ecc_key* key, byte* output,
..\..\..\..\..\Source\WolfSSL\wolfssl\wolfcrypt\asn_public.h(405): error:  #65: expected a ";"
      WOLFSSL_API int wc_EccPrivateKeyToDer(ecc_key* key, byte* output,
..\..\..\..\..\Source\WolfSSL\wolfssl\wolfcrypt\asn_public.h(407): error:  #77-D: this declaration has no storage class or type specifier
      WOLFSSL_API int wc_EccPrivateKeyToPKCS8(ecc_key* key, byte* output,
..\..\..\..\..\Source\WolfSSL\wolfssl\wolfcrypt\asn_public.h(407): error:  #65: expected a ";"
      WOLFSSL_API int wc_EccPrivateKeyToPKCS8(ecc_key* key, byte* output,
..\..\..\..\..\Source\WolfSSL\src\tls.c: 1 warning, 30 errors
compiling aes.c...
..\..\..\..\..\..\itracker\Source\lib\micro-ecc\types.h(59): warning:  #161-D: unrecognized #pragma
      #pragma message ("uECC_WORD_SIZE must be 4 for ARM")
..\..\..\..\..\Source\WolfSSL\wolfssl\wolfcrypt\error-crypt.h(224): error:  #77-D: this declaration has no storage class or type specifier
  WOLFSSL_API void wc_ErrorString(int err, char* buff);
..\..\..\..\..\Source\WolfSSL\wolfssl\wolfcrypt\error-crypt.h(224): error:  #65: expected a ";"
  WOLFSSL_API void wc_ErrorString(int err, char* buff);
..\..\..\..\..\Source\WolfSSL\wolfssl\wolfcrypt\error-crypt.h(225): error:  #77-D: this declaration has no storage class or type specifier
  WOLFSSL_API const char* wc_GetErrorString(int error);
..\..\..\..\..\Source\WolfSSL\wolfssl\wolfcrypt\error-crypt.h(225): error:  #65: expected a ";"
  WOLFSSL_API const char* wc_GetErrorString(int error);
..\..\..\..\..\Source\WolfSSL\wolfssl\wolfcrypt\aes.h(82): error:  #20: identifier "WC_CIPHER_AES" is undefined
      AES_ENC_TYPE   = WC_CIPHER_AES,   /* cipher unique type */
..\..\..\..\..\Source\WolfSSL\wolfssl\wolfcrypt\aes.h(94): error:  #20: identifier "ALIGN16" is undefined
      ALIGN16 word32 key[60];
..\..\..\..\..\Source\WolfSSL\wolfssl\wolfcrypt\aes.h(94): error:  #65: expected a ";"
      ALIGN16 word32 key[60];
..\..\..\..\..\Source\WolfSSL\wolfssl\wolfcrypt\aes.h(95): error:  #20: identifier "word32" is undefined
      word32  rounds;
..\..\..\..\..\Source\WolfSSL\wolfssl\wolfcrypt\aes.h(98): error:  #20: identifier "ALIGN16" is undefined
      ALIGN16 word32 reg[AES_BLOCK_SIZE / sizeof(word32)];      /* for CBC mode */
..\..\..\..\..\Source\WolfSSL\wolfssl\wolfcrypt\aes.h(98): error:  #101: "word32" has already been declared in the current scope
      ALIGN16 word32 reg[AES_BLOCK_SIZE / sizeof(word32)];      /* for CBC mode */
..\..\..\..\..\Source\WolfSSL\wolfssl\wolfcrypt\aes.h(98): error:  #65: expected a ";"
      ALIGN16 word32 reg[AES_BLOCK_SIZE / sizeof(word32)];      /* for CBC mode */
..\..\..\..\..\Source\WolfSSL\wolfssl\wolfcrypt\aes.h(99): error:  #20: identifier "ALIGN16" is undefined
      ALIGN16 word32 tmp[AES_BLOCK_SIZE / sizeof(word32)];      /* same         */
..\..\..\..\..\Source\WolfSSL\wolfssl\wolfcrypt\aes.h(99): error:  #101: "word32" has already been declared in the current scope
      ALIGN16 word32 tmp[AES_BLOCK_SIZE / sizeof(word32)];      /* same         */
..\..\..\..\..\Source\WolfSSL\wolfssl\wolfcrypt\aes.h(99): error:  #65: expected a ";"
      ALIGN16 word32 tmp[AES_BLOCK_SIZE / sizeof(word32)];      /* same         */
..\..\..\..\..\Source\WolfSSL\wolfssl\wolfcrypt\aes.h(102): error:  #20: identifier "ALIGN16" is undefined
      ALIGN16 byte H[AES_BLOCK_SIZE];
..\..\..\..\..\Source\WolfSSL\wolfssl\wolfcrypt\aes.h(102): error:  #65: expected a ";"
      ALIGN16 byte H[AES_BLOCK_SIZE];
..\..\..\..\..\Source\WolfSSL\wolfssl\wolfcrypt\aes.h(144): error:  #20: identifier "byte" is undefined
  typedef int (*wc_AesAuthEncryptFunc)(Aes* aes, byte* out,
..\..\..\..\..\Source\WolfSSL\wolfssl\wolfcrypt\aes.h(145): error:  #20: identifier "byte" is undefined
                                     const byte* in, word32 sz,
..\..\..\..\..\Source\WolfSSL\wolfssl\wolfcrypt\aes.h(145): error:  #20: identifier "word32" is undefined
                                     const byte* in, word32 sz,
..\..\..\..\..\Source\WolfSSL\wolfssl\wolfcrypt\aes.h(146): error:  #20: identifier "byte" is undefined
                                     const byte* iv, word32 ivSz,
..\..\..\..\..\Source\WolfSSL\wolfssl\wolfcrypt\aes.h(146): error:  #20: identifier "word32" is undefined
                                     const byte* iv, word32 ivSz,
..\..\..\..\..\Source\WolfSSL\wolfssl\wolfcrypt\aes.h(147): error:  #20: identifier "byte" is undefined
                                     byte* authTag, word32 authTagSz,
..\..\..\..\..\Source\WolfSSL\wolfssl\wolfcrypt\aes.h(147): error:  #20: identifier "word32" is undefined
                                     byte* authTag, word32 authTagSz,
..\..\..\..\..\Source\WolfSSL\wolfssl\wolfcrypt\aes.h(148): error:  #20: identifier "byte" is undefined
                                     const byte* authIn, word32 authInSz);
..\..\..\..\..\Source\WolfSSL\wolfssl\wolfcrypt\aes.h(148): error:  #20: identifier "word32" is undefined
                                     const byte* authIn, word32 authInSz);
..\..\..\..\..\Source\WolfSSL\wolfssl\wolfcrypt\aes.h(149): error:  #20: identifier "byte" is undefined
  typedef int (*wc_AesAuthDecryptFunc)(Aes* aes, byte* out,
..\..\..\..\..\Source\WolfSSL\wolfssl\wolfcrypt\aes.h(150): error:  #20: identifier "byte" is undefined
                                     const byte* in, word32 sz,
..\..\..\..\..\Source\WolfSSL\wolfssl\wolfcrypt\aes.h(150): error:  #20: identifier "word32" is undefined
                                     const byte* in, word32 sz,
..\..\..\..\..\Source\WolfSSL\wolfssl\wolfcrypt\aes.h(151): error:  #20: identifier "byte" is undefined
                                     const byte* iv, word32 ivSz,
..\..\..\..\..\Source\WolfSSL\wolfssl\wolfcrypt\aes.h(151): error:  #20: identifier "word32" is undefined
                                     const byte* iv, word32 ivSz,
..\..\..\..\..\Source\WolfSSL\wolfcrypt\src\aes.c: 1 warning, 30 errors
compiling sniffer.c...
compiling async.c...
compiling tls13.c...
compiling asn.c...
..\..\..\..\..\..\itracker\Source\lib\micro-ecc\types.h(59): warning:  #161-D: unrecognized #pragma
      #pragma message ("uECC_WORD_SIZE must be 4 for ARM")
..\..\..\..\..\Source\WolfSSL\wolfssl\wolfcrypt\random.h(146): error:  #20: identifier "byte" is undefined
      byte status;
..\..\..\..\..\Source\WolfSSL\wolfssl\wolfcrypt\random.h(163): error:  #77-D: this declaration has no storage class or type specifier
  WOLFSSL_LOCAL
..\..\..\..\..\Source\WolfSSL\wolfssl\wolfcrypt\random.h(164): error:  #65: expected a ";"
  int wc_GenerateSeed(OS_Seed* os, byte* seed, word32 sz);
..\..\..\..\..\Source\WolfSSL\wolfssl\wolfcrypt\random.h(174): error:  #77-D: this declaration has no storage class or type specifier
  WOLFSSL_API int  wc_InitRng(WC_RNG*);
..\..\..\..\..\Source\WolfSSL\wolfssl\wolfcrypt\random.h(174): error:  #65: expected a ";"
  WOLFSSL_API int  wc_InitRng(WC_RNG*);
..\..\..\..\..\Source\WolfSSL\wolfssl\wolfcrypt\random.h(175): error:  #77-D: this declaration has no storage class or type specifier
  WOLFSSL_API int  wc_InitRng_ex(WC_RNG* rng, void* heap, int devId);
..\..\..\..\..\Source\WolfSSL\wolfssl\wolfcrypt\random.h(175): error:  #65: expected a ";"
  WOLFSSL_API int  wc_InitRng_ex(WC_RNG* rng, void* heap, int devId);
..\..\..\..\..\Source\WolfSSL\wolfssl\wolfcrypt\random.h(176): error:  #77-D: this declaration has no storage class or type specifier
  WOLFSSL_API int  wc_RNG_GenerateBlock(WC_RNG*, byte*, word32 sz);
..\..\..\..\..\Source\WolfSSL\wolfssl\wolfcrypt\random.h(176): error:  #65: expected a ";"
  WOLFSSL_API int  wc_RNG_GenerateBlock(WC_RNG*, byte*, word32 sz);
..\..\..\..\..\Source\WolfSSL\wolfssl\wolfcrypt\random.h(177): error:  #77-D: this declaration has no storage class or type specifier
  WOLFSSL_API int  wc_RNG_GenerateByte(WC_RNG*, byte*);
..\..\..\..\..\Source\WolfSSL\wolfssl\wolfcrypt\random.h(177): error:  #65: expected a ";"
  WOLFSSL_API int  wc_RNG_GenerateByte(WC_RNG*, byte*);
..\..\..\..\..\Source\WolfSSL\wolfssl\wolfcrypt\random.h(178): error:  #77-D: this declaration has no storage class or type specifier
  WOLFSSL_API int  wc_FreeRng(WC_RNG*);
..\..\..\..\..\Source\WolfSSL\wolfssl\wolfcrypt\random.h(178): error:  #65: expected a ";"
  WOLFSSL_API int  wc_FreeRng(WC_RNG*);
..\..\..\..\..\Source\WolfSSL\wolfssl\wolfcrypt\random.h(182): error:  #77-D: this declaration has no storage class or type specifier
      WOLFSSL_LOCAL int wc_RNG_DRBG_Reseed(WC_RNG* rng, const byte* entropy,
..\..\..\..\..\Source\WolfSSL\wolfssl\wolfcrypt\random.h(182): error:  #65: expected a ";"
      WOLFSSL_LOCAL int wc_RNG_DRBG_Reseed(WC_RNG* rng, const byte* entropy,
..\..\..\..\..\Source\WolfSSL\wolfssl\wolfcrypt\random.h(184): error:  #77-D: this declaration has no storage class or type specifier
      WOLFSSL_API int wc_RNG_HealthTest(int reseed,
..\..\..\..\..\Source\WolfSSL\wolfssl\wolfcrypt\random.h(184): error:  #65: expected a ";"
      WOLFSSL_API int wc_RNG_HealthTest(int reseed,
..\..\..\..\..\Source\WolfSSL\wolfssl\wolfcrypt\random.h(187): warning:  #12-D: parsing restarts here after previous syntax error
                                          byte* output, word32 outputSz);
..\..\..\..\..\Source\WolfSSL\wolfssl\wolfcrypt\tfm.h(745): error:  #757: variable "WOLFSSL_API"  is not a type name
  WOLFSSL_API word32 CheckRunTimeFastMath(void);
..\..\..\..\..\Source\WolfSSL\wolfssl\wolfcrypt\tfm.h(745): error:  #65: expected a ";"
  WOLFSSL_API word32 CheckRunTimeFastMath(void);
..\..\..\..\..\Source\WolfSSL\wolfssl\wolfcrypt\wolfmath.h(45): error:  #20: identifier "wolfssl_word" is undefined
          extern const wolfssl_word wc_off_on_addr[2];
..\..\..\..\..\Source\WolfSSL\wolfssl\wolfcrypt\sha.h(78): error:  #20: identifier "WC_HASH_TYPE_SHA" is undefined
      WC_SHA              =  WC_HASH_TYPE_SHA,
..\..\..\..\..\Source\WolfSSL\wolfssl\wolfcrypt\sha.h(99): error:  #757: variable "word32"  is not a type name
          word32  buffLen;   /* in bytes          */
..\..\..\..\..\Source\WolfSSL\wolfssl\wolfcrypt\sha.h(100): error:  #757: variable "word32"  is not a type name
          word32  loLen;     /* length in bytes   */
..\..\..\..\..\Source\WolfSSL\wolfssl\wolfcrypt\sha.h(101): error:  #757: variable "word32"  is not a type name
          word32  hiLen;     /* length in bytes   */
..\..\..\..\..\Source\WolfSSL\wolfssl\wolfcrypt\sha.h(102): error:  #757: variable "word32"  is not a type name
          word32  buffer[WC_SHA_BLOCK_SIZE  / sizeof(word32)];
..\..\..\..\..\Source\WolfSSL\wolfssl\wolfcrypt\sha.h(106): error:  #757: variable "word32"  is not a type name
          word32  digest[WC_SHA_DIGEST_SIZE / sizeof(word32)];
..\..\..\..\..\Source\WolfSSL\wolfssl\wolfcrypt\sha.h(123): error:  #77-D: this declaration has no storage class or type specifier
  WOLFSSL_API int wc_InitSha(wc_Sha*);
..\..\..\..\..\Source\WolfSSL\wolfssl\wolfcrypt\sha.h(123): error:  #65: expected a ";"
  WOLFSSL_API int wc_InitSha(wc_Sha*);
..\..\..\..\..\Source\WolfSSL\wolfssl\wolfcrypt\sha.h(124): error:  #77-D: this declaration has no storage class or type specifier
  WOLFSSL_API int wc_InitSha_ex(wc_Sha* sha, void* heap, int devId);
..\..\..\..\..\Source\WolfSSL\wolfssl\wolfcrypt\sha.h(124): error:  #65: expected a ";"
  WOLFSSL_API int wc_InitSha_ex(wc_Sha* sha, void* heap, int devId);
..\..\..\..\..\Source\WolfSSL\wolfcrypt\src\asn.c: 2 warnings, 30 errors
compiling chacha.c...
..\..\..\..\..\..\itracker\Source\lib\micro-ecc\types.h(59): warning:  #161-D: unrecognized #pragma
      #pragma message ("uECC_WORD_SIZE must be 4 for ARM")
..\..\..\..\..\Source\WolfSSL\wolfssl\wolfcrypt\chacha.h(54): error:  #20: identifier "WC_CIPHER_CHACHA" is undefined
  	CHACHA_ENC_TYPE = WC_CIPHER_CHACHA,    /* cipher unique type */
..\..\..\..\..\Source\WolfSSL\wolfssl\wolfcrypt\chacha.h(59): error:  #20: identifier "word32" is undefined
      word32 X[CHACHA_CHUNK_WORDS];           /* state of cipher */
..\..\..\..\..\Source\WolfSSL\wolfssl\wolfcrypt\chacha.h(70): error:  #77-D: this declaration has no storage class or type specifier
  WOLFSSL_API int wc_Chacha_SetIV(ChaCha* ctx, const byte* inIv, word32 counter);
..\..\..\..\..\Source\WolfSSL\wolfssl\wolfcrypt\chacha.h(70): error:  #65: expected a ";"
  WOLFSSL_API int wc_Chacha_SetIV(ChaCha* ctx, const byte* inIv, word32 counter);
..\..\..\..\..\Source\WolfSSL\wolfssl\wolfcrypt\chacha.h(72): error:  #77-D: this declaration has no storage class or type specifier
  WOLFSSL_API int wc_Chacha_Process(ChaCha* ctx, byte* cipher, const byte* plain,
..\..\..\..\..\Source\WolfSSL\wolfssl\wolfcrypt\chacha.h(72): error:  #65: expected a ";"
  WOLFSSL_API int wc_Chacha_Process(ChaCha* ctx, byte* cipher, const byte* plain,
..\..\..\..\..\Source\WolfSSL\wolfssl\wolfcrypt\chacha.h(74): error:  #77-D: this declaration has no storage class or type specifier
  WOLFSSL_API int wc_Chacha_SetKey(ChaCha* ctx, const byte* key, word32 keySz);
..\..\..\..\..\Source\WolfSSL\wolfssl\wolfcrypt\chacha.h(74): error:  #65: expected a ";"
  WOLFSSL_API int wc_Chacha_SetKey(ChaCha* ctx, const byte* key, word32 keySz);
..\..\..\..\..\Source\WolfSSL\wolfssl\wolfcrypt\error-crypt.h(224): error:  #77-D: this declaration has no storage class or type specifier
  WOLFSSL_API void wc_ErrorString(int err, char* buff);
..\..\..\..\..\Source\WolfSSL\wolfssl\wolfcrypt\error-crypt.h(224): error:  #65: expected a ";"
  WOLFSSL_API void wc_ErrorString(int err, char* buff);
..\..\..\..\..\Source\WolfSSL\wolfssl\wolfcrypt\error-crypt.h(225): error:  #77-D: this declaration has no storage class or type specifier
  WOLFSSL_API const char* wc_GetErrorString(int error);
..\..\..\..\..\Source\WolfSSL\wolfssl\wolfcrypt\error-crypt.h(225): error:  #65: expected a ";"
  WOLFSSL_API const char* wc_GetErrorString(int error);
..\..\..\..\..\Source\WolfSSL\wolfssl\wolfcrypt\logging.h(93): error:  #77-D: this declaration has no storage class or type specifier
  WOLFSSL_API int wolfSSL_SetLoggingCb(wolfSSL_Logging_cb log_function);
..\..\..\..\..\Source\WolfSSL\wolfssl\wolfcrypt\logging.h(93): error:  #65: expected a ";"
  WOLFSSL_API int wolfSSL_SetLoggingCb(wolfSSL_Logging_cb log_function);
..\..\..\..\..\Source\WolfSSL\wolfssl\wolfcrypt\logging.h(96): error:  #77-D: this declaration has no storage class or type specifier
  WOLFSSL_API int  wolfSSL_Debugging_ON(void);
..\..\..\..\..\Source\WolfSSL\wolfssl\wolfcrypt\logging.h(96): error:  #65: expected a ";"
  WOLFSSL_API int  wolfSSL_Debugging_ON(void);
..\..\..\..\..\Source\WolfSSL\wolfssl\wolfcrypt\logging.h(98): error:  #77-D: this declaration has no storage class or type specifier
  WOLFSSL_API void wolfSSL_Debugging_OFF(void);
..\..\..\..\..\Source\WolfSSL\wolfssl\wolfcrypt\logging.h(98): error:  #65: expected a ";"
  WOLFSSL_API void wolfSSL_Debugging_OFF(void);
..\..\..\..\..\Source\WolfSSL\wolfcrypt\src/misc.c(81): error:  #20: identifier "INLINE" is undefined
      STATIC INLINE word32 rotlFixed(word32 x, word32 y)
..\..\..\..\..\Source\WolfSSL\wolfcrypt\src/misc.c(81): error:  #65: expected a ";"
      STATIC INLINE word32 rotlFixed(word32 x, word32 y)
..\..\..\..\..\Source\WolfSSL\wolfcrypt\src/misc.c(105): error:  #59: function call is not allowed in a constant expression
          defined(__GNUC_PREREQ) && __GNUC_PREREQ(4, 3)
..\..\..\..\..\Source\WolfSSL\wolfcrypt\src\chacha.c(311): warning:  #12-D: parsing restarts here after previous syntax error
      return 0;
..\..\..\..\..\Source\WolfSSL\wolfcrypt\src\chacha.c(312): error:  #169: expected a declaration
  }
..\..\..\..\..\Source\WolfSSL\wolfcrypt\src\chacha.c(315): warning:  #12-D: parsing restarts here after previous syntax error
  static const word32 sigma[4] = {0x61707865, 0x3320646e, 0x79622d32, 0x6b206574};
..\..\..\..\..\Source\WolfSSL\wolfcrypt\src\chacha.c(317): error:  #757: variable "word32"  is not a type name
  static const word32 tau[4] = {0x61707865, 0x3120646e, 0x79622d36, 0x6b206574};
..\..\..\..\..\Source\WolfSSL\wolfcrypt\src\chacha.c(322): error:  #20: identifier "byte" is undefined
  int wc_Chacha_SetKey(ChaCha* ctx, const byte* key, word32 keySz)
..\..\..\..\..\Source\WolfSSL\wolfcrypt\src\chacha.c(322): error:  #757: variable "word32"  is not a type name
  int wc_Chacha_SetKey(ChaCha* ctx, const byte* key, word32 keySz)
..\..\..\..\..\Source\WolfSSL\wolfcrypt\src\chacha.c(324): error:  #757: variable "word32"  is not a type name
      const word32* constants;
..\..\..\..\..\Source\WolfSSL\wolfcrypt\src\chacha.c(325): error:  #20: identifier "byte" is undefined
      const byte*   k;
..\..\..\..\..\Source\WolfSSL\wolfcrypt\src\chacha.c(328): error:  #65: expected a ";"
      word32 alignKey[8];
..\..\..\..\..\Source\WolfSSL\wolfcrypt\src\chacha.c(338): error:  #20: identifier "wolfssl_word" is undefined
      if ((wolfssl_word)key % 4) {
..\..\..\..\..\Source\WolfSSL\wolfcrypt\src\chacha.c(338): error:  #18: expected a ")"
      if ((wolfssl_word)key % 4) {
..\..\..\..\..\Source\WolfSSL\wolfcrypt\src\chacha.c: 3 warnings, 30 errors
compiling chacha20_poly1305.c...
..\..\..\..\..\..\itracker\Source\lib\micro-ecc\types.h(59): warning:  #161-D: unrecognized #pragma
      #pragma message ("uECC_WORD_SIZE must be 4 for ARM")
..\..\..\..\..\Source\WolfSSL\wolfssl\wolfcrypt\chacha20_poly1305.h(61): error:  #77-D: this declaration has no storage class or type specifier
  WOLFSSL_API
..\..\..\..\..\Source\WolfSSL\wolfssl\wolfcrypt\chacha20_poly1305.h(62): error:  #65: expected a ";"
  int wc_ChaCha20Poly1305_Encrypt(
..\..\..\..\..\Source\WolfSSL\wolfssl\wolfcrypt\chacha20_poly1305.h(68): warning:  #12-D: parsing restarts here after previous syntax error
                  byte outAuthTag[CHACHA20_POLY1305_AEAD_AUTHTAG_SIZE]);
..\..\..\..\..\Source\WolfSSL\wolfssl\wolfcrypt\chacha20_poly1305.h(70): error:  #77-D: this declaration has no storage class or type specifier
  WOLFSSL_API
..\..\..\..\..\Source\WolfSSL\wolfssl\wolfcrypt\chacha20_poly1305.h(71): error:  #65: expected a ";"
  int wc_ChaCha20Poly1305_Decrypt(
..\..\..\..\..\Source\WolfSSL\wolfssl\wolfcrypt\chacha20_poly1305.h(77): warning:  #12-D: parsing restarts here after previous syntax error
                  byte* outPlaintext);
..\..\..\..\..\Source\WolfSSL\wolfssl\wolfcrypt\error-crypt.h(224): error:  #77-D: this declaration has no storage class or type specifier
  WOLFSSL_API void wc_ErrorString(int err, char* buff);
..\..\..\..\..\Source\WolfSSL\wolfssl\wolfcrypt\error-crypt.h(224): error:  #65: expected a ";"
  WOLFSSL_API void wc_ErrorString(int err, char* buff);
..\..\..\..\..\Source\WolfSSL\wolfssl\wolfcrypt\error-crypt.h(225): error:  #77-D: this declaration has no storage class or type specifier
  WOLFSSL_API const char* wc_GetErrorString(int error);
..\..\..\..\..\Source\WolfSSL\wolfssl\wolfcrypt\error-crypt.h(225): error:  #65: expected a ";"
  WOLFSSL_API const char* wc_GetErrorString(int error);
..\..\..\..\..\Source\WolfSSL\wolfssl\wolfcrypt\logging.h(93): error:  #77-D: this declaration has no storage class or type specifier
  WOLFSSL_API int wolfSSL_SetLoggingCb(wolfSSL_Logging_cb log_function);
..\..\..\..\..\Source\WolfSSL\wolfssl\wolfcrypt\logging.h(93): error:  #65: expected a ";"
  WOLFSSL_API int wolfSSL_SetLoggingCb(wolfSSL_Logging_cb log_function);
..\..\..\..\..\Source\WolfSSL\wolfssl\wolfcrypt\logging.h(96): error:  #77-D: this declaration has no storage class or type specifier
  WOLFSSL_API int  wolfSSL_Debugging_ON(void);
..\..\..\..\..\Source\WolfSSL\wolfssl\wolfcrypt\logging.h(96): error:  #65: expected a ";"
  WOLFSSL_API int  wolfSSL_Debugging_ON(void);
..\..\..\..\..\Source\WolfSSL\wolfssl\wolfcrypt\logging.h(98): error:  #77-D: this declaration has no storage class or type specifier
  WOLFSSL_API void wolfSSL_Debugging_OFF(void);
..\..\..\..\..\Source\WolfSSL\wolfssl\wolfcrypt\logging.h(98): error:  #65: expected a ";"
  WOLFSSL_API void wolfSSL_Debugging_OFF(void);
..\..\..\..\..\Source\WolfSSL\wolfssl\wolfcrypt\chacha.h(54): error:  #20: identifier "WC_CIPHER_CHACHA" is undefined
  	CHACHA_ENC_TYPE = WC_CIPHER_CHACHA,    /* cipher unique type */
..\..\..\..\..\Source\WolfSSL\wolfssl\wolfcrypt\chacha.h(59): error:  #20: identifier "word32" is undefined
      word32 X[CHACHA_CHUNK_WORDS];           /* state of cipher */
..\..\..\..\..\Source\WolfSSL\wolfssl\wolfcrypt\chacha.h(70): error:  #77-D: this declaration has no storage class or type specifier
  WOLFSSL_API int wc_Chacha_SetIV(ChaCha* ctx, const byte* inIv, word32 counter);
..\..\..\..\..\Source\WolfSSL\wolfssl\wolfcrypt\chacha.h(70): error:  #65: expected a ";"
  WOLFSSL_API int wc_Chacha_SetIV(ChaCha* ctx, const byte* inIv, word32 counter);
..\..\..\..\..\Source\WolfSSL\wolfssl\wolfcrypt\chacha.h(72): error:  #77-D: this declaration has no storage class or type specifier
  WOLFSSL_API int wc_Chacha_Process(ChaCha* ctx, byte* cipher, const byte* plain,
..\..\..\..\..\Source\WolfSSL\wolfssl\wolfcrypt\chacha.h(72): error:  #65: expected a ";"
  WOLFSSL_API int wc_Chacha_Process(ChaCha* ctx, byte* cipher, const byte* plain,
..\..\..\..\..\Source\WolfSSL\wolfssl\wolfcrypt\chacha.h(74): error:  #77-D: this declaration has no storage class or type specifier
  WOLFSSL_API int wc_Chacha_SetKey(ChaCha* ctx, const byte* key, word32 keySz);
..\..\..\..\..\Source\WolfSSL\wolfssl\wolfcrypt\chacha.h(74): error:  #65: expected a ";"
  WOLFSSL_API int wc_Chacha_SetKey(ChaCha* ctx, const byte* key, word32 keySz);
..\..\..\..\..\Source\WolfSSL\wolfssl\wolfcrypt\poly1305.h(90): error:  #20: identifier "word32" is undefined
      word32 r[5];
..\..\..\..\..\Source\WolfSSL\wolfssl\wolfcrypt\poly1305.h(91): error:  #20: identifier "word32" is undefined
      word32 h[5];
..\..\..\..\..\Source\WolfSSL\wolfssl\wolfcrypt\poly1305.h(92): error:  #20: identifier "word32" is undefined
      word32 pad[4];
..\..\..\..\..\Source\WolfSSL\wolfssl\wolfcrypt\poly1305.h(102): error:  #77-D: this declaration has no storage class or type specifier
  WOLFSSL_API int wc_Poly1305SetKey(Poly1305* poly1305, const byte* key,
..\..\..\..\..\Source\WolfSSL\wolfssl\wolfcrypt\poly1305.h(102): error:  #65: expected a ";"
  WOLFSSL_API int wc_Poly1305SetKey(Poly1305* poly1305, const byte* key,
..\..\..\..\..\Source\WolfSSL\wolfssl\wolfcrypt\poly1305.h(104): error:  #77-D: this declaration has no storage class or type specifier
  WOLFSSL_API int wc_Poly1305Update(Poly1305* poly1305, const byte*, word32);
..\..\..\..\..\Source\WolfSSL\wolfssl\wolfcrypt\poly1305.h(104): error:  #65: expected a ";"
  WOLFSSL_API int wc_Poly1305Update(Poly1305* poly1305, const byte*, word32);
..\..\..\..\..\Source\WolfSSL\wolfssl\wolfcrypt\poly1305.h(105): error:  #77-D: this declaration has no storage class or type specifier
  WOLFSSL_API int wc_Poly1305Final(Poly1305* poly1305, byte* tag);
..\..\..\..\..\Source\WolfSSL\wolfcrypt\src\chacha20_poly1305.c: 3 warnings, 30 errors
compiling asm.c...
compiling arc4.c...
compiling blake2b.c...
compiling cmac.c...
compiling camellia.c...
compiling coding.c...
..\..\..\..\..\..\itracker\Source\lib\micro-ecc\types.h(59): warning:  #161-D: unrecognized #pragma
      #pragma message ("uECC_WORD_SIZE must be 4 for ARM")
..\..\..\..\..\Source\WolfSSL\wolfssl\wolfcrypt\coding.h(36): error:  #77-D: this declaration has no storage class or type specifier
  WOLFSSL_API int Base64_Decode(const byte* in, word32 inLen, byte* out,
..\..\..\..\..\Source\WolfSSL\wolfssl\wolfcrypt\coding.h(36): error:  #65: expected a ";"
  WOLFSSL_API int Base64_Decode(const byte* in, word32 inLen, byte* out,
..\..\..\..\..\Source\WolfSSL\wolfssl\wolfcrypt\coding.h(55): error:  #77-D: this declaration has no storage class or type specifier
      WOLFSSL_API
..\..\..\..\..\Source\WolfSSL\wolfssl\wolfcrypt\coding.h(56): error:  #65: expected a ";"
      int Base64_Encode(const byte* in, word32 inLen, byte* out,
..\..\..\..\..\Source\WolfSSL\wolfssl\wolfcrypt\coding.h(58): error:  #77-D: this declaration has no storage class or type specifier
      WOLFSSL_API
..\..\..\..\..\Source\WolfSSL\wolfssl\wolfcrypt\coding.h(59): error:  #65: expected a ";"
      int Base64_EncodeEsc(const byte* in, word32 inLen, byte* out,
..\..\..\..\..\Source\WolfSSL\wolfssl\wolfcrypt\coding.h(61): error:  #77-D: this declaration has no storage class or type specifier
      WOLFSSL_API
..\..\..\..\..\Source\WolfSSL\wolfssl\wolfcrypt\coding.h(62): error:  #65: expected a ";"
      int Base64_Encode_NoNl(const byte* in, word32 inLen, byte* out,
..\..\..\..\..\Source\WolfSSL\wolfssl\wolfcrypt\error-crypt.h(224): error:  #77-D: this declaration has no storage class or type specifier
  WOLFSSL_API void wc_ErrorString(int err, char* buff);
..\..\..\..\..\Source\WolfSSL\wolfssl\wolfcrypt\error-crypt.h(224): error:  #65: expected a ";"
  WOLFSSL_API void wc_ErrorString(int err, char* buff);
..\..\..\..\..\Source\WolfSSL\wolfssl\wolfcrypt\error-crypt.h(225): error:  #77-D: this declaration has no storage class or type specifier
  WOLFSSL_API const char* wc_GetErrorString(int error);
..\..\..\..\..\Source\WolfSSL\wolfssl\wolfcrypt\error-crypt.h(225): error:  #65: expected a ";"
  WOLFSSL_API const char* wc_GetErrorString(int error);
..\..\..\..\..\Source\WolfSSL\wolfssl\wolfcrypt\logging.h(93): error:  #77-D: this declaration has no storage class or type specifier
  WOLFSSL_API int wolfSSL_SetLoggingCb(wolfSSL_Logging_cb log_function);
..\..\..\..\..\Source\WolfSSL\wolfssl\wolfcrypt\logging.h(93): error:  #65: expected a ";"
  WOLFSSL_API int wolfSSL_SetLoggingCb(wolfSSL_Logging_cb log_function);
..\..\..\..\..\Source\WolfSSL\wolfssl\wolfcrypt\logging.h(96): error:  #77-D: this declaration has no storage class or type specifier
  WOLFSSL_API int  wolfSSL_Debugging_ON(void);
..\..\..\..\..\Source\WolfSSL\wolfssl\wolfcrypt\logging.h(96): error:  #65: expected a ";"
  WOLFSSL_API int  wolfSSL_Debugging_ON(void);
..\..\..\..\..\Source\WolfSSL\wolfssl\wolfcrypt\logging.h(98): error:  #77-D: this declaration has no storage class or type specifier
  WOLFSSL_API void wolfSSL_Debugging_OFF(void);
..\..\..\..\..\Source\WolfSSL\wolfssl\wolfcrypt\logging.h(98): error:  #65: expected a ";"
  WOLFSSL_API void wolfSSL_Debugging_OFF(void);
..\..\..\..\..\Source\WolfSSL\wolfcrypt\src\coding.c(44): error:  #20: identifier "byte" is undefined
  const byte base64Decode[] = { 62, BAD, BAD, BAD, 63,   /* + starts at 0x2B */
..\..\..\..\..\Source\WolfSSL\wolfcrypt\src\coding.c(57): error:  #20: identifier "byte" is undefined
  int Base64_Decode(const byte* in, word32 inLen, byte* out, word32* outLen)
..\..\..\..\..\Source\WolfSSL\wolfcrypt\src\coding.c(57): error:  #20: identifier "word32" is undefined
  int Base64_Decode(const byte* in, word32 inLen, byte* out, word32* outLen)
..\..\..\..\..\Source\WolfSSL\wolfcrypt\src\coding.c(57): error:  #20: identifier "byte" is undefined
  int Base64_Decode(const byte* in, word32 inLen, byte* out, word32* outLen)
..\..\..\..\..\Source\WolfSSL\wolfcrypt\src\coding.c(57): error:  #20: identifier "word32" is undefined
  int Base64_Decode(const byte* in, word32 inLen, byte* out, word32* outLen)
..\..\..\..\..\Source\WolfSSL\wolfcrypt\src\coding.c(59): error:  #20: identifier "word32" is undefined
      word32 i = 0;
..\..\..\..\..\Source\WolfSSL\wolfcrypt\src\coding.c(60): error:  #20: identifier "word32" is undefined
      word32 j = 0;
..\..\..\..\..\Source\WolfSSL\wolfcrypt\src\coding.c(61): error:  #20: identifier "word32" is undefined
      word32 plainSz = inLen - ((inLen + (PEM_LINE_SZ - 1)) / PEM_LINE_SZ );
..\..\..\..\..\Source\WolfSSL\wolfcrypt\src\coding.c(62): error:  #20: identifier "byte" is undefined
      const byte maxIdx = (byte)sizeof(base64Decode) + 0x2B - 1;
KB: Unexpected type: 0
error type>(62): error:  #20: identifier "byte" is undefined
      const byte maxIdx = (byte)sizeof(base64Decode) + 0x2B - 1;
..\..\..\..\..\Source\WolfSSL\wolfcrypt\src\coding.c(62): error:  #65: expected a ";"
      const byte maxIdx = (byte)sizeof(base64Decode) + 0x2B - 1;
..\..\..\..\..\Source\WolfSSL\wolfcrypt\src\coding.c(68): error:  #65: expected a ";"
          byte b1, b2, b3;
..\..\..\..\..\Source\WolfSSL\wolfcrypt\src\coding.c: 1 warning, 30 errors
compiling des3.c...
..\..\..\..\..\..\itracker\Source\lib\micro-ecc\types.h(59): warning:  #161-D: unrecognized #pragma
      #pragma message ("uECC_WORD_SIZE must be 4 for ARM")
..\..\..\..\..\Source\WolfSSL\wolfssl\wolfcrypt\error-crypt.h(224): error:  #77-D: this declaration has no storage class or type specifier
  WOLFSSL_API void wc_ErrorString(int err, char* buff);
..\..\..\..\..\Source\WolfSSL\wolfssl\wolfcrypt\error-crypt.h(224): error:  #65: expected a ";"
  WOLFSSL_API void wc_ErrorString(int err, char* buff);
..\..\..\..\..\Source\WolfSSL\wolfssl\wolfcrypt\error-crypt.h(225): error:  #77-D: this declaration has no storage class or type specifier
  WOLFSSL_API const char* wc_GetErrorString(int error);
..\..\..\..\..\Source\WolfSSL\wolfssl\wolfcrypt\error-crypt.h(225): error:  #65: expected a ";"
  WOLFSSL_API const char* wc_GetErrorString(int error);
..\..\..\..\..\Source\WolfSSL\wolfssl\wolfcrypt\logging.h(93): error:  #77-D: this declaration has no storage class or type specifier
  WOLFSSL_API int wolfSSL_SetLoggingCb(wolfSSL_Logging_cb log_function);
..\..\..\..\..\Source\WolfSSL\wolfssl\wolfcrypt\logging.h(93): error:  #65: expected a ";"
  WOLFSSL_API int wolfSSL_SetLoggingCb(wolfSSL_Logging_cb log_function);
..\..\..\..\..\Source\WolfSSL\wolfssl\wolfcrypt\logging.h(96): error:  #77-D: this declaration has no storage class or type specifier
  WOLFSSL_API int  wolfSSL_Debugging_ON(void);
..\..\..\..\..\Source\WolfSSL\wolfssl\wolfcrypt\logging.h(96): error:  #65: expected a ";"
  WOLFSSL_API int  wolfSSL_Debugging_ON(void);
..\..\..\..\..\Source\WolfSSL\wolfssl\wolfcrypt\logging.h(98): error:  #77-D: this declaration has no storage class or type specifier
  WOLFSSL_API void wolfSSL_Debugging_OFF(void);
..\..\..\..\..\Source\WolfSSL\wolfssl\wolfcrypt\logging.h(98): error:  #65: expected a ";"
  WOLFSSL_API void wolfSSL_Debugging_OFF(void);
..\..\..\..\..\Source\WolfSSL\wolfcrypt\src\des3.c: 1 warning, 10 errors
compiling compress.c...
compiling cryptodev.c...
compiling dh.c...
compiling cpuid.c...
..\..\..\..\..\..\itracker\Source\lib\micro-ecc\types.h(59): warning:  #161-D: unrecognized #pragma
      #pragma message ("uECC_WORD_SIZE must be 4 for ARM")
..\..\..\..\..\Source\WolfSSL\wolfcrypt\src\cpuid.c: 1 warning, 0 errors
compiling curve25519.c...
compiling dsa.c...
compiling ecc_fp.c...
compiling evp.c...
..\..\..\..\..\Source\WolfSSL\wolfcrypt\src\evp.c(24): warning:  #1215-D: #warning directive: evp.c does not need to be compiled seperatly from ssl.c
          #warning evp.c does not need to be compiled seperatly from ssl.c
..\..\..\..\..\Source\WolfSSL\wolfcrypt\src\evp.c: 1 warning, 0 errors
compiling fipsv2.c...
compiling ecc.c...
..\..\..\..\..\..\itracker\Source\lib\micro-ecc\types.h(59): warning:  #161-D: unrecognized #pragma
      #pragma message ("uECC_WORD_SIZE must be 4 for ARM")
..\..\..\..\..\Source\WolfSSL\wolfssl\wolfcrypt\random.h(146): error:  #20: identifier "byte" is undefined
      byte status;
..\..\..\..\..\Source\WolfSSL\wolfssl\wolfcrypt\random.h(163): error:  #77-D: this declaration has no storage class or type specifier
  WOLFSSL_LOCAL
..\..\..\..\..\Source\WolfSSL\wolfssl\wolfcrypt\random.h(164): error:  #65: expected a ";"
  int wc_GenerateSeed(OS_Seed* os, byte* seed, word32 sz);
..\..\..\..\..\Source\WolfSSL\wolfssl\wolfcrypt\random.h(174): error:  #77-D: this declaration has no storage class or type specifier
  WOLFSSL_API int  wc_InitRng(WC_RNG*);
..\..\..\..\..\Source\WolfSSL\wolfssl\wolfcrypt\random.h(174): error:  #65: expected a ";"
  WOLFSSL_API int  wc_InitRng(WC_RNG*);
..\..\..\..\..\Source\WolfSSL\wolfssl\wolfcrypt\random.h(175): error:  #77-D: this declaration has no storage class or type specifier
  WOLFSSL_API int  wc_InitRng_ex(WC_RNG* rng, void* heap, int devId);
..\..\..\..\..\Source\WolfSSL\wolfssl\wolfcrypt\random.h(175): error:  #65: expected a ";"
  WOLFSSL_API int  wc_InitRng_ex(WC_RNG* rng, void* heap, int devId);
..\..\..\..\..\Source\WolfSSL\wolfssl\wolfcrypt\random.h(176): error:  #77-D: this declaration has no storage class or type specifier
  WOLFSSL_API int  wc_RNG_GenerateBlock(WC_RNG*, byte*, word32 sz);
..\..\..\..\..\Source\WolfSSL\wolfssl\wolfcrypt\random.h(176): error:  #65: expected a ";"
  WOLFSSL_API int  wc_RNG_GenerateBlock(WC_RNG*, byte*, word32 sz);
..\..\..\..\..\Source\WolfSSL\wolfssl\wolfcrypt\random.h(177): error:  #77-D: this declaration has no storage class or type specifier
  WOLFSSL_API int  wc_RNG_GenerateByte(WC_RNG*, byte*);
..\..\..\..\..\Source\WolfSSL\wolfssl\wolfcrypt\random.h(177): error:  #65: expected a ";"
  WOLFSSL_API int  wc_RNG_GenerateByte(WC_RNG*, byte*);
..\..\..\..\..\Source\WolfSSL\wolfssl\wolfcrypt\random.h(178): error:  #77-D: this declaration has no storage class or type specifier
  WOLFSSL_API int  wc_FreeRng(WC_RNG*);
..\..\..\..\..\Source\WolfSSL\wolfssl\wolfcrypt\random.h(178): error:  #65: expected a ";"
  WOLFSSL_API int  wc_FreeRng(WC_RNG*);
..\..\..\..\..\Source\WolfSSL\wolfssl\wolfcrypt\random.h(182): error:  #77-D: this declaration has no storage class or type specifier
      WOLFSSL_LOCAL int wc_RNG_DRBG_Reseed(WC_RNG* rng, const byte* entropy,
..\..\..\..\..\Source\WolfSSL\wolfssl\wolfcrypt\random.h(182): error:  #65: expected a ";"
      WOLFSSL_LOCAL int wc_RNG_DRBG_Reseed(WC_RNG* rng, const byte* entropy,
..\..\..\..\..\Source\WolfSSL\wolfssl\wolfcrypt\random.h(184): error:  #77-D: this declaration has no storage class or type specifier
      WOLFSSL_API int wc_RNG_HealthTest(int reseed,
..\..\..\..\..\Source\WolfSSL\wolfssl\wolfcrypt\random.h(184): error:  #65: expected a ";"
      WOLFSSL_API int wc_RNG_HealthTest(int reseed,
..\..\..\..\..\Source\WolfSSL\wolfssl\wolfcrypt\random.h(187): warning:  #12-D: parsing restarts here after previous syntax error
                                          byte* output, word32 outputSz);
..\..\..\..\..\Source\WolfSSL\wolfssl\wolfcrypt\tfm.h(745): error:  #757: variable "WOLFSSL_API"  is not a type name
  WOLFSSL_API word32 CheckRunTimeFastMath(void);
..\..\..\..\..\Source\WolfSSL\wolfssl\wolfcrypt\tfm.h(745): error:  #65: expected a ";"
  WOLFSSL_API word32 CheckRunTimeFastMath(void);
..\..\..\..\..\Source\WolfSSL\wolfssl\wolfcrypt\wolfmath.h(45): error:  #20: identifier "wolfssl_word" is undefined
          extern const wolfssl_word wc_off_on_addr[2];
..\..\..\..\..\Source\WolfSSL\wolfssl\wolfcrypt\sha.h(78): error:  #20: identifier "WC_HASH_TYPE_SHA" is undefined
      WC_SHA              =  WC_HASH_TYPE_SHA,
..\..\..\..\..\Source\WolfSSL\wolfssl\wolfcrypt\sha.h(99): error:  #757: variable "word32"  is not a type name
          word32  buffLen;   /* in bytes          */
..\..\..\..\..\Source\WolfSSL\wolfssl\wolfcrypt\sha.h(100): error:  #757: variable "word32"  is not a type name
          word32  loLen;     /* length in bytes   */
..\..\..\..\..\Source\WolfSSL\wolfssl\wolfcrypt\sha.h(101): error:  #757: variable "word32"  is not a type name
          word32  hiLen;     /* length in bytes   */
..\..\..\..\..\Source\WolfSSL\wolfssl\wolfcrypt\sha.h(102): error:  #757: variable "word32"  is not a type name
          word32  buffer[WC_SHA_BLOCK_SIZE  / sizeof(word32)];
..\..\..\..\..\Source\WolfSSL\wolfssl\wolfcrypt\sha.h(106): error:  #757: variable "word32"  is not a type name
          word32  digest[WC_SHA_DIGEST_SIZE / sizeof(word32)];
..\..\..\..\..\Source\WolfSSL\wolfssl\wolfcrypt\sha.h(123): error:  #77-D: this declaration has no storage class or type specifier
  WOLFSSL_API int wc_InitSha(wc_Sha*);
..\..\..\..\..\Source\WolfSSL\wolfssl\wolfcrypt\sha.h(123): error:  #65: expected a ";"
  WOLFSSL_API int wc_InitSha(wc_Sha*);
..\..\..\..\..\Source\WolfSSL\wolfssl\wolfcrypt\sha.h(124): error:  #77-D: this declaration has no storage class or type specifier
  WOLFSSL_API int wc_InitSha_ex(wc_Sha* sha, void* heap, int devId);
..\..\..\..\..\Source\WolfSSL\wolfssl\wolfcrypt\sha.h(124): error:  #65: expected a ";"
  WOLFSSL_API int wc_InitSha_ex(wc_Sha* sha, void* heap, int devId);
..\..\..\..\..\Source\WolfSSL\wolfcrypt\src\ecc.c: 2 warnings, 30 errors
compiling error.c...
..\..\..\..\..\..\itracker\Source\lib\micro-ecc\types.h(59): warning:  #161-D: unrecognized #pragma
      #pragma message ("uECC_WORD_SIZE must be 4 for ARM")
..\..\..\..\..\Source\WolfSSL\wolfssl\wolfcrypt\error-crypt.h(224): error:  #77-D: this declaration has no storage class or type specifier
  WOLFSSL_API void wc_ErrorString(int err, char* buff);
..\..\..\..\..\Source\WolfSSL\wolfssl\wolfcrypt\error-crypt.h(224): error:  #65: expected a ";"
  WOLFSSL_API void wc_ErrorString(int err, char* buff);
..\..\..\..\..\Source\WolfSSL\wolfssl\wolfcrypt\error-crypt.h(225): error:  #77-D: this declaration has no storage class or type specifier
  WOLFSSL_API const char* wc_GetErrorString(int error);
..\..\..\..\..\Source\WolfSSL\wolfssl\wolfcrypt\error-crypt.h(225): error:  #65: expected a ";"
  WOLFSSL_API const char* wc_GetErrorString(int error);
..\..\..\..\..\Source\WolfSSL\wolfcrypt\src\error.c(472): warning:  #223-D: function "XSTRNCPY" declared implicitly
      XSTRNCPY(buffer, wc_GetErrorString(error), WOLFSSL_MAX_ERROR_SZ);
..\..\..\..\..\Source\WolfSSL\wolfcrypt\src\error.c(472): error:  #20: identifier "WOLFSSL_MAX_ERROR_SZ" is undefined
      XSTRNCPY(buffer, wc_GetErrorString(error), WOLFSSL_MAX_ERROR_SZ);
..\..\..\..\..\Source\WolfSSL\wolfcrypt\src\error.c: 2 warnings, 5 errors
compiling ed25519.c...
compiling ge_operations.c...
compiling hash.c...
..\..\..\..\..\..\itracker\Source\lib\micro-ecc\types.h(59): warning:  #161-D: unrecognized #pragma
      #pragma message ("uECC_WORD_SIZE must be 4 for ARM")
..\..\..\..\..\Source\WolfSSL\wolfssl\wolfcrypt\logging.h(93): error:  #77-D: this declaration has no storage class or type specifier
  WOLFSSL_API int wolfSSL_SetLoggingCb(wolfSSL_Logging_cb log_function);
..\..\..\..\..\Source\WolfSSL\wolfssl\wolfcrypt\logging.h(93): error:  #65: expected a ";"
  WOLFSSL_API int wolfSSL_SetLoggingCb(wolfSSL_Logging_cb log_function);
..\..\..\..\..\Source\WolfSSL\wolfssl\wolfcrypt\logging.h(96): error:  #77-D: this declaration has no storage class or type specifier
  WOLFSSL_API int  wolfSSL_Debugging_ON(void);
..\..\..\..\..\Source\WolfSSL\wolfssl\wolfcrypt\logging.h(96): error:  #65: expected a ";"
  WOLFSSL_API int  wolfSSL_Debugging_ON(void);
..\..\..\..\..\Source\WolfSSL\wolfssl\wolfcrypt\logging.h(98): error:  #77-D: this declaration has no storage class or type specifier
  WOLFSSL_API void wolfSSL_Debugging_OFF(void);
..\..\..\..\..\Source\WolfSSL\wolfssl\wolfcrypt\logging.h(98): error:  #65: expected a ";"
  WOLFSSL_API void wolfSSL_Debugging_OFF(void);
..\..\..\..\..\Source\WolfSSL\wolfssl\wolfcrypt\error-crypt.h(224): error:  #77-D: this declaration has no storage class or type specifier
  WOLFSSL_API void wc_ErrorString(int err, char* buff);
..\..\..\..\..\Source\WolfSSL\wolfssl\wolfcrypt\error-crypt.h(224): error:  #65: expected a ";"
  WOLFSSL_API void wc_ErrorString(int err, char* buff);
..\..\..\..\..\Source\WolfSSL\wolfssl\wolfcrypt\error-crypt.h(225): error:  #77-D: this declaration has no storage class or type specifier
  WOLFSSL_API const char* wc_GetErrorString(int error);
..\..\..\..\..\Source\WolfSSL\wolfssl\wolfcrypt\error-crypt.h(225): error:  #65: expected a ";"
  WOLFSSL_API const char* wc_GetErrorString(int error);
..\..\..\..\..\Source\WolfSSL\wolfssl\wolfcrypt\random.h(146): error:  #20: identifier "byte" is undefined
      byte status;
..\..\..\..\..\Source\WolfSSL\wolfssl\wolfcrypt\random.h(163): error:  #77-D: this declaration has no storage class or type specifier
  WOLFSSL_LOCAL
..\..\..\..\..\Source\WolfSSL\wolfssl\wolfcrypt\random.h(164): error:  #65: expected a ";"
  int wc_GenerateSeed(OS_Seed* os, byte* seed, word32 sz);
..\..\..\..\..\Source\WolfSSL\wolfssl\wolfcrypt\random.h(174): error:  #77-D: this declaration has no storage class or type specifier
  WOLFSSL_API int  wc_InitRng(WC_RNG*);
..\..\..\..\..\Source\WolfSSL\wolfssl\wolfcrypt\random.h(174): error:  #65: expected a ";"
  WOLFSSL_API int  wc_InitRng(WC_RNG*);
..\..\..\..\..\Source\WolfSSL\wolfssl\wolfcrypt\random.h(175): error:  #77-D: this declaration has no storage class or type specifier
  WOLFSSL_API int  wc_InitRng_ex(WC_RNG* rng, void* heap, int devId);
..\..\..\..\..\Source\WolfSSL\wolfssl\wolfcrypt\random.h(175): error:  #65: expected a ";"
  WOLFSSL_API int  wc_InitRng_ex(WC_RNG* rng, void* heap, int devId);
..\..\..\..\..\Source\WolfSSL\wolfssl\wolfcrypt\random.h(176): error:  #77-D: this declaration has no storage class or type specifier
  WOLFSSL_API int  wc_RNG_GenerateBlock(WC_RNG*, byte*, word32 sz);
..\..\..\..\..\Source\WolfSSL\wolfssl\wolfcrypt\random.h(176): error:  #65: expected a ";"
  WOLFSSL_API int  wc_RNG_GenerateBlock(WC_RNG*, byte*, word32 sz);
..\..\..\..\..\Source\WolfSSL\wolfssl\wolfcrypt\random.h(177): error:  #77-D: this declaration has no storage class or type specifier
  WOLFSSL_API int  wc_RNG_GenerateByte(WC_RNG*, byte*);
..\..\..\..\..\Source\WolfSSL\wolfssl\wolfcrypt\random.h(177): error:  #65: expected a ";"
  WOLFSSL_API int  wc_RNG_GenerateByte(WC_RNG*, byte*);
..\..\..\..\..\Source\WolfSSL\wolfssl\wolfcrypt\random.h(178): error:  #77-D: this declaration has no storage class or type specifier
  WOLFSSL_API int  wc_FreeRng(WC_RNG*);
..\..\..\..\..\Source\WolfSSL\wolfssl\wolfcrypt\random.h(178): error:  #65: expected a ";"
  WOLFSSL_API int  wc_FreeRng(WC_RNG*);
..\..\..\..\..\Source\WolfSSL\wolfssl\wolfcrypt\random.h(182): error:  #77-D: this declaration has no storage class or type specifier
      WOLFSSL_LOCAL int wc_RNG_DRBG_Reseed(WC_RNG* rng, const byte* entropy,
..\..\..\..\..\Source\WolfSSL\wolfssl\wolfcrypt\random.h(182): error:  #65: expected a ";"
      WOLFSSL_LOCAL int wc_RNG_DRBG_Reseed(WC_RNG* rng, const byte* entropy,
..\..\..\..\..\Source\WolfSSL\wolfssl\wolfcrypt\random.h(184): error:  #77-D: this declaration has no storage class or type specifier
      WOLFSSL_API int wc_RNG_HealthTest(int reseed,
..\..\..\..\..\Source\WolfSSL\wolfssl\wolfcrypt\random.h(184): error:  #65: expected a ";"
      WOLFSSL_API int wc_RNG_HealthTest(int reseed,
..\..\..\..\..\Source\WolfSSL\wolfssl\wolfcrypt\random.h(187): warning:  #12-D: parsing restarts here after previous syntax error
                                          byte* output, word32 outputSz);
..\..\..\..\..\Source\WolfSSL\wolfssl\wolfcrypt\tfm.h(745): error:  #757: variable "WOLFSSL_API"  is not a type name
  WOLFSSL_API word32 CheckRunTimeFastMath(void);
..\..\..\..\..\Source\WolfSSL\wolfssl\wolfcrypt\tfm.h(745): error:  #65: expected a ";"
  WOLFSSL_API word32 CheckRunTimeFastMath(void);
..\..\..\..\..\Source\WolfSSL\wolfssl\wolfcrypt\wolfmath.h(45): error:  #20: identifier "wolfssl_word" is undefined
          extern const wolfssl_word wc_off_on_addr[2];
..\..\..\..\..\Source\WolfSSL\wolfcrypt\src\hash.c: 2 warnings, 30 errors
compiling fe_operations.c...
compiling fe_low_mem.c...
compiling ge_low_mem.c...
compiling hc128.c...
compiling hmac.c...
..\..\..\..\..\..\itracker\Source\lib\micro-ecc\types.h(59): warning:  #161-D: unrecognized #pragma
      #pragma message ("uECC_WORD_SIZE must be 4 for ARM")
..\..\..\..\..\Source\WolfSSL\wolfssl\wolfcrypt\error-crypt.h(224): error:  #77-D: this declaration has no storage class or type specifier
  WOLFSSL_API void wc_ErrorString(int err, char* buff);
..\..\..\..\..\Source\WolfSSL\wolfssl\wolfcrypt\error-crypt.h(224): error:  #65: expected a ";"
  WOLFSSL_API void wc_ErrorString(int err, char* buff);
..\..\..\..\..\Source\WolfSSL\wolfssl\wolfcrypt\error-crypt.h(225): error:  #77-D: this declaration has no storage class or type specifier
  WOLFSSL_API const char* wc_GetErrorString(int error);
..\..\..\..\..\Source\WolfSSL\wolfssl\wolfcrypt\error-crypt.h(225): error:  #65: expected a ";"
  WOLFSSL_API const char* wc_GetErrorString(int error);
..\..\..\..\..\Source\WolfSSL\wolfssl\wolfcrypt\md5.h(55): error:  #20: identifier "WC_HASH_TYPE_MD5" is undefined
      WC_MD5             =  WC_HASH_TYPE_MD5,
..\..\..\..\..\Source\WolfSSL\wolfssl\wolfcrypt\md5.h(83): error:  #20: identifier "word32" is undefined
      word32  buffLen;   /* in bytes          */
..\..\..\..\..\Source\WolfSSL\wolfssl\wolfcrypt\md5.h(84): error:  #20: identifier "word32" is undefined
      word32  loLen;     /* length in bytes   */
..\..\..\..\..\Source\WolfSSL\wolfssl\wolfcrypt\md5.h(85): error:  #20: identifier "word32" is undefined
      word32  hiLen;     /* length in bytes   */
..\..\..\..\..\Source\WolfSSL\wolfssl\wolfcrypt\md5.h(86): error:  #20: identifier "word32" is undefined
      word32  buffer[WC_MD5_BLOCK_SIZE  / sizeof(word32)];
..\..\..\..\..\Source\WolfSSL\wolfssl\wolfcrypt\md5.h(86): error:  #20: identifier "word32" is undefined
      word32  buffer[WC_MD5_BLOCK_SIZE  / sizeof(word32)];
..\..\..\..\..\Source\WolfSSL\wolfssl\wolfcrypt\md5.h(90): error:  #757: "word32"  is not a type name
      word32  digest[WC_MD5_DIGEST_SIZE / sizeof(word32)];
..\..\..\..\..\Source\WolfSSL\wolfssl\wolfcrypt\md5.h(104): error:  #77-D: this declaration has no storage class or type specifier
  WOLFSSL_API int wc_InitMd5(wc_Md5*);
..\..\..\..\..\Source\WolfSSL\wolfssl\wolfcrypt\md5.h(104): error:  #65: expected a ";"
  WOLFSSL_API int wc_InitMd5(wc_Md5*);
..\..\..\..\..\Source\WolfSSL\wolfssl\wolfcrypt\md5.h(105): error:  #77-D: this declaration has no storage class or type specifier
  WOLFSSL_API int wc_InitMd5_ex(wc_Md5*, void*, int);
..\..\..\..\..\Source\WolfSSL\wolfssl\wolfcrypt\md5.h(105): error:  #65: expected a ";"
  WOLFSSL_API int wc_InitMd5_ex(wc_Md5*, void*, int);
..\..\..\..\..\Source\WolfSSL\wolfssl\wolfcrypt\md5.h(106): error:  #77-D: this declaration has no storage class or type specifier
  WOLFSSL_API int wc_Md5Update(wc_Md5*, const byte*, word32);
..\..\..\..\..\Source\WolfSSL\wolfssl\wolfcrypt\md5.h(106): error:  #65: expected a ";"
  WOLFSSL_API int wc_Md5Update(wc_Md5*, const byte*, word32);
..\..\..\..\..\Source\WolfSSL\wolfssl\wolfcrypt\md5.h(107): error:  #77-D: this declaration has no storage class or type specifier
  WOLFSSL_API int wc_Md5Final(wc_Md5*, byte*);
..\..\..\..\..\Source\WolfSSL\wolfssl\wolfcrypt\md5.h(107): error:  #65: expected a ";"
  WOLFSSL_API int wc_Md5Final(wc_Md5*, byte*);
..\..\..\..\..\Source\WolfSSL\wolfssl\wolfcrypt\md5.h(108): error:  #77-D: this declaration has no storage class or type specifier
  WOLFSSL_API void wc_Md5Free(wc_Md5*);
..\..\..\..\..\Source\WolfSSL\wolfssl\wolfcrypt\md5.h(108): error:  #65: expected a ";"
  WOLFSSL_API void wc_Md5Free(wc_Md5*);
..\..\..\..\..\Source\WolfSSL\wolfssl\wolfcrypt\md5.h(110): error:  #77-D: this declaration has no storage class or type specifier
  WOLFSSL_API int  wc_Md5GetHash(wc_Md5*, byte*);
..\..\..\..\..\Source\WolfSSL\wolfssl\wolfcrypt\md5.h(110): error:  #65: expected a ";"
  WOLFSSL_API int  wc_Md5GetHash(wc_Md5*, byte*);
..\..\..\..\..\Source\WolfSSL\wolfssl\wolfcrypt\md5.h(111): error:  #77-D: this declaration has no storage class or type specifier
  WOLFSSL_API int  wc_Md5Copy(wc_Md5*, wc_Md5*);
..\..\..\..\..\Source\WolfSSL\wolfssl\wolfcrypt\md5.h(111): error:  #65: expected a ";"
  WOLFSSL_API int  wc_Md5Copy(wc_Md5*, wc_Md5*);
..\..\..\..\..\Source\WolfSSL\wolfssl\wolfcrypt\sha.h(78): error:  #20: identifier "WC_HASH_TYPE_SHA" is undefined
      WC_SHA              =  WC_HASH_TYPE_SHA,
..\..\..\..\..\Source\WolfSSL\wolfssl\wolfcrypt\sha.h(99): error:  #757: "word32"  is not a type name
          word32  buffLen;   /* in bytes          */
..\..\..\..\..\Source\WolfSSL\wolfssl\wolfcrypt\sha.h(100): error:  #757: "word32"  is not a type name
          word32  loLen;     /* length in bytes   */
..\..\..\..\..\Source\WolfSSL\wolfssl\wolfcrypt\sha.h(101): error:  #757: "word32"  is not a type name
          word32  hiLen;     /* length in bytes   */
..\..\..\..\..\Source\WolfSSL\wolfssl\wolfcrypt\sha.h(102): error:  #757: "word32"  is not a type name
          word32  buffer[WC_SHA_BLOCK_SIZE  / sizeof(word32)];
..\..\..\..\..\Source\WolfSSL\wolfcrypt\src\hmac.c: 1 warning, 30 errors
compiling integer.c...
..\..\..\..\..\..\itracker\Source\lib\micro-ecc\types.h(59): warning:  #161-D: unrecognized #pragma
      #pragma message ("uECC_WORD_SIZE must be 4 for ARM")
..\..\..\..\..\Source\WolfSSL\wolfcrypt\src/misc.c(81): error:  #20: identifier "INLINE" is undefined
      STATIC INLINE word32 rotlFixed(word32 x, word32 y)
..\..\..\..\..\Source\WolfSSL\wolfcrypt\src/misc.c(81): error:  #65: expected a ";"
      STATIC INLINE word32 rotlFixed(word32 x, word32 y)
..\..\..\..\..\Source\WolfSSL\wolfcrypt\src/misc.c(105): error:  #59: function call is not allowed in a constant expression
          defined(__GNUC_PREREQ) && __GNUC_PREREQ(4, 3)
..\..\..\..\..\Source\WolfSSL\wolfcrypt\src\integer.c(4964): warning: At end of source:  #12-D: parsing restarts here after previous syntax error
..\..\..\..\..\Source\WolfSSL\wolfcrypt\src\integer.c: 2 warnings, 3 errors
compiling logging.c...
..\..\..\..\..\..\itracker\Source\lib\micro-ecc\types.h(59): warning:  #161-D: unrecognized #pragma
      #pragma message ("uECC_WORD_SIZE must be 4 for ARM")
..\..\..\..\..\Source\WolfSSL\wolfssl\wolfcrypt\logging.h(93): error:  #77-D: this declaration has no storage class or type specifier
  WOLFSSL_API int wolfSSL_SetLoggingCb(wolfSSL_Logging_cb log_function);
..\..\..\..\..\Source\WolfSSL\wolfssl\wolfcrypt\logging.h(93): error:  #65: expected a ";"
  WOLFSSL_API int wolfSSL_SetLoggingCb(wolfSSL_Logging_cb log_function);
..\..\..\..\..\Source\WolfSSL\wolfssl\wolfcrypt\logging.h(96): error:  #77-D: this declaration has no storage class or type specifier
  WOLFSSL_API int  wolfSSL_Debugging_ON(void);
..\..\..\..\..\Source\WolfSSL\wolfssl\wolfcrypt\logging.h(96): error:  #65: expected a ";"
  WOLFSSL_API int  wolfSSL_Debugging_ON(void);
..\..\..\..\..\Source\WolfSSL\wolfssl\wolfcrypt\logging.h(98): error:  #77-D: this declaration has no storage class or type specifier
  WOLFSSL_API void wolfSSL_Debugging_OFF(void);
..\..\..\..\..\Source\WolfSSL\wolfssl\wolfcrypt\logging.h(98): error:  #65: expected a ";"
  WOLFSSL_API void wolfSSL_Debugging_OFF(void);
..\..\..\..\..\Source\WolfSSL\wolfssl\wolfcrypt\error-crypt.h(224): error:  #77-D: this declaration has no storage class or type specifier
  WOLFSSL_API void wc_ErrorString(int err, char* buff);
..\..\..\..\..\Source\WolfSSL\wolfssl\wolfcrypt\error-crypt.h(224): error:  #65: expected a ";"
  WOLFSSL_API void wc_ErrorString(int err, char* buff);
..\..\..\..\..\Source\WolfSSL\wolfssl\wolfcrypt\error-crypt.h(225): error:  #77-D: this declaration has no storage class or type specifier
  WOLFSSL_API const char* wc_GetErrorString(int error);
..\..\..\..\..\Source\WolfSSL\wolfssl\wolfcrypt\error-crypt.h(225): error:  #65: expected a ";"
  WOLFSSL_API const char* wc_GetErrorString(int error);
..\..\..\..\..\Source\WolfSSL\wolfcrypt\src\logging.c: 1 warning, 10 errors
compiling md5.c...
..\..\..\..\..\..\itracker\Source\lib\micro-ecc\types.h(59): warning:  #161-D: unrecognized #pragma
      #pragma message ("uECC_WORD_SIZE must be 4 for ARM")
..\..\..\..\..\Source\WolfSSL\wolfssl\wolfcrypt\md5.h(55): error:  #20: identifier "WC_HASH_TYPE_MD5" is undefined
      WC_MD5             =  WC_HASH_TYPE_MD5,
..\..\..\..\..\Source\WolfSSL\wolfssl\wolfcrypt\md5.h(83): error:  #20: identifier "word32" is undefined
      word32  buffLen;   /* in bytes          */
..\..\..\..\..\Source\WolfSSL\wolfssl\wolfcrypt\md5.h(84): error:  #20: identifier "word32" is undefined
      word32  loLen;     /* length in bytes   */
..\..\..\..\..\Source\WolfSSL\wolfssl\wolfcrypt\md5.h(85): error:  #20: identifier "word32" is undefined
      word32  hiLen;     /* length in bytes   */
..\..\..\..\..\Source\WolfSSL\wolfssl\wolfcrypt\md5.h(86): error:  #20: identifier "word32" is undefined
      word32  buffer[WC_MD5_BLOCK_SIZE  / sizeof(word32)];
..\..\..\..\..\Source\WolfSSL\wolfssl\wolfcrypt\md5.h(86): error:  #20: identifier "word32" is undefined
      word32  buffer[WC_MD5_BLOCK_SIZE  / sizeof(word32)];
..\..\..\..\..\Source\WolfSSL\wolfssl\wolfcrypt\md5.h(90): error:  #757: "word32"  is not a type name
      word32  digest[WC_MD5_DIGEST_SIZE / sizeof(word32)];
..\..\..\..\..\Source\WolfSSL\wolfssl\wolfcrypt\md5.h(104): error:  #77-D: this declaration has no storage class or type specifier
  WOLFSSL_API int wc_InitMd5(wc_Md5*);
..\..\..\..\..\Source\WolfSSL\wolfssl\wolfcrypt\md5.h(104): error:  #65: expected a ";"
  WOLFSSL_API int wc_InitMd5(wc_Md5*);
..\..\..\..\..\Source\WolfSSL\wolfssl\wolfcrypt\md5.h(105): error:  #77-D: this declaration has no storage class or type specifier
  WOLFSSL_API int wc_InitMd5_ex(wc_Md5*, void*, int);
..\..\..\..\..\Source\WolfSSL\wolfssl\wolfcrypt\md5.h(105): error:  #65: expected a ";"
  WOLFSSL_API int wc_InitMd5_ex(wc_Md5*, void*, int);
..\..\..\..\..\Source\WolfSSL\wolfssl\wolfcrypt\md5.h(106): error:  #77-D: this declaration has no storage class or type specifier
  WOLFSSL_API int wc_Md5Update(wc_Md5*, const byte*, word32);
..\..\..\..\..\Source\WolfSSL\wolfssl\wolfcrypt\md5.h(106): error:  #65: expected a ";"
  WOLFSSL_API int wc_Md5Update(wc_Md5*, const byte*, word32);
..\..\..\..\..\Source\WolfSSL\wolfssl\wolfcrypt\md5.h(107): error:  #77-D: this declaration has no storage class or type specifier
  WOLFSSL_API int wc_Md5Final(wc_Md5*, byte*);
..\..\..\..\..\Source\WolfSSL\wolfssl\wolfcrypt\md5.h(107): error:  #65: expected a ";"
  WOLFSSL_API int wc_Md5Final(wc_Md5*, byte*);
..\..\..\..\..\Source\WolfSSL\wolfssl\wolfcrypt\md5.h(108): error:  #77-D: this declaration has no storage class or type specifier
  WOLFSSL_API void wc_Md5Free(wc_Md5*);
..\..\..\..\..\Source\WolfSSL\wolfssl\wolfcrypt\md5.h(108): error:  #65: expected a ";"
  WOLFSSL_API void wc_Md5Free(wc_Md5*);
..\..\..\..\..\Source\WolfSSL\wolfssl\wolfcrypt\md5.h(110): error:  #77-D: this declaration has no storage class or type specifier
  WOLFSSL_API int  wc_Md5GetHash(wc_Md5*, byte*);
..\..\..\..\..\Source\WolfSSL\wolfssl\wolfcrypt\md5.h(110): error:  #65: expected a ";"
  WOLFSSL_API int  wc_Md5GetHash(wc_Md5*, byte*);
..\..\..\..\..\Source\WolfSSL\wolfssl\wolfcrypt\md5.h(111): error:  #77-D: this declaration has no storage class or type specifier
  WOLFSSL_API int  wc_Md5Copy(wc_Md5*, wc_Md5*);
..\..\..\..\..\Source\WolfSSL\wolfssl\wolfcrypt\md5.h(111): error:  #65: expected a ";"
  WOLFSSL_API int  wc_Md5Copy(wc_Md5*, wc_Md5*);
..\..\..\..\..\Source\WolfSSL\wolfssl\wolfcrypt\error-crypt.h(224): error:  #77-D: this declaration has no storage class or type specifier
  WOLFSSL_API void wc_ErrorString(int err, char* buff);
..\..\..\..\..\Source\WolfSSL\wolfssl\wolfcrypt\error-crypt.h(224): error:  #65: expected a ";"
  WOLFSSL_API void wc_ErrorString(int err, char* buff);
..\..\..\..\..\Source\WolfSSL\wolfssl\wolfcrypt\error-crypt.h(225): error:  #77-D: this declaration has no storage class or type specifier
  WOLFSSL_API const char* wc_GetErrorString(int error);
..\..\..\..\..\Source\WolfSSL\wolfssl\wolfcrypt\error-crypt.h(225): error:  #65: expected a ";"
  WOLFSSL_API const char* wc_GetErrorString(int error);
..\..\..\..\..\Source\WolfSSL\wolfssl\wolfcrypt\logging.h(93): error:  #77-D: this declaration has no storage class or type specifier
  WOLFSSL_API int wolfSSL_SetLoggingCb(wolfSSL_Logging_cb log_function);
..\..\..\..\..\Source\WolfSSL\wolfssl\wolfcrypt\logging.h(93): error:  #65: expected a ";"
  WOLFSSL_API int wolfSSL_SetLoggingCb(wolfSSL_Logging_cb log_function);
..\..\..\..\..\Source\WolfSSL\wolfssl\wolfcrypt\logging.h(96): error:  #77-D: this declaration has no storage class or type specifier
  WOLFSSL_API int  wolfSSL_Debugging_ON(void);
..\..\..\..\..\Source\WolfSSL\wolfssl\wolfcrypt\logging.h(96): error:  #65: expected a ";"
  WOLFSSL_API int  wolfSSL_Debugging_ON(void);
..\..\..\..\..\Source\WolfSSL\wolfssl\wolfcrypt\logging.h(98): error:  #77-D: this declaration has no storage class or type specifier
  WOLFSSL_API void wolfSSL_Debugging_OFF(void);
..\..\..\..\..\Source\WolfSSL\wolfcrypt\src\md5.c: 1 warning, 30 errors
compiling md4.c...
compiling md2.c...
compiling idea.c...
compiling memory.c...
..\..\..\..\..\..\itracker\Source\lib\micro-ecc\types.h(59): warning:  #161-D: unrecognized #pragma
      #pragma message ("uECC_WORD_SIZE must be 4 for ARM")
..\..\..\..\..\Source\WolfSSL\wolfssl\wolfcrypt\memory.h(70): error:  #77-D: this declaration has no storage class or type specifier
          WOLFSSL_API void* wolfSSL_Malloc(size_t size);
..\..\..\..\..\Source\WolfSSL\wolfssl\wolfcrypt\memory.h(70): error:  #65: expected a ";"
          WOLFSSL_API void* wolfSSL_Malloc(size_t size);
..\..\..\..\..\Source\WolfSSL\wolfssl\wolfcrypt\memory.h(71): error:  #77-D: this declaration has no storage class or type specifier
          WOLFSSL_API void  wolfSSL_Free(void *ptr);
..\..\..\..\..\Source\WolfSSL\wolfssl\wolfcrypt\memory.h(71): error:  #65: expected a ";"
          WOLFSSL_API void  wolfSSL_Free(void *ptr);
..\..\..\..\..\Source\WolfSSL\wolfssl\wolfcrypt\memory.h(72): error:  #77-D: this declaration has no storage class or type specifier
          WOLFSSL_API void* wolfSSL_Realloc(void *ptr, size_t size);
..\..\..\..\..\Source\WolfSSL\wolfssl\wolfcrypt\memory.h(72): error:  #65: expected a ";"
          WOLFSSL_API void* wolfSSL_Realloc(void *ptr, size_t size);
..\..\..\..\..\Source\WolfSSL\wolfssl\wolfcrypt\memory.h(77): error:  #77-D: this declaration has no storage class or type specifier
  WOLFSSL_API int wolfSSL_SetAllocators(wolfSSL_Malloc_cb,
..\..\..\..\..\Source\WolfSSL\wolfssl\wolfcrypt\memory.h(77): error:  #65: expected a ";"
  WOLFSSL_API int wolfSSL_SetAllocators(wolfSSL_Malloc_cb,
..\..\..\..\..\Source\WolfSSL\wolfssl\wolfcrypt\memory.h(81): error:  #77-D: this declaration has no storage class or type specifier
  WOLFSSL_API int wolfSSL_GetAllocators(wolfSSL_Malloc_cb*,
..\..\..\..\..\Source\WolfSSL\wolfssl\wolfcrypt\memory.h(81): error:  #65: expected a ";"
  WOLFSSL_API int wolfSSL_GetAllocators(wolfSSL_Malloc_cb*,
..\..\..\..\..\Source\WolfSSL\wolfssl\wolfcrypt\error-crypt.h(224): error:  #77-D: this declaration has no storage class or type specifier
  WOLFSSL_API void wc_ErrorString(int err, char* buff);
..\..\..\..\..\Source\WolfSSL\wolfssl\wolfcrypt\error-crypt.h(224): error:  #65: expected a ";"
  WOLFSSL_API void wc_ErrorString(int err, char* buff);
..\..\..\..\..\Source\WolfSSL\wolfssl\wolfcrypt\error-crypt.h(225): error:  #77-D: this declaration has no storage class or type specifier
  WOLFSSL_API const char* wc_GetErrorString(int error);
..\..\..\..\..\Source\WolfSSL\wolfssl\wolfcrypt\error-crypt.h(225): error:  #65: expected a ";"
  WOLFSSL_API const char* wc_GetErrorString(int error);
..\..\..\..\..\Source\WolfSSL\wolfssl\wolfcrypt\logging.h(93): error:  #77-D: this declaration has no storage class or type specifier
  WOLFSSL_API int wolfSSL_SetLoggingCb(wolfSSL_Logging_cb log_function);
..\..\..\..\..\Source\WolfSSL\wolfssl\wolfcrypt\logging.h(93): error:  #65: expected a ";"
  WOLFSSL_API int wolfSSL_SetLoggingCb(wolfSSL_Logging_cb log_function);
..\..\..\..\..\Source\WolfSSL\wolfssl\wolfcrypt\logging.h(96): error:  #77-D: this declaration has no storage class or type specifier
  WOLFSSL_API int  wolfSSL_Debugging_ON(void);
..\..\..\..\..\Source\WolfSSL\wolfssl\wolfcrypt\logging.h(96): error:  #65: expected a ";"
  WOLFSSL_API int  wolfSSL_Debugging_ON(void);
..\..\..\..\..\Source\WolfSSL\wolfssl\wolfcrypt\logging.h(98): error:  #77-D: this declaration has no storage class or type specifier
  WOLFSSL_API void wolfSSL_Debugging_OFF(void);
..\..\..\..\..\Source\WolfSSL\wolfssl\wolfcrypt\logging.h(98): error:  #65: expected a ";"
  WOLFSSL_API void wolfSSL_Debugging_OFF(void);
..\..\..\..\..\Source\WolfSSL\wolfcrypt\src\memory.c: 1 warning, 20 errors
compiling pkcs12.c...
..\..\..\..\..\..\itracker\Source\lib\micro-ecc\types.h(59): warning:  #161-D: unrecognized #pragma
      #pragma message ("uECC_WORD_SIZE must be 4 for ARM")
..\..\..\..\..\Source\WolfSSL\wolfssl\wolfcrypt\random.h(146): error:  #20: identifier "byte" is undefined
      byte status;
..\..\..\..\..\Source\WolfSSL\wolfssl\wolfcrypt\random.h(163): error:  #77-D: this declaration has no storage class or type specifier
  WOLFSSL_LOCAL
..\..\..\..\..\Source\WolfSSL\wolfssl\wolfcrypt\random.h(164): error:  #65: expected a ";"
  int wc_GenerateSeed(OS_Seed* os, byte* seed, word32 sz);
..\..\..\..\..\Source\WolfSSL\wolfssl\wolfcrypt\random.h(174): error:  #77-D: this declaration has no storage class or type specifier
  WOLFSSL_API int  wc_InitRng(WC_RNG*);
..\..\..\..\..\Source\WolfSSL\wolfssl\wolfcrypt\random.h(174): error:  #65: expected a ";"
  WOLFSSL_API int  wc_InitRng(WC_RNG*);
..\..\..\..\..\Source\WolfSSL\wolfssl\wolfcrypt\random.h(175): error:  #77-D: this declaration has no storage class or type specifier
  WOLFSSL_API int  wc_InitRng_ex(WC_RNG* rng, void* heap, int devId);
..\..\..\..\..\Source\WolfSSL\wolfssl\wolfcrypt\random.h(175): error:  #65: expected a ";"
  WOLFSSL_API int  wc_InitRng_ex(WC_RNG* rng, void* heap, int devId);
..\..\..\..\..\Source\WolfSSL\wolfssl\wolfcrypt\random.h(176): error:  #77-D: this declaration has no storage class or type specifier
  WOLFSSL_API int  wc_RNG_GenerateBlock(WC_RNG*, byte*, word32 sz);
..\..\..\..\..\Source\WolfSSL\wolfssl\wolfcrypt\random.h(176): error:  #65: expected a ";"
  WOLFSSL_API int  wc_RNG_GenerateBlock(WC_RNG*, byte*, word32 sz);
..\..\..\..\..\Source\WolfSSL\wolfssl\wolfcrypt\random.h(177): error:  #77-D: this declaration has no storage class or type specifier
  WOLFSSL_API int  wc_RNG_GenerateByte(WC_RNG*, byte*);
..\..\..\..\..\Source\WolfSSL\wolfssl\wolfcrypt\random.h(177): error:  #65: expected a ";"
  WOLFSSL_API int  wc_RNG_GenerateByte(WC_RNG*, byte*);
..\..\..\..\..\Source\WolfSSL\wolfssl\wolfcrypt\random.h(178): error:  #77-D: this declaration has no storage class or type specifier
  WOLFSSL_API int  wc_FreeRng(WC_RNG*);
..\..\..\..\..\Source\WolfSSL\wolfssl\wolfcrypt\random.h(178): error:  #65: expected a ";"
  WOLFSSL_API int  wc_FreeRng(WC_RNG*);
..\..\..\..\..\Source\WolfSSL\wolfssl\wolfcrypt\random.h(182): error:  #77-D: this declaration has no storage class or type specifier
      WOLFSSL_LOCAL int wc_RNG_DRBG_Reseed(WC_RNG* rng, const byte* entropy,
..\..\..\..\..\Source\WolfSSL\wolfssl\wolfcrypt\random.h(182): error:  #65: expected a ";"
      WOLFSSL_LOCAL int wc_RNG_DRBG_Reseed(WC_RNG* rng, const byte* entropy,
..\..\..\..\..\Source\WolfSSL\wolfssl\wolfcrypt\random.h(184): error:  #77-D: this declaration has no storage class or type specifier
      WOLFSSL_API int wc_RNG_HealthTest(int reseed,
..\..\..\..\..\Source\WolfSSL\wolfssl\wolfcrypt\random.h(184): error:  #65: expected a ";"
      WOLFSSL_API int wc_RNG_HealthTest(int reseed,
..\..\..\..\..\Source\WolfSSL\wolfssl\wolfcrypt\random.h(187): warning:  #12-D: parsing restarts here after previous syntax error
                                          byte* output, word32 outputSz);
..\..\..\..\..\Source\WolfSSL\wolfssl\wolfcrypt\tfm.h(745): error:  #757: variable "WOLFSSL_API"  is not a type name
  WOLFSSL_API word32 CheckRunTimeFastMath(void);
..\..\..\..\..\Source\WolfSSL\wolfssl\wolfcrypt\tfm.h(745): error:  #65: expected a ";"
  WOLFSSL_API word32 CheckRunTimeFastMath(void);
..\..\..\..\..\Source\WolfSSL\wolfssl\wolfcrypt\wolfmath.h(45): error:  #20: identifier "wolfssl_word" is undefined
          extern const wolfssl_word wc_off_on_addr[2];
..\..\..\..\..\Source\WolfSSL\wolfssl\wolfcrypt\sha.h(78): error:  #20: identifier "WC_HASH_TYPE_SHA" is undefined
      WC_SHA              =  WC_HASH_TYPE_SHA,
..\..\..\..\..\Source\WolfSSL\wolfssl\wolfcrypt\sha.h(99): error:  #757: variable "word32"  is not a type name
          word32  buffLen;   /* in bytes          */
..\..\..\..\..\Source\WolfSSL\wolfssl\wolfcrypt\sha.h(100): error:  #757: variable "word32"  is not a type name
          word32  loLen;     /* length in bytes   */
..\..\..\..\..\Source\WolfSSL\wolfssl\wolfcrypt\sha.h(101): error:  #757: variable "word32"  is not a type name
          word32  hiLen;     /* length in bytes   */
..\..\..\..\..\Source\WolfSSL\wolfssl\wolfcrypt\sha.h(102): error:  #757: variable "word32"  is not a type name
          word32  buffer[WC_SHA_BLOCK_SIZE  / sizeof(word32)];
..\..\..\..\..\Source\WolfSSL\wolfssl\wolfcrypt\sha.h(106): error:  #757: variable "word32"  is not a type name
          word32  digest[WC_SHA_DIGEST_SIZE / sizeof(word32)];
..\..\..\..\..\Source\WolfSSL\wolfssl\wolfcrypt\sha.h(123): error:  #77-D: this declaration has no storage class or type specifier
  WOLFSSL_API int wc_InitSha(wc_Sha*);
..\..\..\..\..\Source\WolfSSL\wolfssl\wolfcrypt\sha.h(123): error:  #65: expected a ";"
  WOLFSSL_API int wc_InitSha(wc_Sha*);
..\..\..\..\..\Source\WolfSSL\wolfssl\wolfcrypt\sha.h(124): error:  #77-D: this declaration has no storage class or type specifier
  WOLFSSL_API int wc_InitSha_ex(wc_Sha* sha, void* heap, int devId);
..\..\..\..\..\Source\WolfSSL\wolfssl\wolfcrypt\sha.h(124): error:  #65: expected a ";"
  WOLFSSL_API int wc_InitSha_ex(wc_Sha* sha, void* heap, int devId);
..\..\..\..\..\Source\WolfSSL\wolfcrypt\src\pkcs12.c: 2 warnings, 30 errors
compiling poly1305.c...
..\..\..\..\..\..\itracker\Source\lib\micro-ecc\types.h(59): warning:  #161-D: unrecognized #pragma
      #pragma message ("uECC_WORD_SIZE must be 4 for ARM")
..\..\..\..\..\Source\WolfSSL\wolfssl\wolfcrypt\poly1305.h(90): error:  #20: identifier "word32" is undefined
      word32 r[5];
..\..\..\..\..\Source\WolfSSL\wolfssl\wolfcrypt\poly1305.h(91): error:  #20: identifier "word32" is undefined
      word32 h[5];
..\..\..\..\..\Source\WolfSSL\wolfssl\wolfcrypt\poly1305.h(92): error:  #20: identifier "word32" is undefined
      word32 pad[4];
..\..\..\..\..\Source\WolfSSL\wolfssl\wolfcrypt\poly1305.h(102): error:  #77-D: this declaration has no storage class or type specifier
  WOLFSSL_API int wc_Poly1305SetKey(Poly1305* poly1305, const byte* key,
..\..\..\..\..\Source\WolfSSL\wolfssl\wolfcrypt\poly1305.h(102): error:  #65: expected a ";"
  WOLFSSL_API int wc_Poly1305SetKey(Poly1305* poly1305, const byte* key,
..\..\..\..\..\Source\WolfSSL\wolfssl\wolfcrypt\poly1305.h(104): error:  #77-D: this declaration has no storage class or type specifier
  WOLFSSL_API int wc_Poly1305Update(Poly1305* poly1305, const byte*, word32);
..\..\..\..\..\Source\WolfSSL\wolfssl\wolfcrypt\poly1305.h(104): error:  #65: expected a ";"
  WOLFSSL_API int wc_Poly1305Update(Poly1305* poly1305, const byte*, word32);
..\..\..\..\..\Source\WolfSSL\wolfssl\wolfcrypt\poly1305.h(105): error:  #77-D: this declaration has no storage class or type specifier
  WOLFSSL_API int wc_Poly1305Final(Poly1305* poly1305, byte* tag);
..\..\..\..\..\Source\WolfSSL\wolfssl\wolfcrypt\poly1305.h(105): error:  #65: expected a ";"
  WOLFSSL_API int wc_Poly1305Final(Poly1305* poly1305, byte* tag);
..\..\..\..\..\Source\WolfSSL\wolfssl\wolfcrypt\poly1305.h(106): error:  #77-D: this declaration has no storage class or type specifier
  WOLFSSL_API int wc_Poly1305_MAC(Poly1305* ctx, byte* additional, word32 addSz,
..\..\..\..\..\Source\WolfSSL\wolfssl\wolfcrypt\poly1305.h(106): error:  #65: expected a ";"
  WOLFSSL_API int wc_Poly1305_MAC(Poly1305* ctx, byte* additional, word32 addSz,
..\..\..\..\..\Source\WolfSSL\wolfssl\wolfcrypt\error-crypt.h(224): error:  #77-D: this declaration has no storage class or type specifier
  WOLFSSL_API void wc_ErrorString(int err, char* buff);
..\..\..\..\..\Source\WolfSSL\wolfssl\wolfcrypt\error-crypt.h(224): error:  #65: expected a ";"
  WOLFSSL_API void wc_ErrorString(int err, char* buff);
..\..\..\..\..\Source\WolfSSL\wolfssl\wolfcrypt\error-crypt.h(225): error:  #77-D: this declaration has no storage class or type specifier
  WOLFSSL_API const char* wc_GetErrorString(int error);
..\..\..\..\..\Source\WolfSSL\wolfssl\wolfcrypt\error-crypt.h(225): error:  #65: expected a ";"
  WOLFSSL_API const char* wc_GetErrorString(int error);
..\..\..\..\..\Source\WolfSSL\wolfssl\wolfcrypt\logging.h(93): error:  #77-D: this declaration has no storage class or type specifier
  WOLFSSL_API int wolfSSL_SetLoggingCb(wolfSSL_Logging_cb log_function);
..\..\..\..\..\Source\WolfSSL\wolfssl\wolfcrypt\logging.h(93): error:  #65: expected a ";"
  WOLFSSL_API int wolfSSL_SetLoggingCb(wolfSSL_Logging_cb log_function);
..\..\..\..\..\Source\WolfSSL\wolfssl\wolfcrypt\logging.h(96): error:  #77-D: this declaration has no storage class or type specifier
  WOLFSSL_API int  wolfSSL_Debugging_ON(void);
..\..\..\..\..\Source\WolfSSL\wolfssl\wolfcrypt\logging.h(96): error:  #65: expected a ";"
  WOLFSSL_API int  wolfSSL_Debugging_ON(void);
..\..\..\..\..\Source\WolfSSL\wolfssl\wolfcrypt\logging.h(98): error:  #77-D: this declaration has no storage class or type specifier
  WOLFSSL_API void wolfSSL_Debugging_OFF(void);
..\..\..\..\..\Source\WolfSSL\wolfssl\wolfcrypt\logging.h(98): error:  #65: expected a ";"
  WOLFSSL_API void wolfSSL_Debugging_OFF(void);
..\..\..\..\..\Source\WolfSSL\wolfcrypt\src/misc.c(81): error:  #20: identifier "INLINE" is undefined
      STATIC INLINE word32 rotlFixed(word32 x, word32 y)
..\..\..\..\..\Source\WolfSSL\wolfcrypt\src/misc.c(81): error:  #65: expected a ";"
      STATIC INLINE word32 rotlFixed(word32 x, word32 y)
..\..\..\..\..\Source\WolfSSL\wolfcrypt\src/misc.c(105): error:  #59: function call is not allowed in a constant expression
          defined(__GNUC_PREREQ) && __GNUC_PREREQ(4, 3)
..\..\..\..\..\Source\WolfSSL\wolfcrypt\src\poly1305.c(1130): warning:  #12-D: parsing restarts here after previous syntax error
      const word32 hibit = (ctx->finished) ? 0 : (1 << 24); /* 1 << 128 */
..\..\..\..\..\Source\WolfSSL\wolfcrypt\src\poly1305.c(1131): error:  #757: variable "word32"  is not a type name
      word32 r0,r1,r2,r3,r4;
..\..\..\..\..\Source\WolfSSL\wolfcrypt\src\poly1305.c(1132): error:  #757: variable "word32"  is not a type name
      word32 s1,s2,s3,s4;
..\..\..\..\..\Source\WolfSSL\wolfcrypt\src\poly1305.c(1133): error:  #757: variable "word32"  is not a type name
      word32 h0,h1,h2,h3,h4;
..\..\..\..\..\Source\WolfSSL\wolfcrypt\src\poly1305.c(1134): error:  #20: identifier "word64" is undefined
      word64 d0,d1,d2,d3,d4;
..\..\..\..\..\Source\WolfSSL\wolfcrypt\src\poly1305.c(1135): error:  #757: variable "word32"  is not a type name
      word32 c;
..\..\..\..\..\Source\WolfSSL\wolfcrypt\src\poly1305.c(1138): error:  #77-D: this declaration has no storage class or type specifier
      r0 = ctx->r[0];
..\..\..\..\..\Source\WolfSSL\wolfcrypt\src\poly1305.c: 2 warnings, 30 errors
compiling random.c...
..\..\..\..\..\..\itracker\Source\lib\micro-ecc\types.h(59): warning:  #161-D: unrecognized #pragma
      #pragma message ("uECC_WORD_SIZE must be 4 for ARM")
..\..\..\..\..\Source\WolfSSL\wolfssl\wolfcrypt\random.h(146): error:  #20: identifier "byte" is undefined
      byte status;
..\..\..\..\..\Source\WolfSSL\wolfssl\wolfcrypt\random.h(163): error:  #77-D: this declaration has no storage class or type specifier
  WOLFSSL_LOCAL
..\..\..\..\..\Source\WolfSSL\wolfssl\wolfcrypt\random.h(164): error:  #65: expected a ";"
  int wc_GenerateSeed(OS_Seed* os, byte* seed, word32 sz);
..\..\..\..\..\Source\WolfSSL\wolfssl\wolfcrypt\random.h(174): error:  #77-D: this declaration has no storage class or type specifier
  WOLFSSL_API int  wc_InitRng(WC_RNG*);
..\..\..\..\..\Source\WolfSSL\wolfssl\wolfcrypt\random.h(174): error:  #65: expected a ";"
  WOLFSSL_API int  wc_InitRng(WC_RNG*);
..\..\..\..\..\Source\WolfSSL\wolfssl\wolfcrypt\random.h(175): error:  #77-D: this declaration has no storage class or type specifier
  WOLFSSL_API int  wc_InitRng_ex(WC_RNG* rng, void* heap, int devId);
..\..\..\..\..\Source\WolfSSL\wolfssl\wolfcrypt\random.h(175): error:  #65: expected a ";"
  WOLFSSL_API int  wc_InitRng_ex(WC_RNG* rng, void* heap, int devId);
..\..\..\..\..\Source\WolfSSL\wolfssl\wolfcrypt\random.h(176): error:  #77-D: this declaration has no storage class or type specifier
  WOLFSSL_API int  wc_RNG_GenerateBlock(WC_RNG*, byte*, word32 sz);
..\..\..\..\..\Source\WolfSSL\wolfssl\wolfcrypt\random.h(176): error:  #65: expected a ";"
  WOLFSSL_API int  wc_RNG_GenerateBlock(WC_RNG*, byte*, word32 sz);
..\..\..\..\..\Source\WolfSSL\wolfssl\wolfcrypt\random.h(177): error:  #77-D: this declaration has no storage class or type specifier
  WOLFSSL_API int  wc_RNG_GenerateByte(WC_RNG*, byte*);
..\..\..\..\..\Source\WolfSSL\wolfssl\wolfcrypt\random.h(177): error:  #65: expected a ";"
  WOLFSSL_API int  wc_RNG_GenerateByte(WC_RNG*, byte*);
..\..\..\..\..\Source\WolfSSL\wolfssl\wolfcrypt\random.h(178): error:  #77-D: this declaration has no storage class or type specifier
  WOLFSSL_API int  wc_FreeRng(WC_RNG*);
..\..\..\..\..\Source\WolfSSL\wolfssl\wolfcrypt\random.h(178): error:  #65: expected a ";"
  WOLFSSL_API int  wc_FreeRng(WC_RNG*);
..\..\..\..\..\Source\WolfSSL\wolfssl\wolfcrypt\random.h(182): error:  #77-D: this declaration has no storage class or type specifier
      WOLFSSL_LOCAL int wc_RNG_DRBG_Reseed(WC_RNG* rng, const byte* entropy,
..\..\..\..\..\Source\WolfSSL\wolfssl\wolfcrypt\random.h(182): error:  #65: expected a ";"
      WOLFSSL_LOCAL int wc_RNG_DRBG_Reseed(WC_RNG* rng, const byte* entropy,
..\..\..\..\..\Source\WolfSSL\wolfssl\wolfcrypt\random.h(184): error:  #77-D: this declaration has no storage class or type specifier
      WOLFSSL_API int wc_RNG_HealthTest(int reseed,
..\..\..\..\..\Source\WolfSSL\wolfssl\wolfcrypt\random.h(184): error:  #65: expected a ";"
      WOLFSSL_API int wc_RNG_HealthTest(int reseed,
..\..\..\..\..\Source\WolfSSL\wolfssl\wolfcrypt\random.h(187): warning:  #12-D: parsing restarts here after previous syntax error
                                          byte* output, word32 outputSz);
..\..\..\..\..\Source\WolfSSL\wolfssl\wolfcrypt\error-crypt.h(224): error:  #77-D: this declaration has no storage class or type specifier
  WOLFSSL_API void wc_ErrorString(int err, char* buff);
..\..\..\..\..\Source\WolfSSL\wolfssl\wolfcrypt\error-crypt.h(225): error:  #77-D: this declaration has no storage class or type specifier
  WOLFSSL_API const char* wc_GetErrorString(int error);
..\..\..\..\..\Source\WolfSSL\wolfssl\wolfcrypt\error-crypt.h(225): error:  #65: expected a ";"
  WOLFSSL_API const char* wc_GetErrorString(int error);
..\..\..\..\..\Source\WolfSSL\wolfcrypt\src/misc.c(81): error:  #20: identifier "INLINE" is undefined
      STATIC INLINE word32 rotlFixed(word32 x, word32 y)
..\..\..\..\..\Source\WolfSSL\wolfcrypt\src/misc.c(81): error:  #65: expected a ";"
      STATIC INLINE word32 rotlFixed(word32 x, word32 y)
..\..\..\..\..\Source\WolfSSL\wolfcrypt\src/misc.c(105): error:  #59: function call is not allowed in a constant expression
          defined(__GNUC_PREREQ) && __GNUC_PREREQ(4, 3)
..\..\..\..\..\Source\WolfSSL\wolfcrypt\src\random.c(188): warning:  #12-D: parsing restarts here after previous syntax error
  };
..\..\..\..\..\Source\WolfSSL\wolfcrypt\src\random.c(192): error:  #757: variable "word32"  is not a type name
      word32 reseedCtr;
..\..\..\..\..\Source\WolfSSL\wolfcrypt\src\random.c(193): error:  #757: variable "word32"  is not a type name
      word32 lastBlock;
..\..\..\..\..\Source\WolfSSL\wolfcrypt\src\random.c(194): error:  #20: identifier "byte" is undefined
      byte V[DRBG_SEED_LEN];
..\..\..\..\..\Source\WolfSSL\wolfcrypt\src\random.c(195): error:  #20: identifier "byte" is undefined
      byte C[DRBG_SEED_LEN];
..\..\..\..\..\Source\WolfSSL\wolfcrypt\src\random.c(200): error:  #20: identifier "byte" is undefined
      byte   matchCount;
..\..\..\..\..\Source\WolfSSL\wolfcrypt\src\random.c(208): error:  #20: identifier "byte" is undefined
  static int Hash_df(DRBG* drbg, byte* out, word32 outSz, byte type,
..\..\..\..\..\Source\WolfSSL\wolfcrypt\src\random.c: 3 warnings, 30 errors
compiling pwdbased.c...
..\..\..\..\..\..\itracker\Source\lib\micro-ecc\types.h(59): warning:  #161-D: unrecognized #pragma
      #pragma message ("uECC_WORD_SIZE must be 4 for ARM")
..\..\..\..\..\Source\WolfSSL\wolfssl\wolfcrypt\pwdbased.h(42): error:  #77-D: this declaration has no storage class or type specifier
  WOLFSSL_API int wc_PBKDF1_ex(byte* key, int keyLen, byte* iv, int ivLen,
..\..\..\..\..\Source\WolfSSL\wolfssl\wolfcrypt\pwdbased.h(42): error:  #65: expected a ";"
  WOLFSSL_API int wc_PBKDF1_ex(byte* key, int keyLen, byte* iv, int ivLen,
..\..\..\..\..\Source\WolfSSL\wolfssl\wolfcrypt\pwdbased.h(45): warning:  #12-D: parsing restarts here after previous syntax error
                        int hashType, void* heap);
..\..\..\..\..\Source\WolfSSL\wolfssl\wolfcrypt\pwdbased.h(46): error:  #77-D: this declaration has no storage class or type specifier
  WOLFSSL_API int wc_PBKDF1(byte* output, const byte* passwd, int pLen,
..\..\..\..\..\Source\WolfSSL\wolfssl\wolfcrypt\pwdbased.h(46): error:  #65: expected a ";"
  WOLFSSL_API int wc_PBKDF1(byte* output, const byte* passwd, int pLen,
..\..\..\..\..\Source\WolfSSL\wolfssl\wolfcrypt\pwdbased.h(49): error:  #77-D: this declaration has no storage class or type specifier
  WOLFSSL_API int wc_PBKDF2(byte* output, const byte* passwd, int pLen,
..\..\..\..\..\Source\WolfSSL\wolfssl\wolfcrypt\pwdbased.h(49): error:  #65: expected a ";"
  WOLFSSL_API int wc_PBKDF2(byte* output, const byte* passwd, int pLen,
..\..\..\..\..\Source\WolfSSL\wolfssl\wolfcrypt\pwdbased.h(52): error:  #77-D: this declaration has no storage class or type specifier
  WOLFSSL_API int wc_PKCS12_PBKDF(byte* output, const byte* passwd, int pLen,
..\..\..\..\..\Source\WolfSSL\wolfssl\wolfcrypt\pwdbased.h(52): error:  #65: expected a ";"
  WOLFSSL_API int wc_PKCS12_PBKDF(byte* output, const byte* passwd, int pLen,
..\..\..\..\..\Source\WolfSSL\wolfssl\wolfcrypt\pwdbased.h(55): error:  #77-D: this declaration has no storage class or type specifier
  WOLFSSL_API int wc_PKCS12_PBKDF_ex(byte* output, const byte* passwd,int passLen,
..\..\..\..\..\Source\WolfSSL\wolfssl\wolfcrypt\pwdbased.h(55): error:  #65: expected a ";"
  WOLFSSL_API int wc_PKCS12_PBKDF_ex(byte* output, const byte* passwd,int passLen,
..\..\..\..\..\Source\WolfSSL\wolfssl\wolfcrypt\md5.h(55): error:  #20: identifier "WC_HASH_TYPE_MD5" is undefined
      WC_MD5             =  WC_HASH_TYPE_MD5,
..\..\..\..\..\Source\WolfSSL\wolfssl\wolfcrypt\md5.h(83): error:  #20: identifier "word32" is undefined
      word32  buffLen;   /* in bytes          */
..\..\..\..\..\Source\WolfSSL\wolfssl\wolfcrypt\md5.h(84): error:  #20: identifier "word32" is undefined
      word32  loLen;     /* length in bytes   */
..\..\..\..\..\Source\WolfSSL\wolfssl\wolfcrypt\md5.h(85): error:  #20: identifier "word32" is undefined
      word32  hiLen;     /* length in bytes   */
..\..\..\..\..\Source\WolfSSL\wolfssl\wolfcrypt\md5.h(86): error:  #20: identifier "word32" is undefined
      word32  buffer[WC_MD5_BLOCK_SIZE  / sizeof(word32)];
..\..\..\..\..\Source\WolfSSL\wolfssl\wolfcrypt\md5.h(86): error:  #20: identifier "word32" is undefined
      word32  buffer[WC_MD5_BLOCK_SIZE  / sizeof(word32)];
..\..\..\..\..\Source\WolfSSL\wolfssl\wolfcrypt\md5.h(90): error:  #757: "word32"  is not a type name
      word32  digest[WC_MD5_DIGEST_SIZE / sizeof(word32)];
..\..\..\..\..\Source\WolfSSL\wolfssl\wolfcrypt\md5.h(104): error:  #77-D: this declaration has no storage class or type specifier
  WOLFSSL_API int wc_InitMd5(wc_Md5*);
..\..\..\..\..\Source\WolfSSL\wolfssl\wolfcrypt\md5.h(104): error:  #65: expected a ";"
  WOLFSSL_API int wc_InitMd5(wc_Md5*);
..\..\..\..\..\Source\WolfSSL\wolfssl\wolfcrypt\md5.h(105): error:  #77-D: this declaration has no storage class or type specifier
  WOLFSSL_API int wc_InitMd5_ex(wc_Md5*, void*, int);
..\..\..\..\..\Source\WolfSSL\wolfssl\wolfcrypt\md5.h(105): error:  #65: expected a ";"
  WOLFSSL_API int wc_InitMd5_ex(wc_Md5*, void*, int);
..\..\..\..\..\Source\WolfSSL\wolfssl\wolfcrypt\md5.h(106): error:  #77-D: this declaration has no storage class or type specifier
  WOLFSSL_API int wc_Md5Update(wc_Md5*, const byte*, word32);
..\..\..\..\..\Source\WolfSSL\wolfssl\wolfcrypt\md5.h(106): error:  #65: expected a ";"
  WOLFSSL_API int wc_Md5Update(wc_Md5*, const byte*, word32);
..\..\..\..\..\Source\WolfSSL\wolfssl\wolfcrypt\md5.h(107): error:  #77-D: this declaration has no storage class or type specifier
  WOLFSSL_API int wc_Md5Final(wc_Md5*, byte*);
..\..\..\..\..\Source\WolfSSL\wolfssl\wolfcrypt\md5.h(107): error:  #65: expected a ";"
  WOLFSSL_API int wc_Md5Final(wc_Md5*, byte*);
..\..\..\..\..\Source\WolfSSL\wolfssl\wolfcrypt\md5.h(108): error:  #77-D: this declaration has no storage class or type specifier
  WOLFSSL_API void wc_Md5Free(wc_Md5*);
..\..\..\..\..\Source\WolfSSL\wolfssl\wolfcrypt\md5.h(108): error:  #65: expected a ";"
  WOLFSSL_API void wc_Md5Free(wc_Md5*);
..\..\..\..\..\Source\WolfSSL\wolfssl\wolfcrypt\md5.h(110): error:  #77-D: this declaration has no storage class or type specifier
  WOLFSSL_API int  wc_Md5GetHash(wc_Md5*, byte*);
..\..\..\..\..\Source\WolfSSL\wolfssl\wolfcrypt\md5.h(110): error:  #65: expected a ";"
  WOLFSSL_API int  wc_Md5GetHash(wc_Md5*, byte*);
..\..\..\..\..\Source\WolfSSL\wolfssl\wolfcrypt\md5.h(111): error:  #77-D: this declaration has no storage class or type specifier
  WOLFSSL_API int  wc_Md5Copy(wc_Md5*, wc_Md5*);
..\..\..\..\..\Source\WolfSSL\wolfcrypt\src\pwdbased.c: 2 warnings, 30 errors
compiling misc.c...
..\..\..\..\..\..\itracker\Source\lib\micro-ecc\types.h(59): warning:  #161-D: unrecognized #pragma
      #pragma message ("uECC_WORD_SIZE must be 4 for ARM")
..\..\..\..\..\Source\WolfSSL\wolfcrypt\src\misc.c: 1 warning, 0 errors
compiling selftest.c...
compiling pkcs7.c...
compiling rabbit.c...
compiling rsa.c...
..\..\..\..\..\..\itracker\Source\lib\micro-ecc\types.h(59): warning:  #161-D: unrecognized #pragma
      #pragma message ("uECC_WORD_SIZE must be 4 for ARM")
..\..\..\..\..\Source\WolfSSL\wolfssl\wolfcrypt\error-crypt.h(224): error:  #77-D: this declaration has no storage class or type specifier
  WOLFSSL_API void wc_ErrorString(int err, char* buff);
..\..\..\..\..\Source\WolfSSL\wolfssl\wolfcrypt\error-crypt.h(224): error:  #65: expected a ";"
  WOLFSSL_API void wc_ErrorString(int err, char* buff);
..\..\..\..\..\Source\WolfSSL\wolfssl\wolfcrypt\error-crypt.h(225): error:  #77-D: this declaration has no storage class or type specifier
  WOLFSSL_API const char* wc_GetErrorString(int error);
..\..\..\..\..\Source\WolfSSL\wolfssl\wolfcrypt\error-crypt.h(225): error:  #65: expected a ";"
  WOLFSSL_API const char* wc_GetErrorString(int error);
..\..\..\..\..\Source\WolfSSL\wolfssl\wolfcrypt\random.h(146): error:  #20: identifier "byte" is undefined
      byte status;
..\..\..\..\..\Source\WolfSSL\wolfssl\wolfcrypt\random.h(163): error:  #77-D: this declaration has no storage class or type specifier
  WOLFSSL_LOCAL
..\..\..\..\..\Source\WolfSSL\wolfssl\wolfcrypt\random.h(164): error:  #65: expected a ";"
  int wc_GenerateSeed(OS_Seed* os, byte* seed, word32 sz);
..\..\..\..\..\Source\WolfSSL\wolfssl\wolfcrypt\random.h(174): error:  #77-D: this declaration has no storage class or type specifier
  WOLFSSL_API int  wc_InitRng(WC_RNG*);
..\..\..\..\..\Source\WolfSSL\wolfssl\wolfcrypt\random.h(174): error:  #65: expected a ";"
  WOLFSSL_API int  wc_InitRng(WC_RNG*);
..\..\..\..\..\Source\WolfSSL\wolfssl\wolfcrypt\random.h(175): error:  #77-D: this declaration has no storage class or type specifier
  WOLFSSL_API int  wc_InitRng_ex(WC_RNG* rng, void* heap, int devId);
..\..\..\..\..\Source\WolfSSL\wolfssl\wolfcrypt\random.h(175): error:  #65: expected a ";"
  WOLFSSL_API int  wc_InitRng_ex(WC_RNG* rng, void* heap, int devId);
..\..\..\..\..\Source\WolfSSL\wolfssl\wolfcrypt\random.h(176): error:  #77-D: this declaration has no storage class or type specifier
  WOLFSSL_API int  wc_RNG_GenerateBlock(WC_RNG*, byte*, word32 sz);
..\..\..\..\..\Source\WolfSSL\wolfssl\wolfcrypt\random.h(176): error:  #65: expected a ";"
  WOLFSSL_API int  wc_RNG_GenerateBlock(WC_RNG*, byte*, word32 sz);
..\..\..\..\..\Source\WolfSSL\wolfssl\wolfcrypt\random.h(177): error:  #77-D: this declaration has no storage class or type specifier
  WOLFSSL_API int  wc_RNG_GenerateByte(WC_RNG*, byte*);
..\..\..\..\..\Source\WolfSSL\wolfssl\wolfcrypt\random.h(177): error:  #65: expected a ";"
  WOLFSSL_API int  wc_RNG_GenerateByte(WC_RNG*, byte*);
..\..\..\..\..\Source\WolfSSL\wolfssl\wolfcrypt\random.h(178): error:  #77-D: this declaration has no storage class or type specifier
  WOLFSSL_API int  wc_FreeRng(WC_RNG*);
..\..\..\..\..\Source\WolfSSL\wolfssl\wolfcrypt\random.h(178): error:  #65: expected a ";"
  WOLFSSL_API int  wc_FreeRng(WC_RNG*);
..\..\..\..\..\Source\WolfSSL\wolfssl\wolfcrypt\random.h(182): error:  #77-D: this declaration has no storage class or type specifier
      WOLFSSL_LOCAL int wc_RNG_DRBG_Reseed(WC_RNG* rng, const byte* entropy,
..\..\..\..\..\Source\WolfSSL\wolfssl\wolfcrypt\random.h(182): error:  #65: expected a ";"
      WOLFSSL_LOCAL int wc_RNG_DRBG_Reseed(WC_RNG* rng, const byte* entropy,
..\..\..\..\..\Source\WolfSSL\wolfssl\wolfcrypt\random.h(184): error:  #77-D: this declaration has no storage class or type specifier
      WOLFSSL_API int wc_RNG_HealthTest(int reseed,
..\..\..\..\..\Source\WolfSSL\wolfssl\wolfcrypt\random.h(184): error:  #65: expected a ";"
      WOLFSSL_API int wc_RNG_HealthTest(int reseed,
                               byte* output, word32 outputSz);
..\..\..\..\..\Source\WolfSSL\wolfssl\wolfcrypt\tfm.h(745): error:  #757: variable "WOLFSSL_API"  is not a type name
  WOLFSSL_API word32 CheckRunTimeFastMath(void);
.\..\Source\WolfSSL\wolfssl\wolfcrypt\tfm.h(745): error:  #757: variable "WOLFSSL_API"  is not a type name
  WOLFSSL_API word32 CheckRunTimeFastMath(void);
..\..\..\..\..\Source\WolfSSL\wolfssl\wolfcrypt\wolfmath.h(45): error:  #20: identifier "wolfssl_word" is undefined
          extern const wolfssl_word wc_off_on_addr[2];
..\..\..\..\..\Source\WolfSSL\wolfssl\wolfcrypt\md5.h(55): error:  #20: identifier "WC_HASH_TYPE_MD5" is undefined
      WC_MD5             =  WC_HASH_TYPE_MD5,
..\..\..\..\..\Source\WolfSSL\wolfssl\wolfcrypt\md5.h(83): error:  #757: variable "word32"  is not a type name
      word32  buffLen;   /* in bytes          */
..\..\..\..\..\Source\WolfSSL\wolfssl\wolfcrypt\md5.h(84): error:  #757: variable "word32"  is not a type name
      word32  loLen;     /* length in bytes   */
..\..\..\..\..\Source\WolfSSL\wolfssl\wolfcrypt\md5.h(85): error:  #757: variable "word32"  is not a type name
      word32  hiLen;     /* length in bytes   */
..\..\..\..\..\Source\WolfSSL\wolfssl\wolfcrypt\md5.h(86): error:  #757: variable "word32"  is not a type name
      word32  buffer[WC_MD5_BLOCK_SIZE  / sizeof(word32)];
..\..\..\..\..\Source\WolfSSL\wolfssl\wolfcrypt\md5.h(90): error:  #757: variable "word32"  is not a type name
      word32  digest[WC_MD5_DIGEST_SIZE / sizeof(word32)];
..\..\..\..\..\Source\WolfSSL\wolfcrypt\src\rsa.c: 2 warnings, 30 errors
compiling ripemd.c...
compiling sha256.c...
..\..\..\..\..\..\itracker\Source\lib\micro-ecc\types.h(59): warning:  #161-D: unrecognized #pragma
      #pragma message ("uECC_WORD_SIZE must be 4 for ARM")
..\..\..\..\..\Source\WolfSSL\wolfssl\wolfcrypt\error-crypt.h(224): error:  #77-D: this declaration has no storage class or type specifier
  WOLFSSL_API void wc_ErrorString(int err, char* buff);
..\..\..\..\..\Source\WolfSSL\wolfssl\wolfcrypt\error-crypt.h(224): error:  #65: expected a ";"
  WOLFSSL_API void wc_ErrorString(int err, char* buff);
..\..\..\..\..\Source\WolfSSL\wolfssl\wolfcrypt\error-crypt.h(225): error:  #77-D: this declaration has no storage class or type specifier
  WOLFSSL_API const char* wc_GetErrorString(int error);
..\..\..\..\..\Source\WolfSSL\wolfssl\wolfcrypt\error-crypt.h(225): error:  #65: expected a ";"
  WOLFSSL_API const char* wc_GetErrorString(int error);
..\..\..\..\..\Source\WolfSSL\wolfssl\wolfcrypt\logging.h(93): error:  #77-D: this declaration has no storage class or type specifier
  WOLFSSL_API int wolfSSL_SetLoggingCb(wolfSSL_Logging_cb log_function);
..\..\..\..\..\Source\WolfSSL\wolfssl\wolfcrypt\logging.h(93): error:  #65: expected a ";"
  WOLFSSL_API int wolfSSL_SetLoggingCb(wolfSSL_Logging_cb log_function);
..\..\..\..\..\Source\WolfSSL\wolfssl\wolfcrypt\logging.h(96): error:  #77-D: this declaration has no storage class or type specifier
  WOLFSSL_API int  wolfSSL_Debugging_ON(void);
..\..\..\..\..\Source\WolfSSL\wolfssl\wolfcrypt\logging.h(96): error:  #65: expected a ";"
  WOLFSSL_API int  wolfSSL_Debugging_ON(void);
..\..\..\..\..\Source\WolfSSL\wolfssl\wolfcrypt\logging.h(98): error:  #77-D: this declaration has no storage class or type specifier
  WOLFSSL_API void wolfSSL_Debugging_OFF(void);
..\..\..\..\..\Source\WolfSSL\wolfssl\wolfcrypt\logging.h(98): error:  #65: expected a ";"
  WOLFSSL_API void wolfSSL_Debugging_OFF(void);
..\..\..\..\..\Source\WolfSSL\wolfcrypt\src/misc.c(81): error:  #20: identifier "INLINE" is undefined
      STATIC INLINE word32 rotlFixed(word32 x, word32 y)
..\..\..\..\..\Source\WolfSSL\wolfcrypt\src/misc.c(81): error:  #65: expected a ";"
      STATIC INLINE word32 rotlFixed(word32 x, word32 y)
..\..\..\..\..\Source\WolfSSL\wolfcrypt\src/misc.c(105): error:  #59: function call is not allowed in a constant expression
          defined(__GNUC_PREREQ) && __GNUC_PREREQ(4, 3)
..\..\..\..\..\Source\WolfSSL\wolfcrypt\src\sha256.c(471): warning:  #12-D: parsing restarts here after previous syntax error
      };
..\..\..\..\..\Source\WolfSSL\wolfcrypt\src\sha256.c(503): error:  #20: identifier "wc_Sha256" is undefined
      static int Transform_Sha256(wc_Sha256* sha256)
..\..\..\..\..\Source\WolfSSL\wolfcrypt\src\sha256.c(505): error:  #65: expected a ";"
          word32 S[8], t0, t1;
..\..\..\..\..\Source\WolfSSL\wolfcrypt\src\sha256.c(516): error:  #65: expected a ";"
          word32 W[WC_SHA256_BLOCK_SIZE];
..\..\..\..\..\Source\WolfSSL\wolfcrypt\src\sha256.c(521): error:  #20: identifier "S" is undefined
              S[i] = sha256->digest[i];
..\..\..\..\..\Source\WolfSSL\wolfcrypt\src\sha256.c(524): error:  #20: identifier "W" is undefined
              W[i] = sha256->buffer[i];
..\..\..\..\..\Source\WolfSSL\wolfcrypt\src\sha256.c(526): error:  #20: identifier "WC_SHA256_BLOCK_SIZE" is undefined
          for (i = 16; i < WC_SHA256_BLOCK_SIZE; i++)
..\..\..\..\..\Source\WolfSSL\wolfcrypt\src\sha256.c(527): error:  #20: identifier "W" is undefined
              W[i] = Gamma1(W[i-2]) + W[i-7] + Gamma0(W[i-15]) + W[i-16];
..\..\..\..\..\Source\WolfSSL\wolfcrypt\src\sha256.c(527): warning:  #223-D: function "rotrFixed" declared implicitly
              W[i] = Gamma1(W[i-2]) + W[i-7] + Gamma0(W[i-15]) + W[i-16];
..\..\..\..\..\Source\WolfSSL\wolfcrypt\src\sha256.c(539): error:  #20: identifier "WC_SHA256_BLOCK_SIZE" is undefined
          for (i = 0; i < WC_SHA256_BLOCK_SIZE; i += 8) {
..\..\..\..\..\Source\WolfSSL\wolfcrypt\src\sha256.c(540): error:  #20: identifier "t0" is undefined
              RND(0); RND(1); RND(2); RND(3);
..\..\..\..\..\Source\WolfSSL\wolfcrypt\src\sha256.c(540): error:  #20: identifier "S" is undefined
              RND(0); RND(1); RND(2); RND(3);
..\..\..\..\..\Source\WolfSSL\wolfcrypt\src\sha256.c(540): warning:  #223-D: function "rotrFixed" declared implicitly
              RND(0); RND(1); RND(2); RND(3);
..\..\..\..\..\Source\WolfSSL\wolfcrypt\src\sha256.c(540): error:  #20: identifier "K" is undefined
              RND(0); RND(1); RND(2); RND(3);
..\..\..\..\..\Source\WolfSSL\wolfcrypt\src\sha256.c(540): error:  #20: identifier "W" is undefined
              RND(0); RND(1); RND(2); RND(3);
..\..\..\..\..\Source\WolfSSL\wolfcrypt\src\sha256.c(540): error:  #20: identifier "t1" is undefined
              RND(0); RND(1); RND(2); RND(3);
..\..\..\..\..\Source\WolfSSL\wolfcrypt\src\sha256.c(547): error:  #20: identifier "S" is undefined
              sha256->digest[i] += S[i];
..\..\..\..\..\Source\WolfSSL\wolfcrypt\src\sha256.c(562): error:  #260-D: explicit type is missing ("int" assumed)
      static INLINE void AddLength(wc_Sha256* sha256, word32 len)
..\..\..\..\..\Source\WolfSSL\wolfcrypt\src\sha256.c(562): error:  #65: expected a ";"
      static INLINE void AddLength(wc_Sha256* sha256, word32 len)
..\..\..\..\..\Source\WolfSSL\wolfcrypt\src\sha256.c(592): warning:  #12-D: parsing restarts here after previous syntax error
          local = (byte*)sha256->buffer;
..\..\..\..\..\Source\WolfSSL\wolfcrypt\src\sha256.c(595): error:  #169: expected a declaration
          if (sha256->buffLen >= WC_SHA256_BLOCK_SIZE)
..\..\..\..\..\Source\WolfSSL\wolfcrypt\src\sha256.c: 5 warnings, 30 errors
compiling signature.c...
..\..\..\..\..\..\itracker\Source\lib\micro-ecc\types.h(59): warning:  #161-D: unrecognized #pragma
      #pragma message ("uECC_WORD_SIZE must be 4 for ARM")
..\..\..\..\..\Source\WolfSSL\wolfssl\wolfcrypt\md5.h(55): error:  #20: identifier "WC_HASH_TYPE_MD5" is undefined
      WC_MD5             =  WC_HASH_TYPE_MD5,
..\..\..\..\..\Source\WolfSSL\wolfssl\wolfcrypt\md5.h(83): error:  #20: identifier "word32" is undefined
      word32  buffLen;   /* in bytes          */
..\..\..\..\..\Source\WolfSSL\wolfssl\wolfcrypt\md5.h(84): error:  #20: identifier "word32" is undefined
      word32  loLen;     /* length in bytes   */
..\..\..\..\..\Source\WolfSSL\wolfssl\wolfcrypt\md5.h(85): error:  #20: identifier "word32" is undefined
      word32  hiLen;     /* length in bytes   */
..\..\..\..\..\Source\WolfSSL\wolfssl\wolfcrypt\md5.h(86): error:  #20: identifier "word32" is undefined
      word32  buffer[WC_MD5_BLOCK_SIZE  / sizeof(word32)];
..\..\..\..\..\Source\WolfSSL\wolfssl\wolfcrypt\md5.h(86): error:  #20: identifier "word32" is undefined
      word32  buffer[WC_MD5_BLOCK_SIZE  / sizeof(word32)];
..\..\..\..\..\Source\WolfSSL\wolfssl\wolfcrypt\md5.h(90): error:  #757: "word32"  is not a type name
      word32  digest[WC_MD5_DIGEST_SIZE / sizeof(word32)];
..\..\..\..\..\Source\WolfSSL\wolfssl\wolfcrypt\md5.h(104): error:  #77-D: this declaration has no storage class or type specifier
  WOLFSSL_API int wc_InitMd5(wc_Md5*);
..\..\..\..\..\Source\WolfSSL\wolfssl\wolfcrypt\md5.h(104): error:  #65: expected a ";"
  WOLFSSL_API int wc_InitMd5(wc_Md5*);
..\..\..\..\..\Source\WolfSSL\wolfssl\wolfcrypt\md5.h(105): error:  #77-D: this declaration has no storage class or type specifier
  WOLFSSL_API int wc_InitMd5_ex(wc_Md5*, void*, int);
..\..\..\..\..\Source\WolfSSL\wolfssl\wolfcrypt\md5.h(105): error:  #65: expected a ";"
  WOLFSSL_API int wc_InitMd5_ex(wc_Md5*, void*, int);
..\..\..\..\..\Source\WolfSSL\wolfssl\wolfcrypt\md5.h(106): error:  #77-D: this declaration has no storage class or type specifier
  WOLFSSL_API int wc_Md5Update(wc_Md5*, const byte*, word32);
..\..\..\..\..\Source\WolfSSL\wolfssl\wolfcrypt\md5.h(106): error:  #65: expected a ";"
  WOLFSSL_API int wc_Md5Update(wc_Md5*, const byte*, word32);
..\..\..\..\..\Source\WolfSSL\wolfssl\wolfcrypt\md5.h(107): error:  #77-D: this declaration has no storage class or type specifier
  WOLFSSL_API int wc_Md5Final(wc_Md5*, byte*);
..\..\..\..\..\Source\WolfSSL\wolfssl\wolfcrypt\md5.h(107): error:  #65: expected a ";"
  WOLFSSL_API int wc_Md5Final(wc_Md5*, byte*);
..\..\..\..\..\Source\WolfSSL\wolfssl\wolfcrypt\md5.h(108): error:  #77-D: this declaration has no storage class or type specifier
  WOLFSSL_API void wc_Md5Free(wc_Md5*);
..\..\..\..\..\Source\WolfSSL\wolfssl\wolfcrypt\md5.h(108): error:  #65: expected a ";"
  WOLFSSL_API void wc_Md5Free(wc_Md5*);
..\..\..\..\..\Source\WolfSSL\wolfssl\wolfcrypt\md5.h(110): error:  #77-D: this declaration has no storage class or type specifier
  WOLFSSL_API int  wc_Md5GetHash(wc_Md5*, byte*);
..\..\..\..\..\Source\WolfSSL\wolfssl\wolfcrypt\md5.h(110): error:  #65: expected a ";"
  WOLFSSL_API int  wc_Md5GetHash(wc_Md5*, byte*);
..\..\..\..\..\Source\WolfSSL\wolfssl\wolfcrypt\md5.h(111): error:  #77-D: this declaration has no storage class or type specifier
  WOLFSSL_API int  wc_Md5Copy(wc_Md5*, wc_Md5*);
..\..\..\..\..\Source\WolfSSL\wolfssl\wolfcrypt\md5.h(111): error:  #65: expected a ";"
  WOLFSSL_API int  wc_Md5Copy(wc_Md5*, wc_Md5*);
..\..\..\..\..\Source\WolfSSL\wolfssl\wolfcrypt\sha.h(78): error:  #20: identifier "WC_HASH_TYPE_SHA" is undefined
      WC_SHA              =  WC_HASH_TYPE_SHA,
..\..\..\..\..\Source\WolfSSL\wolfssl\wolfcrypt\sha.h(99): error:  #757: "word32"  is not a type name
          word32  buffLen;   /* in bytes          */
..\..\..\..\..\Source\WolfSSL\wolfssl\wolfcrypt\sha.h(100): error:  #757: "word32"  is not a type name
          word32  loLen;     /* length in bytes   */
..\..\..\..\..\Source\WolfSSL\wolfssl\wolfcrypt\sha.h(101): error:  #757: "word32"  is not a type name
          word32  hiLen;     /* length in bytes   */
..\..\..\..\..\Source\WolfSSL\wolfssl\wolfcrypt\sha.h(102): error:  #757: "word32"  is not a type name
          word32  buffer[WC_SHA_BLOCK_SIZE  / sizeof(word32)];
..\..\..\..\..\Source\WolfSSL\wolfssl\wolfcrypt\sha.h(106): error:  #757: "word32"  is not a type name
          word32  digest[WC_SHA_DIGEST_SIZE / sizeof(word32)];
..\..\..\..\..\Source\WolfSSL\wolfssl\wolfcrypt\sha.h(123): error:  #77-D: this declaration has no storage class or type specifier
  WOLFSSL_API int wc_InitSha(wc_Sha*);
..\..\..\..\..\Source\WolfSSL\wolfssl\wolfcrypt\sha.h(123): error:  #65: expected a ";"
  WOLFSSL_API int wc_InitSha(wc_Sha*);
..\..\..\..\..\Source\WolfSSL\wolfssl\wolfcrypt\sha.h(124): error:  #77-D: this declaration has no storage class or type specifier
  WOLFSSL_API int wc_InitSha_ex(wc_Sha* sha, void* heap, int devId);
..\..\..\..\..\Source\WolfSSL\wolfcrypt\src\signature.c: 1 warning, 30 errors
compiling sha.c...
..\..\..\..\..\..\itracker\Source\lib\micro-ecc\types.h(59): warning:  #161-D: unrecognized #pragma
      #pragma message ("uECC_WORD_SIZE must be 4 for ARM")
..\..\..\..\..\Source\WolfSSL\wolfssl\wolfcrypt\sha.h(78): error:  #20: identifier "WC_HASH_TYPE_SHA" is undefined
      WC_SHA              =  WC_HASH_TYPE_SHA,
..\..\..\..\..\Source\WolfSSL\wolfssl\wolfcrypt\sha.h(99): error:  #20: identifier "word32" is undefined
          word32  buffLen;   /* in bytes          */
..\..\..\..\..\Source\WolfSSL\wolfssl\wolfcrypt\sha.h(100): error:  #20: identifier "word32" is undefined
          word32  loLen;     /* length in bytes   */
..\..\..\..\..\Source\WolfSSL\wolfssl\wolfcrypt\sha.h(101): error:  #20: identifier "word32" is undefined
          word32  hiLen;     /* length in bytes   */
..\..\..\..\..\Source\WolfSSL\wolfssl\wolfcrypt\sha.h(102): error:  #20: identifier "word32" is undefined
          word32  buffer[WC_SHA_BLOCK_SIZE  / sizeof(word32)];
..\..\..\..\..\Source\WolfSSL\wolfssl\wolfcrypt\sha.h(102): error:  #20: identifier "word32" is undefined
          word32  buffer[WC_SHA_BLOCK_SIZE  / sizeof(word32)];
..\..\..\..\..\Source\WolfSSL\wolfssl\wolfcrypt\sha.h(106): error:  #757: "word32"  is not a type name
          word32  digest[WC_SHA_DIGEST_SIZE / sizeof(word32)];
..\..\..\..\..\Source\WolfSSL\wolfssl\wolfcrypt\sha.h(123): error:  #77-D: this declaration has no storage class or type specifier
  WOLFSSL_API int wc_InitSha(wc_Sha*);
..\..\..\..\..\Source\WolfSSL\wolfssl\wolfcrypt\sha.h(123): error:  #65: expected a ";"
  WOLFSSL_API int wc_InitSha(wc_Sha*);
..\..\..\..\..\Source\WolfSSL\wolfssl\wolfcrypt\sha.h(124): error:  #77-D: this declaration has no storage class or type specifier
  WOLFSSL_API int wc_InitSha_ex(wc_Sha* sha, void* heap, int devId);
..\..\..\..\..\Source\WolfSSL\wolfssl\wolfcrypt\sha.h(124): error:  #65: expected a ";"
  WOLFSSL_API int wc_InitSha_ex(wc_Sha* sha, void* heap, int devId);
..\..\..\..\..\Source\WolfSSL\wolfssl\wolfcrypt\sha.h(125): error:  #77-D: this declaration has no storage class or type specifier
  WOLFSSL_API int wc_ShaUpdate(wc_Sha*, const byte*, word32);
..\..\..\..\..\Source\WolfSSL\wolfssl\wolfcrypt\sha.h(125): error:  #65: expected a ";"
  WOLFSSL_API int wc_ShaUpdate(wc_Sha*, const byte*, word32);
..\..\..\..\..\Source\WolfSSL\wolfssl\wolfcrypt\sha.h(126): error:  #77-D: this declaration has no storage class or type specifier
  WOLFSSL_API int wc_ShaFinalRaw(wc_Sha*, byte*);
..\..\..\..\..\Source\WolfSSL\wolfssl\wolfcrypt\sha.h(126): error:  #65: expected a ";"
  WOLFSSL_API int wc_ShaFinalRaw(wc_Sha*, byte*);
..\..\..\..\..\Source\WolfSSL\wolfssl\wolfcrypt\sha.h(127): error:  #77-D: this declaration has no storage class or type specifier
  WOLFSSL_API int wc_ShaFinal(wc_Sha*, byte*);
..\..\..\..\..\Source\WolfSSL\wolfssl\wolfcrypt\sha.h(127): error:  #65: expected a ";"
  WOLFSSL_API int wc_ShaFinal(wc_Sha*, byte*);
..\..\..\..\..\Source\WolfSSL\wolfssl\wolfcrypt\sha.h(128): error:  #77-D: this declaration has no storage class or type specifier
  WOLFSSL_API void wc_ShaFree(wc_Sha*);
..\..\..\..\..\Source\WolfSSL\wolfssl\wolfcrypt\sha.h(128): error:  #65: expected a ";"
  WOLFSSL_API void wc_ShaFree(wc_Sha*);
..\..\..\..\..\Source\WolfSSL\wolfssl\wolfcrypt\sha.h(130): error:  #77-D: this declaration has no storage class or type specifier
  WOLFSSL_API int wc_ShaGetHash(wc_Sha*, byte*);
..\..\..\..\..\Source\WolfSSL\wolfssl\wolfcrypt\sha.h(130): error:  #65: expected a ";"
  WOLFSSL_API int wc_ShaGetHash(wc_Sha*, byte*);
..\..\..\..\..\Source\WolfSSL\wolfssl\wolfcrypt\sha.h(131): error:  #77-D: this declaration has no storage class or type specifier
  WOLFSSL_API int wc_ShaCopy(wc_Sha*, wc_Sha*);
..\..\..\..\..\Source\WolfSSL\wolfssl\wolfcrypt\sha.h(131): error:  #65: expected a ";"
  WOLFSSL_API int wc_ShaCopy(wc_Sha*, wc_Sha*);
..\..\..\..\..\Source\WolfSSL\wolfssl\wolfcrypt\error-crypt.h(224): error:  #77-D: this declaration has no storage class or type specifier
  WOLFSSL_API void wc_ErrorString(int err, char* buff);
..\..\..\..\..\Source\WolfSSL\wolfssl\wolfcrypt\error-crypt.h(224): error:  #65: expected a ";"
  WOLFSSL_API void wc_ErrorString(int err, char* buff);
..\..\..\..\..\Source\WolfSSL\wolfssl\wolfcrypt\error-crypt.h(225): error:  #77-D: this declaration has no storage class or type specifier
  WOLFSSL_API const char* wc_GetErrorString(int error);
..\..\..\..\..\Source\WolfSSL\wolfssl\wolfcrypt\error-crypt.h(225): error:  #65: expected a ";"
  WOLFSSL_API const char* wc_GetErrorString(int error);
..\..\..\..\..\Source\WolfSSL\wolfssl\wolfcrypt\logging.h(93): error:  #77-D: this declaration has no storage class or type specifier
  WOLFSSL_API int wolfSSL_SetLoggingCb(wolfSSL_Logging_cb log_function);
..\..\..\..\..\Source\WolfSSL\wolfssl\wolfcrypt\logging.h(93): error:  #65: expected a ";"
  WOLFSSL_API int wolfSSL_SetLoggingCb(wolfSSL_Logging_cb log_function);
..\..\..\..\..\Source\WolfSSL\wolfssl\wolfcrypt\logging.h(96): error:  #77-D: this declaration has no storage class or type specifier
  WOLFSSL_API int  wolfSSL_Debugging_ON(void);
..\..\..\..\..\Source\WolfSSL\wolfcrypt\src\sha.c: 1 warning, 30 errors
compiling sha512.c...
..\..\..\..\..\..\itracker\Source\lib\micro-ecc\types.h(59): warning:  #161-D: unrecognized #pragma
      #pragma message ("uECC_WORD_SIZE must be 4 for ARM")
..\..\..\..\..\Source\WolfSSL\wolfssl\wolfcrypt\sha512.h(87): error:  #20: identifier "WC_HASH_TYPE_SHA512" is undefined
      WC_SHA512              =   WC_HASH_TYPE_SHA512,
..\..\..\..\..\Source\WolfSSL\wolfssl\wolfcrypt\sha512.h(99): error:  #20: identifier "word64" is undefined
      word64  digest[WC_SHA512_DIGEST_SIZE / sizeof(word64)];
..\..\..\..\..\Source\WolfSSL\wolfssl\wolfcrypt\sha512.h(99): error:  #20: identifier "word64" is undefined
      word64  digest[WC_SHA512_DIGEST_SIZE / sizeof(word64)];
..\..\..\..\..\Source\WolfSSL\wolfssl\wolfcrypt\sha512.h(100): error:  #757: "word64"  is not a type name
      word64  buffer[WC_SHA512_BLOCK_SIZE  / sizeof(word64)];
..\..\..\..\..\Source\WolfSSL\wolfssl\wolfcrypt\sha512.h(101): error:  #20: identifier "word32" is undefined
      word32  buffLen;   /* in bytes          */
..\..\..\..\..\Source\WolfSSL\wolfssl\wolfcrypt\sha512.h(102): error:  #757: "word64"  is not a type name
      word64  loLen;     /* length in bytes   */
..\..\..\..\..\Source\WolfSSL\wolfssl\wolfcrypt\sha512.h(103): error:  #757: "word64"  is not a type name
      word64  hiLen;     /* length in bytes   */
..\..\..\..\..\Source\WolfSSL\wolfssl\wolfcrypt\sha512.h(116): error:  #77-D: this declaration has no storage class or type specifier
  WOLFSSL_API int wc_InitSha512(wc_Sha512*);
..\..\..\..\..\Source\WolfSSL\wolfssl\wolfcrypt\sha512.h(116): error:  #65: expected a ";"
  WOLFSSL_API int wc_InitSha512(wc_Sha512*);
..\..\..\..\..\Source\WolfSSL\wolfssl\wolfcrypt\sha512.h(117): error:  #77-D: this declaration has no storage class or type specifier
  WOLFSSL_API int wc_InitSha512_ex(wc_Sha512*, void*, int);
..\..\..\..\..\Source\WolfSSL\wolfssl\wolfcrypt\sha512.h(117): error:  #65: expected a ";"
  WOLFSSL_API int wc_InitSha512_ex(wc_Sha512*, void*, int);
..\..\..\..\..\Source\WolfSSL\wolfssl\wolfcrypt\sha512.h(118): error:  #77-D: this declaration has no storage class or type specifier
  WOLFSSL_API int wc_Sha512Update(wc_Sha512*, const byte*, word32);
..\..\..\..\..\Source\WolfSSL\wolfssl\wolfcrypt\sha512.h(118): error:  #65: expected a ";"
  WOLFSSL_API int wc_Sha512Update(wc_Sha512*, const byte*, word32);
..\..\..\..\..\Source\WolfSSL\wolfssl\wolfcrypt\sha512.h(119): error:  #77-D: this declaration has no storage class or type specifier
  WOLFSSL_API int wc_Sha512FinalRaw(wc_Sha512*, byte*);
..\..\..\..\..\Source\WolfSSL\wolfssl\wolfcrypt\sha512.h(119): error:  #65: expected a ";"
  WOLFSSL_API int wc_Sha512FinalRaw(wc_Sha512*, byte*);
..\..\..\..\..\Source\WolfSSL\wolfssl\wolfcrypt\sha512.h(120): error:  #77-D: this declaration has no storage class or type specifier
  WOLFSSL_API int wc_Sha512Final(wc_Sha512*, byte*);
..\..\..\..\..\Source\WolfSSL\wolfssl\wolfcrypt\sha512.h(120): error:  #65: expected a ";"
  WOLFSSL_API int wc_Sha512Final(wc_Sha512*, byte*);
..\..\..\..\..\Source\WolfSSL\wolfssl\wolfcrypt\sha512.h(121): error:  #77-D: this declaration has no storage class or type specifier
  WOLFSSL_API void wc_Sha512Free(wc_Sha512*);
..\..\..\..\..\Source\WolfSSL\wolfssl\wolfcrypt\sha512.h(121): error:  #65: expected a ";"
  WOLFSSL_API void wc_Sha512Free(wc_Sha512*);
..\..\..\..\..\Source\WolfSSL\wolfssl\wolfcrypt\sha512.h(123): error:  #77-D: this declaration has no storage class or type specifier
  WOLFSSL_API int wc_Sha512GetHash(wc_Sha512*, byte*);
..\..\..\..\..\Source\WolfSSL\wolfssl\wolfcrypt\sha512.h(123): error:  #65: expected a ";"
  WOLFSSL_API int wc_Sha512GetHash(wc_Sha512*, byte*);
..\..\..\..\..\Source\WolfSSL\wolfssl\wolfcrypt\sha512.h(124): error:  #77-D: this declaration has no storage class or type specifier
  WOLFSSL_API int wc_Sha512Copy(wc_Sha512* src, wc_Sha512* dst);
..\..\..\..\..\Source\WolfSSL\wolfssl\wolfcrypt\sha512.h(124): error:  #65: expected a ";"
  WOLFSSL_API int wc_Sha512Copy(wc_Sha512* src, wc_Sha512* dst);
..\..\..\..\..\Source\WolfSSL\wolfssl\wolfcrypt\sha512.h(143): error:  #20: identifier "WC_HASH_TYPE_SHA384" is undefined
      WC_SHA384              =   WC_HASH_TYPE_SHA384,
..\..\..\..\..\Source\WolfSSL\wolfssl\wolfcrypt\sha512.h(153): error:  #77-D: this declaration has no storage class or type specifier
  WOLFSSL_API int wc_InitSha384(wc_Sha384*);
..\..\..\..\..\Source\WolfSSL\wolfssl\wolfcrypt\sha512.h(153): error:  #65: expected a ";"
  WOLFSSL_API int wc_InitSha384(wc_Sha384*);
..\..\..\..\..\Source\WolfSSL\wolfssl\wolfcrypt\sha512.h(154): error:  #77-D: this declaration has no storage class or type specifier
  WOLFSSL_API int wc_InitSha384_ex(wc_Sha384*, void*, int);
..\..\..\..\..\Source\WolfSSL\wolfssl\wolfcrypt\sha512.h(154): error:  #65: expected a ";"
  WOLFSSL_API int wc_InitSha384_ex(wc_Sha384*, void*, int);
..\..\..\..\..\Source\WolfSSL\wolfssl\wolfcrypt\sha512.h(155): error:  #77-D: this declaration has no storage class or type specifier
  WOLFSSL_API int wc_Sha384Update(wc_Sha384*, const byte*, word32);
..\..\..\..\..\Source\WolfSSL\wolfssl\wolfcrypt\sha512.h(155): error:  #65: expected a ";"
  WOLFSSL_API int wc_Sha384Update(wc_Sha384*, const byte*, word32);
..\..\..\..\..\Source\WolfSSL\wolfcrypt\src\sha512.c: 1 warning, 30 errors
compiling sp_arm32.c...
..\..\..\..\..\..\itracker\Source\lib\micro-ecc\types.h(59): warning:  #161-D: unrecognized #pragma
      #pragma message ("uECC_WORD_SIZE must be 4 for ARM")
..\..\..\..\..\Source\WolfSSL\wolfssl\wolfcrypt\error-crypt.h(224): error:  #77-D: this declaration has no storage class or type specifier
  WOLFSSL_API void wc_ErrorString(int err, char* buff);
..\..\..\..\..\Source\WolfSSL\wolfssl\wolfcrypt\error-crypt.h(224): error:  #65: expected a ";"
  WOLFSSL_API void wc_ErrorString(int err, char* buff);
..\..\..\..\..\Source\WolfSSL\wolfssl\wolfcrypt\error-crypt.h(225): error:  #77-D: this declaration has no storage class or type specifier
  WOLFSSL_API const char* wc_GetErrorString(int error);
..\..\..\..\..\Source\WolfSSL\wolfssl\wolfcrypt\error-crypt.h(225): error:  #65: expected a ";"
  WOLFSSL_API const char* wc_GetErrorString(int error);
..\..\..\..\..\Source\WolfSSL\wolfcrypt\src/misc.c(81): error:  #20: identifier "INLINE" is undefined
      STATIC INLINE word32 rotlFixed(word32 x, word32 y)
..\..\..\..\..\Source\WolfSSL\wolfcrypt\src/misc.c(81): error:  #65: expected a ";"
      STATIC INLINE word32 rotlFixed(word32 x, word32 y)
..\..\..\..\..\Source\WolfSSL\wolfcrypt\src/misc.c(105): error:  #59: function call is not allowed in a constant expression
          defined(__GNUC_PREREQ) && __GNUC_PREREQ(4, 3)
..\..\..\..\..\Source\WolfSSL\wolfcrypt\src\sp_arm32.c(24910): warning: At end of source:  #12-D: parsing restarts here after previous syntax error
..\..\..\..\..\Source\WolfSSL\wolfcrypt\src\sp_arm32.c: 2 warnings, 7 errors
compiling sp_arm64.c...
..\..\..\..\..\..\itracker\Source\lib\micro-ecc\types.h(59): warning:  #161-D: unrecognized #pragma
      #pragma message ("uECC_WORD_SIZE must be 4 for ARM")
..\..\..\..\..\Source\WolfSSL\wolfssl\wolfcrypt\error-crypt.h(224): error:  #77-D: this declaration has no storage class or type specifier
  WOLFSSL_API void wc_ErrorString(int err, char* buff);
..\..\..\..\..\Source\WolfSSL\wolfssl\wolfcrypt\error-crypt.h(224): error:  #65: expected a ";"
  WOLFSSL_API void wc_ErrorString(int err, char* buff);
..\..\..\..\..\Source\WolfSSL\wolfssl\wolfcrypt\error-crypt.h(225): error:  #77-D: this declaration has no storage class or type specifier
  WOLFSSL_API const char* wc_GetErrorString(int error);
..\..\..\..\..\Source\WolfSSL\wolfssl\wolfcrypt\error-crypt.h(225): error:  #65: expected a ";"
  WOLFSSL_API const char* wc_GetErrorString(int error);
..\..\..\..\..\Source\WolfSSL\wolfcrypt\src/misc.c(81): error:  #20: identifier "INLINE" is undefined
      STATIC INLINE word32 rotlFixed(word32 x, word32 y)
..\..\..\..\..\Source\WolfSSL\wolfcrypt\src/misc.c(81): error:  #65: expected a ";"
      STATIC INLINE word32 rotlFixed(word32 x, word32 y)
..\..\..\..\..\Source\WolfSSL\wolfcrypt\src/misc.c(105): error:  #59: function call is not allowed in a constant expression
          defined(__GNUC_PREREQ) && __GNUC_PREREQ(4, 3)
..\..\..\..\..\Source\WolfSSL\wolfcrypt\src\sp_arm64.c(29841): warning: At end of source:  #12-D: parsing restarts here after previous syntax error
..\..\..\..\..\Source\WolfSSL\wolfcrypt\src\sp_arm64.c: 2 warnings, 7 errors
compiling sha3.c...
compiling sp_c32.c...
..\..\..\..\..\..\itracker\Source\lib\micro-ecc\types.h(59): warning:  #161-D: unrecognized #pragma
      #pragma message ("uECC_WORD_SIZE must be 4 for ARM")
..\..\..\..\..\Source\WolfSSL\wolfssl\wolfcrypt\error-crypt.h(224): error:  #77-D: this declaration has no storage class or type specifier
  WOLFSSL_API void wc_ErrorString(int err, char* buff);
..\..\..\..\..\Source\WolfSSL\wolfssl\wolfcrypt\error-crypt.h(224): error:  #65: expected a ";"
  WOLFSSL_API void wc_ErrorString(int err, char* buff);
..\..\..\..\..\Source\WolfSSL\wolfssl\wolfcrypt\error-crypt.h(225): error:  #77-D: this declaration has no storage class or type specifier
  WOLFSSL_API const char* wc_GetErrorString(int error);
..\..\..\..\..\Source\WolfSSL\wolfssl\wolfcrypt\error-crypt.h(225): error:  #65: expected a ";"
  WOLFSSL_API const char* wc_GetErrorString(int error);
..\..\..\..\..\Source\WolfSSL\wolfcrypt\src/misc.c(81): error:  #20: identifier "INLINE" is undefined
      STATIC INLINE word32 rotlFixed(word32 x, word32 y)
..\..\..\..\..\Source\WolfSSL\wolfcrypt\src/misc.c(81): error:  #65: expected a ";"
      STATIC INLINE word32 rotlFixed(word32 x, word32 y)
..\..\..\..\..\Source\WolfSSL\wolfcrypt\src/misc.c(105): error:  #59: function call is not allowed in a constant expression
          defined(__GNUC_PREREQ) && __GNUC_PREREQ(4, 3)
..\..\..\..\..\Source\WolfSSL\wolfcrypt\src\sp_c32.c(12821): warning: At end of source:  #12-D: parsing restarts here after previous syntax error
..\..\..\..\..\Source\WolfSSL\wolfcrypt\src\sp_c32.c: 2 warnings, 7 errors
compiling sp_int.c...
..\..\..\..\..\..\itracker\Source\lib\micro-ecc\types.h(59): warning:  #161-D: unrecognized #pragma
      #pragma message ("uECC_WORD_SIZE must be 4 for ARM")
..\..\..\..\..\Source\WolfSSL\wolfssl\wolfcrypt\error-crypt.h(224): error:  #77-D: this declaration has no storage class or type specifier
  WOLFSSL_API void wc_ErrorString(int err, char* buff);
..\..\..\..\..\Source\WolfSSL\wolfssl\wolfcrypt\error-crypt.h(224): error:  #65: expected a ";"
  WOLFSSL_API void wc_ErrorString(int err, char* buff);
..\..\..\..\..\Source\WolfSSL\wolfssl\wolfcrypt\error-crypt.h(225): error:  #77-D: this declaration has no storage class or type specifier
  WOLFSSL_API const char* wc_GetErrorString(int error);
..\..\..\..\..\Source\WolfSSL\wolfssl\wolfcrypt\error-crypt.h(225): error:  #65: expected a ";"
  WOLFSSL_API const char* wc_GetErrorString(int error);
..\..\..\..\..\Source\WolfSSL\wolfcrypt\src/misc.c(81): error:  #20: identifier "INLINE" is undefined
      STATIC INLINE word32 rotlFixed(word32 x, word32 y)
..\..\..\..\..\Source\WolfSSL\wolfcrypt\src/misc.c(81): error:  #65: expected a ";"
      STATIC INLINE word32 rotlFixed(word32 x, word32 y)
..\..\..\..\..\Source\WolfSSL\wolfcrypt\src/misc.c(105): error:  #59: function call is not allowed in a constant expression
          defined(__GNUC_PREREQ) && __GNUC_PREREQ(4, 3)
..\..\..\..\..\Source\WolfSSL\wolfcrypt\src\sp_int.c(648): warning: At end of source:  #12-D: parsing restarts here after previous syntax error
..\..\..\..\..\Source\WolfSSL\wolfcrypt\src\sp_int.c: 2 warnings, 7 errors
compiling sp_c64.c...
..\..\..\..\..\..\itracker\Source\lib\micro-ecc\types.h(59): warning:  #161-D: unrecognized #pragma
      #pragma message ("uECC_WORD_SIZE must be 4 for ARM")
..\..\..\..\..\Source\WolfSSL\wolfssl\wolfcrypt\error-crypt.h(224): error:  #77-D: this declaration has no storage class or type specifier
  WOLFSSL_API void wc_ErrorString(int err, char* buff);
..\..\..\..\..\Source\WolfSSL\wolfssl\wolfcrypt\error-crypt.h(224): error:  #65: expected a ";"
  WOLFSSL_API void wc_ErrorString(int err, char* buff);
..\..\..\..\..\Source\WolfSSL\wolfssl\wolfcrypt\error-crypt.h(225): error:  #77-D: this declaration has no storage class or type specifier
  WOLFSSL_API const char* wc_GetErrorString(int error);
..\..\..\..\..\Source\WolfSSL\wolfssl\wolfcrypt\error-crypt.h(225): error:  #65: expected a ";"
  WOLFSSL_API const char* wc_GetErrorString(int error);
..\..\..\..\..\Source\WolfSSL\wolfcrypt\src/misc.c(81): error:  #20: identifier "INLINE" is undefined
      STATIC INLINE word32 rotlFixed(word32 x, word32 y)
..\..\..\..\..\Source\WolfSSL\wolfcrypt\src/misc.c(105): error:  #59: function call is not allowed in a constant expression
          defined(__GNUC_PREREQ) && __GNUC_PREREQ(4, 3)
..\..\..\..\..\Source\WolfSSL\wolfcrypt\src\sp_c64.c(12032): warning: At end of source:  #12-D: parsing restarts here after previous syntax error
..\..\..\..\..\Source\WolfSSL\wolfcrypt\src\sp_c64.c: 2 warnings, 7 errors
compiling sp_x86_64.c...
..\..\..\..\..\..\itracker\Source\lib\micro-ecc\types.h(59): warning:  #161-D: unrecognized #pragma
      #pragma message ("uECC_WORD_SIZE must be 4 for ARM")
..\..\..\..\..\Source\WolfSSL\wolfssl\wolfcrypt\error-crypt.h(224): error:  #77-D: this declaration has no storage class or type specifier
  WOLFSSL_API void wc_ErrorString(int err, char* buff);
..\..\..\..\..\Source\WolfSSL\wolfssl\wolfcrypt\error-crypt.h(224): error:  #65: expected a ";"
  WOLFSSL_API void wc_ErrorString(int err, char* buff);
..\..\..\..\..\Source\WolfSSL\wolfssl\wolfcrypt\error-crypt.h(225): error:  #77-D: this declaration has no storage class or type specifier
  WOLFSSL_API const char* wc_GetErrorString(int error);
..\..\..\..\..\Source\WolfSSL\wolfssl\wolfcrypt\error-crypt.h(225): error:  #65: expected a ";"
  WOLFSSL_API const char* wc_GetErrorString(int error);
..\..\..\..\..\Source\WolfSSL\wolfcrypt\src/misc.c(81): error:  #20: identifier "INLINE" is undefined
      STATIC INLINE word32 rotlFixed(word32 x, word32 y)
..\..\..\..\..\Source\WolfSSL\wolfcrypt\src/misc.c(81): error:  #65: expected a ";"
      STATIC INLINE word32 rotlFixed(word32 x, word32 y)
..\..\..\..\..\Source\WolfSSL\wolfcrypt\src/misc.c(105): error:  #59: function call is not allowed in a constant expression
          defined(__GNUC_PREREQ) && __GNUC_PREREQ(4, 3)
..\..\..\..\..\Source\WolfSSL\wolfcrypt\src\sp_x86_64.c(46725): warning: At end of source:  #12-D: parsing restarts here after previous syntax error
..\..\..\..\..\Source\WolfSSL\wolfcrypt\src\sp_x86_64.c: 2 warnings, 7 errors
compiling tfm.c...
..\..\..\..\..\..\itracker\Source\lib\micro-ecc\types.h(59): warning:  #161-D: unrecognized #pragma
      #pragma message ("uECC_WORD_SIZE must be 4 for ARM")
..\..\..\..\..\Source\WolfSSL\wolfcrypt\src/misc.c(81): error:  #20: identifier "INLINE" is undefined
      STATIC INLINE word32 rotlFixed(word32 x, word32 y)
..\..\..\..\..\Source\WolfSSL\wolfcrypt\src/misc.c(81): error:  #65: expected a ";"
      STATIC INLINE word32 rotlFixed(word32 x, word32 y)
..\..\..\..\..\Source\WolfSSL\wolfcrypt\src/misc.c(105): error:  #59: function call is not allowed in a constant expression
          defined(__GNUC_PREREQ) && __GNUC_PREREQ(4, 3)
..\..\..\..\..\..\components\libraries\sha256\sha256.h(78): warning:  #12-D: parsing restarts here after previous syntax error
  } sha256_context_t;
..\..\..\..\..\..\components\libraries\sha256\sha256.h(88): error:  #20: identifier "sha256_context_t" is undefined
  ret_code_t sha256_init(sha256_context_t *ctx);
..\..\..\..\..\..\components\libraries\sha256\sha256.h(102): error:  #20: identifier "sha256_context_t" is undefined
  ret_code_t sha256_update(sha256_context_t *ctx, const uint8_t * data, const size_t len);
..\..\..\..\..\..\components\libraries\sha256\sha256.h(118): error:  #20: identifier "sha256_context_t" is undefined
  ret_code_t sha256_final(sha256_context_t *ctx, uint8_t * hash, uint8_t le);
..\..\..\..\..\Source\WolfSSL\wolfssl\wolfcrypt\random.h(146): error:  #20: identifier "byte" is undefined
      byte status;
..\..\..\..\..\Source\WolfSSL\wolfssl\wolfcrypt\random.h(163): error:  #77-D: this declaration has no storage class or type specifier
  WOLFSSL_LOCAL
..\..\..\..\..\Source\WolfSSL\wolfssl\wolfcrypt\random.h(164): error:  #65: expected a ";"
  int wc_GenerateSeed(OS_Seed* os, byte* seed, word32 sz);
..\..\..\..\..\Source\WolfSSL\wolfssl\wolfcrypt\random.h(174): error:  #77-D: this declaration has no storage class or type specifier
  WOLFSSL_API int  wc_InitRng(WC_RNG*);
..\..\..\..\..\Source\WolfSSL\wolfssl\wolfcrypt\random.h(174): error:  #65: expected a ";"
  WOLFSSL_API int  wc_InitRng(WC_RNG*);
..\..\..\..\..\Source\WolfSSL\wolfssl\wolfcrypt\random.h(175): error:  #77-D: this declaration has no storage class or type specifier
  WOLFSSL_API int  wc_InitRng_ex(WC_RNG* rng, void* heap, int devId);
..\..\..\..\..\Source\WolfSSL\wolfssl\wolfcrypt\random.h(175): error:  #65: expected a ";"
  WOLFSSL_API int  wc_InitRng_ex(WC_RNG* rng, void* heap, int devId);
..\..\..\..\..\Source\WolfSSL\wolfssl\wolfcrypt\random.h(176): error:  #77-D: this declaration has no storage class or type specifier
  WOLFSSL_API int  wc_RNG_GenerateBlock(WC_RNG*, byte*, word32 sz);
..\..\..\..\..\Source\WolfSSL\wolfssl\wolfcrypt\random.h(176): error:  #65: expected a ";"
  WOLFSSL_API int  wc_RNG_GenerateBlock(WC_RNG*, byte*, word32 sz);
..\..\..\..\..\Source\WolfSSL\wolfssl\wolfcrypt\random.h(177): error:  #77-D: this declaration has no storage class or type specifier
  WOLFSSL_API int  wc_RNG_GenerateByte(WC_RNG*, byte*);
..\..\..\..\..\Source\WolfSSL\wolfssl\wolfcrypt\random.h(177): error:  #65: expected a ";"
  WOLFSSL_API int  wc_RNG_GenerateByte(WC_RNG*, byte*);
..\..\..\..\..\Source\WolfSSL\wolfssl\wolfcrypt\random.h(178): error:  #77-D: this declaration has no storage class or type specifier
  WOLFSSL_API int  wc_FreeRng(WC_RNG*);
..\..\..\..\..\Source\WolfSSL\wolfssl\wolfcrypt\random.h(178): error:  #65: expected a ";"
  WOLFSSL_API int  wc_FreeRng(WC_RNG*);
..\..\..\..\..\Source\WolfSSL\wolfssl\wolfcrypt\random.h(182): error:  #77-D: this declaration has no storage class or type specifier
      WOLFSSL_LOCAL int wc_RNG_DRBG_Reseed(WC_RNG* rng, const byte* entropy,
..\..\..\..\..\Source\WolfSSL\wolfssl\wolfcrypt\random.h(182): error:  #65: expected a ";"
      WOLFSSL_LOCAL int wc_RNG_DRBG_Reseed(WC_RNG* rng, const byte* entropy,
..\..\..\..\..\Source\WolfSSL\wolfssl\wolfcrypt\random.h(184): error:  #77-D: this declaration has no storage class or type specifier
      WOLFSSL_API int wc_RNG_HealthTest(int reseed,
..\..\..\..\..\Source\WolfSSL\wolfssl\wolfcrypt\random.h(184): error:  #65: expected a ";"
      WOLFSSL_API int wc_RNG_HealthTest(int reseed,
..\..\..\..\..\Source\WolfSSL\wolfssl\wolfcrypt\random.h(187): warning:  #12-D: parsing restarts here after previous syntax error
                                          byte* output, word32 outputSz);
..\..\..\..\..\Source\WolfSSL\wolfssl\wolfcrypt\tfm.h(745): error:  #757: variable "WOLFSSL_API"  is not a type name
  WOLFSSL_API word32 CheckRunTimeFastMath(void);
..\..\..\..\..\Source\WolfSSL\wolfssl\wolfcrypt\tfm.h(745): error:  #65: expected a ";"
  WOLFSSL_API word32 CheckRunTimeFastMath(void);
..\..\..\..\..\Source\WolfSSL\wolfssl\wolfcrypt\wolfmath.h(45): error:  #20: identifier "wolfssl_word" is undefined
          extern const wolfssl_word wc_off_on_addr[2];
..\..\..\..\..\Source\WolfSSL\wolfcrypt\src/fp_sqr_comba_8.i(116): warning:  #223-D: function "XMEMCPY" declared implicitly
     XMEMCPY(B->dp, b, 16 * sizeof(fp_digit));
..\..\..\..\..\Source\WolfSSL\wolfcrypt\src/fp_mul_comba_8.i(29): warning:  #223-D: function "XMEMCPY" declared implicitly
     XMEMCPY(at, A->dp, 8 * sizeof(fp_digit));
..\..\..\..\..\Source\WolfSSL\wolfcrypt\src\tfm.c(63): error:  #757: variable "word32"  is not a type name
  word32 CheckRunTimeSettings(void)
..\..\..\..\..\Source\WolfSSL\wolfcrypt\src\tfm.c(65): error:  #20: identifier "CTC_SETTINGS" is undefined
      return CTC_SETTINGS;
..\..\..\..\..\Source\WolfSSL\wolfcrypt\src\tfm.c(70): error:  #757: variable "word32"  is not a type name
  word32 CheckRunTimeFastMath(void)
..\..\..\..\..\Source\WolfSSL\wolfcrypt\src\tfm.c(1119): error:  #20: identifier "wolfssl_word" is undefined
      fp_copy((fp_int*) ( ((wolfssl_word)&R[0] & wc_off_on_addr[y^1]) +
..\..\..\..\..\Source\WolfSSL\wolfcrypt\src\tfm.c: 5 warnings, 30 errors
compiling srp.c...
compiling wc_port.c...
..\..\..\..\..\..\itracker\Source\lib\micro-ecc\types.h(59): warning:  #161-D: unrecognized #pragma
      #pragma message ("uECC_WORD_SIZE must be 4 for ARM")
..\..\..\..\..\Source\WolfSSL\wolfssl\wolfcrypt\error-crypt.h(224): error:  #77-D: this declaration has no storage class or type specifier
  WOLFSSL_API void wc_ErrorString(int err, char* buff);
..\..\..\..\..\Source\WolfSSL\wolfssl\wolfcrypt\error-crypt.h(224): error:  #65: expected a ";"
  WOLFSSL_API void wc_ErrorString(int err, char* buff);
..\..\..\..\..\Source\WolfSSL\wolfssl\wolfcrypt\error-crypt.h(225): error:  #77-D: this declaration has no storage class or type specifier
  WOLFSSL_API const char* wc_GetErrorString(int error);
..\..\..\..\..\Source\WolfSSL\wolfssl\wolfcrypt\error-crypt.h(225): error:  #65: expected a ";"
  WOLFSSL_API const char* wc_GetErrorString(int error);
..\..\..\..\..\Source\WolfSSL\wolfssl\wolfcrypt\logging.h(93): error:  #77-D: this declaration has no storage class or type specifier
  WOLFSSL_API int wolfSSL_SetLoggingCb(wolfSSL_Logging_cb log_function);
..\..\..\..\..\Source\WolfSSL\wolfssl\wolfcrypt\logging.h(93): error:  #65: expected a ";"
  WOLFSSL_API int wolfSSL_SetLoggingCb(wolfSSL_Logging_cb log_function);
..\..\..\..\..\Source\WolfSSL\wolfssl\wolfcrypt\logging.h(96): error:  #77-D: this declaration has no storage class or type specifier
  WOLFSSL_API int  wolfSSL_Debugging_ON(void);
..\..\..\..\..\Source\WolfSSL\wolfssl\wolfcrypt\logging.h(96): error:  #65: expected a ";"
  WOLFSSL_API int  wolfSSL_Debugging_ON(void);
..\..\..\..\..\Source\WolfSSL\wolfssl\wolfcrypt\logging.h(98): error:  #77-D: this declaration has no storage class or type specifier
  WOLFSSL_API void wolfSSL_Debugging_OFF(void);
..\..\..\..\..\Source\WolfSSL\wolfssl\wolfcrypt\logging.h(98): error:  #65: expected a ";"
  WOLFSSL_API void wolfSSL_Debugging_OFF(void);
..\..\..\..\..\Source\WolfSSL\wolfssl\wolfcrypt\wc_port.h(203): error:  #77-D: this declaration has no storage class or type specifier
  WOLFSSL_API int wc_InitMutex(wolfSSL_Mutex*);
..\..\..\..\..\Source\WolfSSL\wolfssl\wolfcrypt\wc_port.h(203): error:  #65: expected a ";"
  WOLFSSL_API int wc_InitMutex(wolfSSL_Mutex*);
..\..\..\..\..\Source\WolfSSL\wolfssl\wolfcrypt\wc_port.h(204): error:  #757: variable "WOLFSSL_API"  is not a type name
  WOLFSSL_API wolfSSL_Mutex* wc_InitAndAllocMutex(void);
..\..\..\..\..\Source\WolfSSL\wolfssl\wolfcrypt\wc_port.h(204): error:  #101: "wolfSSL_Mutex" has already been declared in the current scope
  WOLFSSL_API wolfSSL_Mutex* wc_InitAndAllocMutex(void);
..\..\..\..\..\Source\WolfSSL\wolfssl\wolfcrypt\wc_port.h(204): error:  #65: expected a ";"
  WOLFSSL_API wolfSSL_Mutex* wc_InitAndAllocMutex(void);
..\..\..\..\..\Source\WolfSSL\wolfssl\wolfcrypt\wc_port.h(205): error:  #77-D: this declaration has no storage class or type specifier
  WOLFSSL_API int wc_FreeMutex(wolfSSL_Mutex*);
..\..\..\..\..\Source\WolfSSL\wolfssl\wolfcrypt\wc_port.h(205): error:  #65: expected a ";"
  WOLFSSL_API int wc_FreeMutex(wolfSSL_Mutex*);
..\..\..\..\..\Source\WolfSSL\wolfssl\wolfcrypt\wc_port.h(206): error:  #77-D: this declaration has no storage class or type specifier
  WOLFSSL_API int wc_LockMutex(wolfSSL_Mutex*);
..\..\..\..\..\Source\WolfSSL\wolfssl\wolfcrypt\wc_port.h(206): error:  #65: expected a ";"
  WOLFSSL_API int wc_LockMutex(wolfSSL_Mutex*);
..\..\..\..\..\Source\WolfSSL\wolfssl\wolfcrypt\wc_port.h(207): error:  #77-D: this declaration has no storage class or type specifier
  WOLFSSL_API int wc_UnLockMutex(wolfSSL_Mutex*);
..\..\..\..\..\Source\WolfSSL\wolfssl\wolfcrypt\wc_port.h(207): error:  #65: expected a ";"
  WOLFSSL_API int wc_UnLockMutex(wolfSSL_Mutex*);
..\..\..\..\..\Source\WolfSSL\wolfssl\wolfcrypt\wc_port.h(217): error:  #77-D: this declaration has no storage class or type specifier
  WOLFSSL_API int wolfCrypt_Init(void);
..\..\..\..\..\Source\WolfSSL\wolfssl\wolfcrypt\wc_port.h(217): error:  #65: expected a ";"
  WOLFSSL_API int wolfCrypt_Init(void);
..\..\..\..\..\Source\WolfSSL\wolfssl\wolfcrypt\wc_port.h(218): error:  #77-D: this declaration has no storage class or type specifier
  WOLFSSL_API int wolfCrypt_Cleanup(void);
..\..\..\..\..\Source\WolfSSL\wolfssl\wolfcrypt\wc_port.h(218): error:  #65: expected a ";"
  WOLFSSL_API int wolfCrypt_Cleanup(void);
..\..\..\..\..\Source\WolfSSL\wolfcrypt\src\wc_port.c(359): error:  #757: variable "wolfSSL_Mutex"  is not a type name
  wolfSSL_Mutex* wc_InitAndAllocMutex(void)
..\..\..\..\..\Source\WolfSSL\wolfcrypt\src\wc_port.c(361): error:  #20: identifier "m" is undefined
      wolfSSL_Mutex* m = (wolfSSL_Mutex*) XMALLOC(sizeof(wolfSSL_Mutex), NULL,
..\..\..\..\..\Source\WolfSSL\wolfcrypt\src\wc_port.c(361): error:  #29: expected an expression
      wolfSSL_Mutex* m = (wolfSSL_Mutex*) XMALLOC(sizeof(wolfSSL_Mutex), NULL,
..\..\..\..\..\Source\WolfSSL\wolfcrypt\src\wc_port.c(361): error:  #65: expected a ";"
      wolfSSL_Mutex* m = (wolfSSL_Mutex*) XMALLOC(sizeof(wolfSSL_Mutex), NULL,
..\..\..\..\..\Source\WolfSSL\wolfcrypt\src\wc_port.c(364): warning:  #223-D: function "wc_InitMutex" declared implicitly
          if (wc_InitMutex(m) != 0) {
..\..\..\..\..\Source\WolfSSL\wolfcrypt\src\wc_port.c(535): error:  #757: variable "wolfSSL_Mutex"  is not a type name
      int wc_InitMutex(wolfSSL_Mutex* m)
..\..\..\..\..\Source\WolfSSL\wolfcrypt\src\wc_port.c: 2 warnings, 30 errors
assembling arm_startup_nrf52.s...
compiling wc_encrypt.c...
..\..\..\..\..\..\itracker\Source\lib\micro-ecc\types.h(59): warning:  #161-D: unrecognized #pragma
      #pragma message ("uECC_WORD_SIZE must be 4 for ARM")
..\..\..\..\..\Source\WolfSSL\wolfssl\wolfcrypt\aes.h(82): error:  #20: identifier "WC_CIPHER_AES" is undefined
      AES_ENC_TYPE   = WC_CIPHER_AES,   /* cipher unique type */
..\..\..\..\..\Source\WolfSSL\wolfssl\wolfcrypt\aes.h(94): error:  #20: identifier "ALIGN16" is undefined
      ALIGN16 word32 key[60];
..\..\..\..\..\Source\WolfSSL\wolfssl\wolfcrypt\aes.h(94): error:  #65: expected a ";"
      ALIGN16 word32 key[60];
..\..\..\..\..\Source\WolfSSL\wolfssl\wolfcrypt\aes.h(95): error:  #20: identifier "word32" is undefined
      word32  rounds;
..\..\..\..\..\Source\WolfSSL\wolfssl\wolfcrypt\aes.h(98): error:  #20: identifier "ALIGN16" is undefined
      ALIGN16 word32 reg[AES_BLOCK_SIZE / sizeof(word32)];      /* for CBC mode */
..\..\..\..\..\Source\WolfSSL\wolfssl\wolfcrypt\aes.h(98): error:  #101: "word32" has already been declared in the current scope
      ALIGN16 word32 reg[AES_BLOCK_SIZE / sizeof(word32)];      /* for CBC mode */
..\..\..\..\..\Source\WolfSSL\wolfssl\wolfcrypt\aes.h(98): error:  #65: expected a ";"
      ALIGN16 word32 reg[AES_BLOCK_SIZE / sizeof(word32)];      /* for CBC mode */
..\..\..\..\..\Source\WolfSSL\wolfssl\wolfcrypt\aes.h(99): error:  #20: identifier "ALIGN16" is undefined
      ALIGN16 word32 tmp[AES_BLOCK_SIZE / sizeof(word32)];      /* same         */
..\..\..\..\..\Source\WolfSSL\wolfssl\wolfcrypt\aes.h(99): error:  #101: "word32" has already been declared in the current scope
      ALIGN16 word32 tmp[AES_BLOCK_SIZE / sizeof(word32)];      /* same         */
..\..\..\..\..\Source\WolfSSL\wolfssl\wolfcrypt\aes.h(99): error:  #65: expected a ";"
      ALIGN16 word32 tmp[AES_BLOCK_SIZE / sizeof(word32)];      /* same         */
..\..\..\..\..\Source\WolfSSL\wolfssl\wolfcrypt\aes.h(102): error:  #20: identifier "ALIGN16" is undefined
      ALIGN16 byte H[AES_BLOCK_SIZE];
..\..\..\..\..\Source\WolfSSL\wolfssl\wolfcrypt\aes.h(102): error:  #65: expected a ";"
      ALIGN16 byte H[AES_BLOCK_SIZE];
..\..\..\..\..\Source\WolfSSL\wolfssl\wolfcrypt\aes.h(144): error:  #20: identifier "byte" is undefined
  typedef int (*wc_AesAuthEncryptFunc)(Aes* aes, byte* out,
..\..\..\..\..\Source\WolfSSL\wolfssl\wolfcrypt\aes.h(145): error:  #20: identifier "byte" is undefined
                                     const byte* in, word32 sz,
..\..\..\..\..\Source\WolfSSL\wolfssl\wolfcrypt\aes.h(145): error:  #20: identifier "word32" is undefined
                                     const byte* in, word32 sz,
..\..\..\..\..\Source\WolfSSL\wolfssl\wolfcrypt\aes.h(146): error:  #20: identifier "byte" is undefined
                                     const byte* iv, word32 ivSz,
..\..\..\..\..\Source\WolfSSL\wolfssl\wolfcrypt\aes.h(146): error:  #20: identifier "word32" is undefined
                                     const byte* iv, word32 ivSz,
..\..\..\..\..\Source\WolfSSL\wolfssl\wolfcrypt\aes.h(147): error:  #20: identifier "byte" is undefined
                                     byte* authTag, word32 authTagSz,
..\..\..\..\..\Source\WolfSSL\wolfssl\wolfcrypt\aes.h(147): error:  #20: identifier "word32" is undefined
                                     byte* authTag, word32 authTagSz,
..\..\..\..\..\Source\WolfSSL\wolfssl\wolfcrypt\aes.h(148): error:  #20: identifier "byte" is undefined
                                     const byte* authIn, word32 authInSz);
..\..\..\..\..\Source\WolfSSL\wolfssl\wolfcrypt\aes.h(148): error:  #20: identifier "word32" is undefined
                                     const byte* authIn, word32 authInSz);
..\..\..\..\..\Source\WolfSSL\wolfssl\wolfcrypt\aes.h(149): error:  #20: identifier "byte" is undefined
  typedef int (*wc_AesAuthDecryptFunc)(Aes* aes, byte* out,
..\..\..\..\..\Source\WolfSSL\wolfssl\wolfcrypt\aes.h(150): error:  #20: identifier "byte" is undefined
                                     const byte* in, word32 sz,
..\..\..\..\..\Source\WolfSSL\wolfssl\wolfcrypt\aes.h(150): error:  #20: identifier "word32" is undefined
                                     const byte* in, word32 sz,
..\..\..\..\..\Source\WolfSSL\wolfssl\wolfcrypt\aes.h(151): error:  #20: identifier "byte" is undefined
                                     const byte* iv, word32 ivSz,
..\..\..\..\..\Source\WolfSSL\wolfssl\wolfcrypt\aes.h(151): error:  #20: identifier "word32" is undefined
                                     const byte* iv, word32 ivSz,
..\..\..\..\..\Source\WolfSSL\wolfssl\wolfcrypt\aes.h(152): error:  #20: identifier "byte" is undefined
                                     const byte* authTag, word32 authTagSz,
..\..\..\..\..\Source\WolfSSL\wolfssl\wolfcrypt\aes.h(152): error:  #20: identifier "word32" is undefined
                                     const byte* authTag, word32 authTagSz,
..\..\..\..\..\Source\WolfSSL\wolfssl\wolfcrypt\aes.h(153): error:  #20: identifier "byte" is undefined
                                     const byte* authIn, word32 authInSz);
..\..\..\..\..\Source\WolfSSL\wolfssl\wolfcrypt\aes.h(153): error:  #20: identifier "word32" is undefined
                                     const byte* authIn, word32 authInSz);
..\..\..\..\..\Source\WolfSSL\wolfcrypt\src\wc_encrypt.c: 1 warning, 30 errors
compiling wolfevent.c...
compiling internal.c...
..\..\..\..\..\..\itracker\Source\lib\micro-ecc\types.h(59): warning:  #161-D: unrecognized #pragma
      #pragma message ("uECC_WORD_SIZE must be 4 for ARM")
..\..\..\..\..\Source\WolfSSL\wolfssl\wolfcrypt\logging.h(93): error:  #77-D: this declaration has no storage class or type specifier
  WOLFSSL_API int wolfSSL_SetLoggingCb(wolfSSL_Logging_cb log_function);
..\..\..\..\..\Source\WolfSSL\wolfssl\wolfcrypt\logging.h(93): error:  #65: expected a ";"
  WOLFSSL_API int wolfSSL_SetLoggingCb(wolfSSL_Logging_cb log_function);
..\..\..\..\..\Source\WolfSSL\wolfssl\wolfcrypt\logging.h(96): error:  #77-D: this declaration has no storage class or type specifier
  WOLFSSL_API int  wolfSSL_Debugging_ON(void);
..\..\..\..\..\Source\WolfSSL\wolfssl\wolfcrypt\logging.h(96): error:  #65: expected a ";"
  WOLFSSL_API int  wolfSSL_Debugging_ON(void);
..\..\..\..\..\Source\WolfSSL\wolfssl\wolfcrypt\logging.h(98): error:  #77-D: this declaration has no storage class or type specifier
  WOLFSSL_API void wolfSSL_Debugging_OFF(void);
..\..\..\..\..\Source\WolfSSL\wolfssl\wolfcrypt\logging.h(98): error:  #65: expected a ";"
  WOLFSSL_API void wolfSSL_Debugging_OFF(void);
..\..\..\..\..\Source\WolfSSL\wolfssl\wolfcrypt\asn_public.h(125): error:  #20: identifier "byte" is undefined
      byte*  buffer;
..\..\..\..\..\Source\WolfSSL\wolfssl\wolfcrypt\asn_public.h(127): error:  #20: identifier "word32" is undefined
      word32 length;
..\..\..\..\..\Source\WolfSSL\wolfssl\wolfcrypt\asn_public.h(150): error:  #20: identifier "word32" is undefined
      word32   keySz;
..\..\..\..\..\Source\WolfSSL\wolfssl\wolfcrypt\asn_public.h(151): error:  #20: identifier "word32" is undefined
      word32   ivSz;             /* salt or encrypted IV size */
..\..\..\..\..\Source\WolfSSL\wolfssl\wolfcrypt\asn_public.h(154): error:  #20: identifier "byte" is undefined
      byte     iv[IV_SZ];        /* salt or encrypted IV */
..\..\..\..\..\Source\WolfSSL\wolfssl\wolfcrypt\asn_public.h(156): error:  #20: identifier "byte" is undefined
      byte     set:1;            /* if encryption set */
..\..\..\..\..\Source\WolfSSL\wolfssl\wolfcrypt\asn_public.h(352): error:  #77-D: this declaration has no storage class or type specifier
  WOLFSSL_API int wc_GetDateInfo(const byte* certDate, int certDateSz, 
..\..\..\..\..\Source\WolfSSL\wolfssl\wolfcrypt\asn_public.h(352): error:  #65: expected a ";"
  WOLFSSL_API int wc_GetDateInfo(const byte* certDate, int certDateSz, 
..\..\..\..\..\Source\WolfSSL\wolfssl\wolfcrypt\asn_public.h(361): error:  #77-D: this declaration has no storage class or type specifier
      WOLFSSL_API int wc_PemGetHeaderFooter(int type, const char** header, 
..\..\..\..\..\Source\WolfSSL\wolfssl\wolfcrypt\asn_public.h(361): error:  #65: expected a ";"
      WOLFSSL_API int wc_PemGetHeaderFooter(int type, const char** header, 
..\..\..\..\..\Source\WolfSSL\wolfssl\wolfcrypt\asn_public.h(367): error:  #77-D: this declaration has no storage class or type specifier
      WOLFSSL_API int wc_PemToDer(const unsigned char* buff, long longSz, int type,
..\..\..\..\..\Source\WolfSSL\wolfssl\wolfcrypt\asn_public.h(367): error:  #65: expected a ";"
      WOLFSSL_API int wc_PemToDer(const unsigned char* buff, long longSz, int type,
..\..\..\..\..\Source\WolfSSL\wolfssl\wolfcrypt\asn_public.h(370): error:  #77-D: this declaration has no storage class or type specifier
      WOLFSSL_API int wc_KeyPemToDer(const unsigned char*, int,
..\..\..\..\..\Source\WolfSSL\wolfssl\wolfcrypt\asn_public.h(370): error:  #65: expected a ";"
      WOLFSSL_API int wc_KeyPemToDer(const unsigned char*, int,
..\..\..\..\..\Source\WolfSSL\wolfssl\wolfcrypt\asn_public.h(372): error:  #77-D: this declaration has no storage class or type specifier
      WOLFSSL_API int wc_CertPemToDer(const unsigned char*, int,
..\..\..\..\..\Source\WolfSSL\wolfssl\wolfcrypt\asn_public.h(372): error:  #65: expected a ";"
      WOLFSSL_API int wc_CertPemToDer(const unsigned char*, int,
..\..\..\..\..\Source\WolfSSL\wolfssl\wolfcrypt\asn_public.h(402): error:  #77-D: this declaration has no storage class or type specifier
      WOLFSSL_API int wc_EccPrivateKeyDecode(const byte*, word32*,
..\..\..\..\..\Source\WolfSSL\wolfssl\wolfcrypt\asn_public.h(402): error:  #65: expected a ";"
      WOLFSSL_API int wc_EccPrivateKeyDecode(const byte*, word32*,
..\..\..\..\..\Source\WolfSSL\wolfssl\wolfcrypt\asn_public.h(404): error:  #77-D: this declaration has no storage class or type specifier
      WOLFSSL_API int wc_EccKeyToDer(ecc_key*, byte* output, word32 inLen);
..\..\..\..\..\Source\WolfSSL\wolfssl\wolfcrypt\asn_public.h(404): error:  #65: expected a ";"
      WOLFSSL_API int wc_EccKeyToDer(ecc_key*, byte* output, word32 inLen);
..\..\..\..\..\Source\WolfSSL\wolfssl\wolfcrypt\asn_public.h(405): error:  #77-D: this declaration has no storage class or type specifier
      WOLFSSL_API int wc_EccPrivateKeyToDer(ecc_key* key, byte* output,
..\..\..\..\..\Source\WolfSSL\wolfssl\wolfcrypt\asn_public.h(405): error:  #65: expected a ";"
      WOLFSSL_API int wc_EccPrivateKeyToDer(ecc_key* key, byte* output,
..\..\..\..\..\Source\WolfSSL\wolfssl\wolfcrypt\asn_public.h(407): error:  #77-D: this declaration has no storage class or type specifier
      WOLFSSL_API int wc_EccPrivateKeyToPKCS8(ecc_key* key, byte* output,
..\..\..\..\..\Source\WolfSSL\wolfssl\wolfcrypt\asn_public.h(407): error:  #65: expected a ";"
      WOLFSSL_API int wc_EccPrivateKeyToPKCS8(ecc_key* key, byte* output,
..\..\..\..\..\Source\WolfSSL\src\internal.c: 1 warning, 30 errors
compiling wolfmath.c...
..\..\..\..\..\..\itracker\Source\lib\micro-ecc\types.h(59): warning:  #161-D: unrecognized #pragma
      #pragma message ("uECC_WORD_SIZE must be 4 for ARM")
..\..\..\..\..\Source\WolfSSL\wolfssl\wolfcrypt\random.h(146): error:  #20: identifier "byte" is undefined
      byte status;
..\..\..\..\..\Source\WolfSSL\wolfssl\wolfcrypt\random.h(163): error:  #77-D: this declaration has no storage class or type specifier
  WOLFSSL_LOCAL
..\..\..\..\..\Source\WolfSSL\wolfssl\wolfcrypt\random.h(164): error:  #65: expected a ";"
  int wc_GenerateSeed(OS_Seed* os, byte* seed, word32 sz);
..\..\..\..\..\Source\WolfSSL\wolfssl\wolfcrypt\random.h(174): error:  #77-D: this declaration has no storage class or type specifier
  WOLFSSL_API int  wc_InitRng(WC_RNG*);
..\..\..\..\..\Source\WolfSSL\wolfssl\wolfcrypt\random.h(174): error:  #65: expected a ";"
  WOLFSSL_API int  wc_InitRng(WC_RNG*);
..\..\..\..\..\Source\WolfSSL\wolfssl\wolfcrypt\random.h(175): error:  #77-D: this declaration has no storage class or type specifier
  WOLFSSL_API int  wc_InitRng_ex(WC_RNG* rng, void* heap, int devId);
..\..\..\..\..\Source\WolfSSL\wolfssl\wolfcrypt\random.h(175): error:  #65: expected a ";"
  WOLFSSL_API int  wc_InitRng_ex(WC_RNG* rng, void* heap, int devId);
..\..\..\..\..\Source\WolfSSL\wolfssl\wolfcrypt\random.h(176): error:  #77-D: this declaration has no storage class or type specifier
  WOLFSSL_API int  wc_RNG_GenerateBlock(WC_RNG*, byte*, word32 sz);
..\..\..\..\..\Source\WolfSSL\wolfssl\wolfcrypt\random.h(176): error:  #65: expected a ";"
  WOLFSSL_API int  wc_RNG_GenerateBlock(WC_RNG*, byte*, word32 sz);
..\..\..\..\..\Source\WolfSSL\wolfssl\wolfcrypt\random.h(177): error:  #77-D: this declaration has no storage class or type specifier
  WOLFSSL_API int  wc_RNG_GenerateByte(WC_RNG*, byte*);
..\..\..\..\..\Source\WolfSSL\wolfssl\wolfcrypt\random.h(177): error:  #65: expected a ";"
  WOLFSSL_API int  wc_RNG_GenerateByte(WC_RNG*, byte*);
..\..\..\..\..\Source\WolfSSL\wolfssl\wolfcrypt\random.h(178): error:  #77-D: this declaration has no storage class or type specifier
  WOLFSSL_API int  wc_FreeRng(WC_RNG*);
..\..\..\..\..\Source\WolfSSL\wolfssl\wolfcrypt\random.h(178): error:  #65: expected a ";"
  WOLFSSL_API int  wc_FreeRng(WC_RNG*);
..\..\..\..\..\Source\WolfSSL\wolfssl\wolfcrypt\random.h(182): error:  #77-D: this declaration has no storage class or type specifier
      WOLFSSL_LOCAL int wc_RNG_DRBG_Reseed(WC_RNG* rng, const byte* entropy,
..\..\..\..\..\Source\WolfSSL\wolfssl\wolfcrypt\random.h(182): error:  #65: expected a ";"
      WOLFSSL_LOCAL int wc_RNG_DRBG_Reseed(WC_RNG* rng, const byte* entropy,
..\..\..\..\..\Source\WolfSSL\wolfssl\wolfcrypt\random.h(184): error:  #77-D: this declaration has no storage class or type specifier
      WOLFSSL_API int wc_RNG_HealthTest(int reseed,
..\..\..\..\..\Source\WolfSSL\wolfssl\wolfcrypt\random.h(184): error:  #65: expected a ";"
      WOLFSSL_API int wc_RNG_HealthTest(int reseed,
..\..\..\..\..\Source\WolfSSL\wolfssl\wolfcrypt\random.h(187): warning:  #12-D: parsing restarts here after previous syntax error
                                          byte* output, word32 outputSz);
..\..\..\..\..\Source\WolfSSL\wolfssl\wolfcrypt\tfm.h(745): error:  #757: variable "WOLFSSL_API"  is not a type name
  WOLFSSL_API word32 CheckRunTimeFastMath(void);
..\..\..\..\..\Source\WolfSSL\wolfssl\wolfcrypt\tfm.h(745): error:  #65: expected a ";"
  WOLFSSL_API word32 CheckRunTimeFastMath(void);
..\..\..\..\..\Source\WolfSSL\wolfssl\wolfcrypt\wolfmath.h(45): error:  #20: identifier "wolfssl_word" is undefined
          extern const wolfssl_word wc_off_on_addr[2];
..\..\..\..\..\Source\WolfSSL\wolfssl\wolfcrypt\error-crypt.h(224): error:  #77-D: this declaration has no storage class or type specifier
  WOLFSSL_API void wc_ErrorString(int err, char* buff);
..\..\..\..\..\Source\WolfSSL\wolfssl\wolfcrypt\error-crypt.h(224): error:  #65: expected a ";"
  WOLFSSL_API void wc_ErrorString(int err, char* buff);
..\..\..\..\..\Source\WolfSSL\wolfssl\wolfcrypt\error-crypt.h(225): error:  #77-D: this declaration has no storage class or type specifier
  WOLFSSL_API const char* wc_GetErrorString(int error);
..\..\..\..\..\Source\WolfSSL\wolfssl\wolfcrypt\error-crypt.h(225): error:  #65: expected a ";"
  WOLFSSL_API const char* wc_GetErrorString(int error);
..\..\..\..\..\Source\WolfSSL\wolfssl\wolfcrypt\logging.h(93): error:  #77-D: this declaration has no storage class or type specifier
  WOLFSSL_API int wolfSSL_SetLoggingCb(wolfSSL_Logging_cb log_function);
..\..\..\..\..\Source\WolfSSL\wolfssl\wolfcrypt\logging.h(93): error:  #65: expected a ";"
  WOLFSSL_API int wolfSSL_SetLoggingCb(wolfSSL_Logging_cb log_function);
..\..\..\..\..\Source\WolfSSL\wolfssl\wolfcrypt\logging.h(96): error:  #77-D: this declaration has no storage class or type specifier
  WOLFSSL_API int  wolfSSL_Debugging_ON(void);
..\..\..\..\..\Source\WolfSSL\wolfssl\wolfcrypt\logging.h(96): error:  #65: expected a ";"
  WOLFSSL_API int  wolfSSL_Debugging_ON(void);
..\..\..\..\..\Source\WolfSSL\wolfssl\wolfcrypt\logging.h(98): error:  #77-D: this declaration has no storage class or type specifier
  WOLFSSL_API void wolfSSL_Debugging_OFF(void);
..\..\..\..\..\Source\WolfSSL\wolfssl\wolfcrypt\logging.h(98): error:  #65: expected a ";"
  WOLFSSL_API void wolfSSL_Debugging_OFF(void);
..\..\..\..\..\Source\WolfSSL\wolfcrypt\src\wolfmath.c: 2 warnings, 30 errors
compiling system_nrf52.c...
compiling nrf51.c...
..\..\..\..\..\Source\WolfSSL\wolfcrypt\src\port\nrf51.c(41): error:  #5: cannot open source input file "softdevice_handler.h": No such file or directory
      #include "softdevice_handler.h"
..\..\..\..\..\Source\WolfSSL\wolfcrypt\src\port\nrf51.c: 0 warnings, 1 error
".\_build\iTracker.axf" - 959 Error(s), 334 Warning(s).

<h2>Software Packages used:</h2>

Package Vendor: ARM
                http://www.keil.com/pack/ARM.CMSIS.4.5.0.pack
                ARM.CMSIS.4.5.0
                CMSIS (Cortex Microcontroller Software Interface Standard)
   * Component: CORE Version: 4.3.0

Package Vendor: NordicSemiconductor
                http://developer.nordicsemi.com/nRF5_SDK/pieces/nRF_DeviceFamilyPack/NordicSemiconductor.nRF_DeviceFamilyPack.8.14.1.pack
                NordicSemiconductor.nRF_DeviceFamilyPack.8.14.1
                Nordic Semiconductor nRF ARM devices Device Family Pack.
   * Component: Startup Version: 8.14.1

<h2>Collection of Component include folders:</h2>
  .\RTE\_itracker
  F:\software\keil\ARM\PACK\ARM\CMSIS\4.5.0\CMSIS\Include
  F:\software\keil\ARM\PACK\NordicSemiconductor\nRF_DeviceFamilyPack\8.14.1\Device\Include

<h2>Collection of Component Files used:</h2>

   * Component: ARM::CMSIS:CORE:4.3.0

   * Component: NordicSemiconductor::Device:Startup:8.14.1
      Include file:  Device\Include\system_nrf52.h
      Source file:   Device\Source\system_nrf52.c
      Source file:   Device\Source\arm\arm_startup_nrf52.s
Target not created.
Build Time Elapsed:  00:00:53
</pre>
</body>
</html>
